#
# There is insufficient memory for the Java Runtime Environment to continue.
# Native memory allocation (mmap) failed to map 132120576 bytes for G1 virtual space
# Possible reasons:
#   The system is out of physical RAM or swap space
#   The process is running with CompressedOops enabled, and the Java Heap may be blocking the growth of the native heap
# Possible solutions:
#   Reduce memory load on the system
#   Increase physical memory or swap space
#   Check if swap backing store is full
#   Decrease Java heap size (-Xmx/-Xms)
#   Decrease number of Java threads
#   Decrease Java thread stack sizes (-Xss)
#   Set larger code cache with -XX:ReservedCodeCacheSize=
#   JVM is running with Unscaled Compressed Oops mode in which the Java heap is
#     placed in the first 4GB address space. The Java Heap base address is the
#     maximum limit for the native heap growth. Please use -XX:HeapBaseMinAddress
#     to set the Java Heap base and to place the Java Heap above 4GB virtual address.
# This output file may be truncated or incomplete.
#
#  Out of Memory Error (os_windows.cpp:3600), pid=19208, tid=18480
#
# JRE version:  (21.0.2+13) (build )
# Java VM: OpenJDK 64-Bit Server VM (21.0.2+13-58, mixed mode, emulated-client, sharing, tiered, compressed oops, compressed class ptrs, g1 gc, windows-amd64)
# No core dump will be written. Minidumps are not enabled by default on client versions of Windows
#

---------------  S U M M A R Y ------------

Command Line: -XX:TieredStopAtLevel=1 -Dspring.output.ansi.enabled=always -Dcom.sun.management.jmxremote -Dspring.jmx.enabled=true -Dspring.liveBeansView.mbeanDomain -Dspring.application.admin.enabled=true -Dmanagement.endpoints.jmx.exposure.include=* -javaagent:C:\Program Files\JetBrains\IntelliJ IDEA 2023.2\lib\idea_rt.jar=60511:C:\Program Files\JetBrains\IntelliJ IDEA 2023.2\bin -Dfile.encoding=UTF-8 -Dsun.stdout.encoding=UTF-8 -Dsun.stderr.encoding=UTF-8 HistoryAppGradleSecurity.HistoryAppGradleSecurityApplication

Host: Intel(R) Core(TM) i7-8665U CPU @ 1.90GHz, 8 cores, 7G,  Windows 10 , 64 bit Build 19041 (10.0.19041.3636)
Time: Mon May 20 11:36:58 2024 GTB Daylight Time elapsed time: 0.026978 seconds (0d 0h 0m 0s)

---------------  T H R E A D  ---------------

Current thread (0x000001a6be6a2260):  JavaThread "Unknown thread" [_thread_in_vm, id=18480, stack(0x0000009207200000,0x0000009207300000) (1024K)]

Stack: [0x0000009207200000,0x0000009207300000]
Native frames: (J=compiled Java code, j=interpreted, Vv=VM code, C=native code)
V  [jvm.dll+0x6cade9]
V  [jvm.dll+0x8569c1]
V  [jvm.dll+0x858d2e]
V  [jvm.dll+0x859413]
V  [jvm.dll+0x280e56]
V  [jvm.dll+0x6c74d5]
V  [jvm.dll+0x6bbeca]
V  [jvm.dll+0x355bca]
V  [jvm.dll+0x35d816]
V  [jvm.dll+0x3ae67e]
V  [jvm.dll+0x3ae928]
V  [jvm.dll+0x3295dc]
V  [jvm.dll+0x32a16b]
V  [jvm.dll+0x81efa9]
V  [jvm.dll+0x3bba01]
V  [jvm.dll+0x807928]
V  [jvm.dll+0x44f50e]
V  [jvm.dll+0x450e11]
C  [jli.dll+0x52a3]
C  [ucrtbase.dll+0x21bb2]
C  [KERNEL32.DLL+0x17344]
C  [ntdll.dll+0x526b1]


---------------  P R O C E S S  ---------------

Threads class SMR info:
_java_thread_list=0x00007ffda2f6bb88, length=0, elements={
}

Java Threads: ( => current thread )
Total: 0

Other Threads:
  0x000001a6c09a77e0 WorkerThread "GC Thread#0"                     [id=27800, stack(0x0000009207300000,0x0000009207400000) (1024K)]
  0x000001a6c09b92d0 ConcurrentGCThread "G1 Main Marker"            [id=14232, stack(0x0000009207400000,0x0000009207500000) (1024K)]
  0x000001a6c09ba480 WorkerThread "G1 Conc#0"                       [id=4000, stack(0x0000009207500000,0x0000009207600000) (1024K)]

[error occurred during error reporting (printing all threads), id 0xc0000005, EXCEPTION_ACCESS_VIOLATION (0xc0000005) at pc=0x00007ffda26dc6a7]
VM state: not at safepoint (not fully initialized)

VM Mutex/Monitor currently owned by a thread:  ([mutex/lock_event])
[0x00007ffda2fdce68] Heap_lock - owner thread: 0x000001a6be6a2260

Heap address: 0x0000000082e00000, size: 2002 MB, Compressed Oops mode: 32-bit

CDS archive(s) mapped at: [0x0000000000000000-0x0000000000000000-0x0000000000000000), size 0, SharedBaseAddress: 0x0000000800000000, ArchiveRelocationMode: 1.
Narrow klass base: 0x0000000000000000, Narrow klass shift: 0, Narrow klass range: 0x0

GC Precious Log:
 CardTable entry size: 512
 Card Set container configuration: InlinePtr #cards 5 size 8 Array Of Cards #cards 12 size 40 Howl #buckets 4 coarsen threshold 1843 Howl Bitmap #cards 512 size 80 coarsen threshold 460 Card regions per heap region 1 cards per card region 2048

Heap:
 garbage-first heap   total 0K, used 0K [0x0000000082e00000, 0x0000000100000000)
  region size 1024K, 0 young (0K), 0 survivors (0K)

[error occurred during error reporting (printing heap information), id 0xc0000005, EXCEPTION_ACCESS_VIOLATION (0xc0000005) at pc=0x00007ffda2ac39f9]
GC Heap History (0 events):
No events

Dll operation events (1 events):
Event: 0.016 Loaded shared library C:\Users\Plamen Kamenov\.jdks\openjdk-21.0.2\bin\java.dll

Deoptimization events (0 events):
No events

Classes loaded (0 events):
No events

Classes unloaded (0 events):
No events

Classes redefined (0 events):
No events

Internal exceptions (0 events):
No events

ZGC Phase Switch (0 events):
No events

VM Operations (0 events):
No events

Events (0 events):
No events


Dynamic libraries:
0x00007ff79a200000 - 0x00007ff79a20e000 	C:\Users\Plamen Kamenov\.jdks\openjdk-21.0.2\bin\java.exe
0x00007ffe041b0000 - 0x00007ffe043a8000 	C:\Windows\SYSTEM32\ntdll.dll
0x00007ffe021e0000 - 0x00007ffe0229d000 	C:\Windows\System32\KERNEL32.DLL
0x00007ffe01eb0000 - 0x00007ffe021a6000 	C:\Windows\System32\KERNELBASE.dll
0x00007ffe01d80000 - 0x00007ffe01e80000 	C:\Windows\System32\ucrtbase.dll
0x00007ffdf1070000 - 0x00007ffdf1088000 	C:\Users\Plamen Kamenov\.jdks\openjdk-21.0.2\bin\jli.dll
0x00007ffdf09e0000 - 0x00007ffdf09fb000 	C:\Users\Plamen Kamenov\.jdks\openjdk-21.0.2\bin\VCRUNTIME140.dll
0x00007ffe03880000 - 0x00007ffe03a1f000 	C:\Windows\System32\USER32.dll
0x00007ffe021b0000 - 0x00007ffe021d2000 	C:\Windows\System32\win32u.dll
0x00007ffdeb810000 - 0x00007ffdebaaa000 	C:\Windows\WinSxS\amd64_microsoft.windows.common-controls_6595b64144ccf1df_6.0.19041.4355_none_60b8b9eb71f62e16\COMCTL32.dll
0x00007ffe02350000 - 0x00007ffe0237b000 	C:\Windows\System32\GDI32.dll
0x00007ffe03130000 - 0x00007ffe031ce000 	C:\Windows\System32\msvcrt.dll
0x00007ffe01980000 - 0x00007ffe01a97000 	C:\Windows\System32\gdi32full.dll
0x00007ffe01aa0000 - 0x00007ffe01b3d000 	C:\Windows\System32\msvcp_win.dll
0x00007ffe03070000 - 0x00007ffe030a2000 	C:\Windows\System32\IMM32.DLL
0x00007ffdf7e80000 - 0x00007ffdf7e8c000 	C:\Users\Plamen Kamenov\.jdks\openjdk-21.0.2\bin\vcruntime140_1.dll
0x00007ffdc4310000 - 0x00007ffdc439e000 	C:\Users\Plamen Kamenov\.jdks\openjdk-21.0.2\bin\msvcp140.dll
0x00007ffda23a0000 - 0x00007ffda30b7000 	C:\Users\Plamen Kamenov\.jdks\openjdk-21.0.2\bin\server\jvm.dll
0x00007ffe022a0000 - 0x00007ffe02350000 	C:\Windows\System32\ADVAPI32.dll
0x00007ffe03a20000 - 0x00007ffe03ac0000 	C:\Windows\System32\sechost.dll
0x00007ffe03e20000 - 0x00007ffe03f43000 	C:\Windows\System32\RPCRT4.dll
0x00007ffe01e80000 - 0x00007ffe01ea7000 	C:\Windows\System32\bcrypt.dll
0x00007ffe02890000 - 0x00007ffe028fb000 	C:\Windows\System32\WS2_32.dll
0x00007ffe01590000 - 0x00007ffe015db000 	C:\Windows\SYSTEM32\POWRPROF.dll
0x00007ffde5200000 - 0x00007ffde5227000 	C:\Windows\SYSTEM32\WINMM.dll
0x00007ffdf9310000 - 0x00007ffdf931a000 	C:\Windows\SYSTEM32\VERSION.dll
0x00007ffe013c0000 - 0x00007ffe013d2000 	C:\Windows\SYSTEM32\UMPDC.dll
0x00007ffdff680000 - 0x00007ffdff692000 	C:\Windows\SYSTEM32\kernel.appcore.dll
0x00007ffdf7470000 - 0x00007ffdf747a000 	C:\Users\Plamen Kamenov\.jdks\openjdk-21.0.2\bin\jimage.dll
0x00007ffdf95a0000 - 0x00007ffdf9784000 	C:\Windows\SYSTEM32\DBGHELP.DLL
0x00007ffdf9270000 - 0x00007ffdf92a4000 	C:\Windows\SYSTEM32\dbgcore.DLL
0x00007ffe01cf0000 - 0x00007ffe01d72000 	C:\Windows\System32\bcryptPrimitives.dll
0x00007ffdd10f0000 - 0x00007ffdd10ff000 	C:\Users\Plamen Kamenov\.jdks\openjdk-21.0.2\bin\instrument.dll
0x00007ffdd92e0000 - 0x00007ffdd92ff000 	C:\Users\Plamen Kamenov\.jdks\openjdk-21.0.2\bin\java.dll

dbghelp: loaded successfully - version: 4.0.5 - missing functions: none
symbol engine: initialized successfully - sym options: 0x614 - pdb path: .;C:\Users\Plamen Kamenov\.jdks\openjdk-21.0.2\bin;C:\Windows\SYSTEM32;C:\Windows\WinSxS\amd64_microsoft.windows.common-controls_6595b64144ccf1df_6.0.19041.4355_none_60b8b9eb71f62e16;C:\Users\Plamen Kamenov\.jdks\openjdk-21.0.2\bin\server

VM Arguments:
jvm_args: -XX:TieredStopAtLevel=1 -Dspring.output.ansi.enabled=always -Dcom.sun.management.jmxremote -Dspring.jmx.enabled=true -Dspring.liveBeansView.mbeanDomain -Dspring.application.admin.enabled=true -Dmanagement.endpoints.jmx.exposure.include=* -javaagent:C:\Program Files\JetBrains\IntelliJ IDEA 2023.2\lib\idea_rt.jar=60511:C:\Program Files\JetBrains\IntelliJ IDEA 2023.2\bin -Dfile.encoding=UTF-8 -Dsun.stdout.encoding=UTF-8 -Dsun.stderr.encoding=UTF-8 
java_command: HistoryAppGradleSecurity.HistoryAppGradleSecurityApplication
java_class_path (initial): C:\Users\Plamen Kamenov\Desktop\MyPrograming\exercises\SpringAdvanced\AHApp\HistoryAppNew\build\classes\java\main;C:\Users\Plamen Kamenov\Desktop\MyPrograming\exercises\SpringAdvanced\AHApp\HistoryAppNew\build\resources\main;C:\Users\Plamen Kamenov\.gradle\caches\modules-2\files-2.1\org.modelmapper\modelmapper\2.4.2\89454c27642df3de1c5e6fc8986de4d4ce17c1a8\modelmapper-2.4.2.jar;C:\Users\Plamen Kamenov\.gradle\caches\modules-2\files-2.1\org.springframework.boot\spring-boot-starter-data-jpa\3.2.5\99c1272c135f1c44b0c94ed0b65dca9b201323b7\spring-boot-starter-data-jpa-3.2.5.jar;C:\Users\Plamen Kamenov\.gradle\caches\modules-2\files-2.1\org.springframework.boot\spring-boot-starter-security\3.2.5\8ce0f176dfcf9a0b3b5d76babd971057f009961d\spring-boot-starter-security-3.2.5.jar;C:\Users\Plamen Kamenov\.gradle\caches\modules-2\files-2.1\org.springframework.boot\spring-boot-starter-thymeleaf\3.2.5\293a7cb658eba8e0b25cec63609edbebbaa6c4a8\spring-boot-starter-thymeleaf-3.2.5.jar;C:\Users\Plamen Kamenov\.gradle\caches\modules-2\files-2.1\org.springframework.boot\spring-boot-starter-validation\3.2.5\3757dceb20eca3880ee1fb5f07159e42c7f7405\spring-boot-starter-validation-3.2.5.jar;C:\Users\Plamen Kamenov\.gradle\caches\modules-2\files-2.1\org.springframework.boot\spring-boot-starter-web\3.2.5\664d75553c6af42122d4db645f4924a95084e382\spring-boot-starter-web-3.2.5.jar;C:\Users\Plamen Kamenov\.gradle\caches\modules-2\files-2.1\org.thymeleaf.extras\thymeleaf-extras-springsecurity6\3.1.2.RELEASE\574c188eb147191e2f162419e9fc780fcf3256d7\thymeleaf-extras-springsecurity6-3.1.2.RELEASE.jar;C:\Users\Plamen Kamenov\.gradle\caches\modules-2\files-2.1\org.springframework.boot\spring-boot-starter-aop\3.2.5\1c6c5d81e6c7f8b3e255c9e384153e9f52a93d1b\spring-boot-starter-aop-3.2.5.jar;C:\Users\Plamen Kamenov\.gradle\caches\modules-2\files-2.1\org.springframework.boot\spring-boot-starter-jdbc\3.2.5\2fc156645b02bef43dcd4e697ae6f4ba9388a978\spring-boot-starter-jdbc-3.2.5.jar;C:\Users\Plamen Kamenov\.gradle\caches\modules-2\files-2.1\org.hibernate.orm\hibernate-core\6.4.4.Final\5c9decb3c5a70bf7801d41fc32633416c26be069\hibernate-core-6.4.4.Final.jar;C:\Users\Plamen Kamenov\.gradle\caches\modules-2\files-2.1\org.springframework.data\spring-data-jpa\3.2.5\f5c674caedc0132c7865b9a2edaa04b8f5351262\spring-data-jpa-3.2.5.jar;C:\Users\Plamen Kamenov\.gradle\caches\modules-2\files-2.1\org.springframework\spring-aspects\6.1.6\409aba797564c23c08e2307f2df728aed117e914\spring-aspects-6.1.6.jar;C:\Users\Plamen Kamenov\.gradle\caches\modules-2\files-2.1\org.springframework.boot\spring-boot-starter\3.2.5\a9837a876129cc6fe5f3abf1de5ec0a16faaf003\spring-boot-starter-3.2.5.jar;C:\Users\Plamen Kamenov\.gradle\caches\modules-2\files-2.1\org.springframework.security\spring-security-config\6.2.4\ef1f16ce7900f602826b985f15b67bbe60015a08\spring-security-config-6.2.4.jar;C:\Users\Plamen Kamenov\.gradle\caches\modules-2\files-2.1\org.springframework.security\spring-security-web\6.2.4\b4a436865cf6483e088c986432f44d9e90bab6a3\spring-security-web-6.2.4.jar;C:\Users\Plamen Kamenov\.gradle\caches\modules-2\files-2.1\org.springframework\spring-aop\6.1.6\4958f52cb9fcb3adf7e836304550de5431a9347e\spring-aop-6.1.6.jar;C:\Users\Plamen Kamenov\.gradle\caches\modules-2\files-2.1\org.thymeleaf\thymeleaf-spring6\3.1.2.RELEASE\6030c7b4e260c41336f378e53da6e8531263f24b\thymeleaf-spring6-3.1.2.RELEASE.jar;C:\Users\Plamen Kamenov\.gradle\caches\modules-2\files-2.1\org.apache.tomcat.embed\tomcat-embed-el\10.1.20\cc1a42b8228699e92c8eba0187eccf54bf892802\tomcat-embed-el-10.1.20.jar;C:\Users\Plamen Kamenov\.gradle\caches\modules-2\files-2.1\org.hibernate.validator\hibernate-validator\8.0.1.Final\e49e116b3d3928060599b176b3538bb848718e95\hibernate-validator-8.0.1.Final.jar;C:\Users\Plamen Kamenov\.gradle\caches\modules-2\files-2.1\org.springframework.boot\spring-boot-starter-json\3.2.5\6df311af4c242eb95c3526f48ab4f31c384a247e\spring-boot-starter-json-3.2.5.jar;C:\Users\Plamen Kamenov\.gradle\caches\modules-2\files-2.1\org.springframework\spring-webmvc\6.1.6\ef1f76db6d94bac428839cb91fa59235c8356e56\spring-webmvc-6.1.6.jar;C:\Users\Plamen Kamenov\.gradle\caches\modules-2\files-2.1\org.springframework.boot\spring-boot-starter-tomcat\3.2.5\a40ebfa6becb35b419b37e49e33b2822e22cf42a\spring-boot-starter-tomcat-3.2.5.jar;C:\Users\Plamen Kamenov\.gradle\caches\modules-2\files-2.1\org.springframework\spring-web\6.1.6\49a32e3497fe39550da3b280bda5d9933ae2d51d\spring-web-6.1.6.jar;C:\Users\Plamen Kamenov\.gradle\caches\modules-2\files-2.1\org.slf4j\slf4j-api\2.0.13\80229737f704b121a318bba5d5deacbcf395bc77\slf4j-api-2.0.13.jar;C:\Users\Plamen Kamenov\.gradle\caches\modules-2\files-2.1\org.aspectj\aspectjweaver\1.9.22\10736ab74a53af5e2e1b07e76335a5391526b6f8\aspectjweaver-1.9.22.jar;C:\Users\Plamen Kamenov\.gradle\caches\modules-2\files-2.1\com.zaxxer\HikariCP\5.0.1\a74c7f0a37046846e88d54f7cb6ea6d565c65f9c\HikariCP-5.0.1.jar;C:\Users\Plamen Kamenov\.gradle\caches\modules-2\files-2.1\org.springframework\spring-jdbc\6.1.6\3f8a440a49c15264ff438598b715bd00c5a88109\spring-jdbc-6.1.6.jar;C:\Users\Plamen Kamenov\.gradle\caches\modules-2\files-2.1\jakarta.persistence\jakarta.persistence-api\3.1.0\66901fa1c373c6aff65c13791cc11da72060a8d6\jakarta.persistence-api-3.1.0.jar;C:\Users\Plamen Kamenov\.gradle\caches\modules-2\files-2.1\jakarta.transaction\jakarta.transaction-api\2.0.1\51a520e3fae406abb84e2e1148e6746ce3f80a1a\jakarta.transaction-api-2.0.1.jar;C:\Users\Plamen Kamenov\.gradle\caches\modules-2\files-2.1\org.springframework\spring-context\6.1.6\2be30298638975efaf7fff22f1570d79b2679814\spring-context-6.1.6.jar;C:\Users\Plamen Kamenov\.gradle\caches\modules-2\files-2.1\org.springframework.data\spring-data-commons\3.2.5\d4bb5a08fad512b345ae4077bdf0f50c95eed07\spring-data-commons-3.2.5.jar;C:\Users\Plamen Kamenov\.gradle\caches\modules-2\files-2.1\org.springframework\spring-orm\6.1.6\c8687b15d3ae95769cef73626e62ffc7fff7e0bf\spring-orm-6.1.6.jar;C:\Users\Plamen Kamenov\.gradle\caches\modules-2\files-2.1\org.springframework\spring-tx\6.1.6\4e18554fb6669f266108cc838a4619bbc8f7db8d\spring-tx-6.1.6.jar;C:\Users\Plamen Kamenov\.gradle\caches\modules-2\files-2.1\org.springframework\spring-beans\6.1.6\332d80ff134420db4ebf7614758e6a02a9bd3c41\spring-beans-6.1.6.jar;C:\Users\Plamen Kamenov\.gradle\caches\modules-2\files-2.1\org.springframework\spring-core\6.1.6\dea4b8e110b7b54a02a4907e32dbb0adee8a7168\spring-core-6.1.6.jar;C:\Users\Plamen Kamenov\.gradle\caches\modules-2\files-2.1\org.antlr\antlr4-runtime\4.13.0\5a02e48521624faaf5ff4d99afc88b01686af655\antlr4-runtime-4.13.0.jar;C:\Users\Plamen Kamenov\.gradle\caches\modules-2\files-2.1\jakarta.annotation\jakarta.annotation-api\2.1.1\48b9bda22b091b1f48b13af03fe36db3be6e1ae3\jakarta.annotation-api-2.1.1.jar;C:\Users\Plamen Kamenov\.gradle\caches\modules-2\files-2.1\org.springframework.boot\spring-boot-autoconfigure\3.2.5\6385a2c00a03edb896b2833e4bdee2ae53cd69b8\spring-boot-autoconfigure-3.2.5.jar;C:\Users\Plamen Kamenov\.gradle\caches\modules-2\files-2.1\org.springframework.boot\spring-boot\3.2.5\eec72431f6f56a50c9919129665ba3359ca02104\spring-boot-3.2.5.jar;C:\Users\Plamen Kamenov\.gradle\caches\modules-2\files-2.1\org.springframework.boot\spring-boot-starter-logging\3.2.5\28cf3a346da7bb624381ccc21d7a27500181de63\spring-boot-starter-logging-3.2.5.jar;C:\Users\Plamen Kamenov\.gradle\caches\modules-2\files-2.1\org.yaml\snakeyaml\2.2\3af797a25458550a16bf89acc8e4ab2b7f2bfce0\snakeyaml-2.2.jar;C:\Users\Plamen Kamenov\.gradle\caches\modules-2\files-2.1\org.springframework.security\spring-security-core\6.2.4\b1bb9c66df67cd6ecc5548dec8b37341cef11a80\spring-security-core-6.2.4.jar;C:\Users\Plamen Kamenov\.gradle\caches\modules-2\files-2.1\org.springframework\spring-expression\6.1.6\9c3d7f0e17a919a4ea9f087e4e2140ad39776bc8\spring-expression-6.1.6.jar;C:\Users\Plamen Kamenov\.gradle\caches\modules-2\files-2.1\org.thymeleaf\thymeleaf\3.1.2.RELEASE\273997509a4c7aef86cee0521750140c587d9be2\thymeleaf-3.1.2.RELEASE.jar;C:\Users\Plamen Kamenov\.gradle\caches\modules-2\files-2.1\jakarta.validation\jakarta.validation-api\3.0.2\92b6631659ba35ca09e44874d3eb936edfeee532\jakarta.validation-api-3.0.2.jar;C:\Users\Plamen Kamenov\.gradle\caches\modules-2\files-2.1\org.jboss.logging\jboss-logging\3.5.3.Final\c88fc1d8a96d4c3491f55d4317458ccad53ca663\jboss-logging-3.5.3.Final.jar;C:\Users\Plamen Kamenov\.gradle\caches\modules-2\files-2.1\com.fasterxml\classmate\1.6.0\91affab6f84a2182fce5dd72a8d01bc14346dddd\classmate-1.6.0.jar;C:\Users\Plamen Kamenov\.gradle\caches\modules-2\files-2.1\com.fasterxml.jackson.datatype\jackson-datatype-jsr310\2.15.4\7de629770a4559db57128d35ccae7d2fddd35db3\jackson-datatype-jsr310-2.15.4.jar;C:\Users\Plamen Kamenov\.gradle\caches\modules-2\files-2.1\com.fasterxml.jackson.module\jackson-module-parameter-names\2.15.4\e654497a08359db2521b69b5f710e00836915d8c\jackson-module-parameter-names-2.15.4.jar;C:\Users\Plamen Kamenov\.gradle\caches\modules-2\files-2.1\com.fasterxml.jackson.datatype\jackson-datatype-jdk8\2.15.4\694777f182334a21bf1aeab1b04cc4398c801f3f\jackson-datatype-jdk8-2.15.4.jar;C:\Users\Plamen Kamenov\.gradle\caches\modules-2\files-2.1\com.fasterxml.jackson.core\jackson-databind\2.15.4\560309fc381f77d4d15c4a4cdaa0db5025c4fd13\jackson-databind-2.15.4.jar;C:\Users\Plamen Kamenov\.gradle\caches\modules-2\files-2.1\org.apache.tomcat.embed\tomcat-embed-websocket\10.1.20\21502adffaf9e6e4bc2b63a557e348d7f6c0faf7\tomcat-embed-websocket-10.1.20.jar;C:\Users\Plamen Kamenov\.gradle\caches\modules-2\files-2.1\org.apache.tomcat.embed\tomcat-embed-core\10.1.20\ba0dc784e12086f83d8e1d5a10443b166abf5780\tomcat-embed-core-10.1.20.jar;C:\Users\Plamen Kamenov\.gradle\caches\modules-2\files-2.1\io.micrometer\micrometer-observation\1.12.5\ee23704259a1aad5c8f503db4d37cdfe5352e766\micrometer-observation-1.12.5.jar;C:\Users\Plamen Kamenov\.gradle\caches\modules-2\files-2.1\org.springframework\spring-jcl\6.1.6\84cb19b30b22feca73c2ac005ca849c5890935a3\spring-jcl-6.1.6.jar;C:\Users\Plamen Kamenov\.gradle\caches\modules-2\files-2.1\ch.qos.logback\logback-classic\1.4.14\d98bc162275134cdf1518774da4a2a17ef6fb94d\logback-classic-1.4.14.jar;C:\Users\Plamen Kamenov\.gradle\caches\modules-2\files-2.1\org.apache.logging.log4j\log4j-to-slf4j\2.21.1\d77b2ba81711ed596cd797cc2b5b5bd7409d841c\log4j-to-slf4j-2.21.1.jar;C:\Users\Plamen Kamenov\.gradle\caches\modules-2\files-2.1\org.slf4j\jul-to-slf4j\2.0.13\a3bcd9d9dd50c71ce69f06b1fd05e40fdeff6ba5\jul-to-slf4j-2.0.13.jar;C:\Users\Plamen Kamenov\.gradle\caches\modules-2\files-2.1\org.springframework.security\spring-security-crypto\6.2.4\9583253c66bafe7cbf0f082d069b08675331ce78\spring-security-crypto-6.2.4.jar;C:\Users\Plamen Kamenov\.gradle\caches\modules-2\files-2.1\org.attoparser\attoparser\2.0.7.RELEASE\e5d0e988d9124139d645bb5872b24dfa23e283cc\attoparser-2.0.7.RELEASE.jar;C:\Users\Plamen Kamenov\.gradle\caches\modules-2\files-2.1\org.unbescape\unbescape\1.1.6.RELEASE\7b90360afb2b860e09e8347112800d12c12b2a13\unbescape-1.1.6.RELEASE.jar;C:\Users\Plamen Kamenov\.gradle\caches\modules-2\files-2.1\com.fasterxml.jackson.core\jackson-annotations\2.15.4\5223ea5a9bf52cdc9c5e537a0e52f2432eaf208b\jackson-annotations-2.15.4.jar;C:\Users\Plamen Kamenov\.gradle\caches\modules-2\files-2.1\com.fasterxml.jackson.core\jackson-core\2.15.4\aebe84b45360debad94f692a4074c6aceb535fa0\jackson-core-2.15.4.jar;C:\Users\Plamen Kamenov\.gradle\caches\modules-2\files-2.1\io.micrometer\micrometer-commons\1.12.5\da45afd81a6a05267df5ddfe10438ea857e0f7d9\micrometer-commons-1.12.5.jar;C:\Users\Plamen Kamenov\.gradle\caches\modules-2\files-2.1\ch.qos.logback\logback-core\1.4.14\4d3c2248219ac0effeb380ed4c5280a80bf395e8\logback-core-1.4.14.jar;C:\Users\Plamen Kamenov\.gradle\caches\modules-2\files-2.1\org.apache.logging.log4j\log4j-api\2.21.1\74c65e87b9ce1694a01524e192d7be989ba70486\log4j-api-2.21.1.jar;C:\Users\Plamen Kamenov\.gradle\caches\modules-2\files-2.1\org.springframework.boot\spring-boot-devtools\3.2.5\33961c12e7dac4bec89012695462906ef8d7605a\spring-boot-devtools-3.2.5.jar;C:\Users\Plamen Kamenov\.gradle\caches\modules-2\files-2.1\com.mysql\mysql-connector-j\8.3.0\1cc7fa5d61f4bbc113531a4ba6d85d41cf3d57e1\mysql-connector-j-8.3.0.jar;C:\Users\Plamen Kamenov\.gradle\caches\modules-2\files-2.1\org.hibernate.common\hibernate-commons-annotations\6.0.6.Final\77a5f94b56d49508e0ee334751db5b78e5ccd50c\hibernate-commons-annotations-6.0.6.Final.jar;C:\Users\Plamen Kamenov\.gradle\caches\modules-2\files-2.1\io.smallrye\jandex\3.1.2\a6c1c89925c7df06242b03dddb353116ceb9584c\jandex-3.1.2.jar;C:\Users\Plamen Kamenov\.gradle\caches\modules-2\files-2.1\net.bytebuddy\byte-buddy\1.14.13\45cf516d9a23485200950549ff72b204c307fc9d\byte-buddy-1.14.13.jar;C:\Users\Plamen Kamenov\.gradle\caches\modules-2\files-2.1\org.glassfish.jaxb\jaxb-runtime\4.0.5\ca84c2a7169b5293e232b9d00d1e4e36d4c3914a\jaxb-runtime-4.0.5.jar;C:\Users\Plamen Kamenov\.gradle\caches\modules-2\files-2.1\jakarta.xml.bind\jakarta.xml.bind-api\4.0.2\6cd5a999b834b63238005b7144136379dc36cad2\jakarta.xml.bind-api-4.0.2.jar;C:\Users\Plamen Kamenov\.gradle\caches\modules-2\files-2.1\jakarta.inject\jakarta.inject-api\2.0.1\4c28afe1991a941d7702fe1362c365f0a8641d1e\jakarta.inject-api-2.0.1.jar;C:\Users\Plamen Kamenov\.gradle\caches\modules-2\files-2.1\org.glassfish.jaxb\jaxb-core\4.0.5\7b4b11ea5542eea4ad55e1080b23be436795b3\jaxb-core-4.0.5.jar;C:\Users\Plamen Kamenov\.gradle\caches\modules-2\files-2.1\jakarta.activation\jakarta.activation-api\2.1.3\fa165bd70cda600368eee31555222776a46b881f\jakarta.activation-api-2.1.3.jar;C:\Users\Plamen Kamenov\.gradle\caches\modules-2\files-2.1\org.eclipse.angus\angus-activation\2.0.2\41f1e0ddd157c856926ed149ab837d110955a9fc\angus-activation-2.0.2.jar;C:\Users\Plamen Kamenov\.gradle\caches\modules-2\files-2.1\org.glassfish.jaxb\txw2\4.0.5\f36a4ef12120a9bb06d766d6a0e54b144fd7ed98\txw2-4.0.5.jar;C:\Users\Plamen Kamenov\.gradle\caches\modules-2\files-2.1\com.sun.istack\istack-commons-runtime\4.1.2\18ec117c85f3ba0ac65409136afa8e42bc74e739\istack-commons-runtime-4.1.2.jar
Launcher Type: SUN_STANDARD

[Global flags]
     intx CICompilerCount                          = 4                                         {product} {ergonomic}
     uint ConcGCThreads                            = 2                                         {product} {ergonomic}
     uint G1ConcRefinementThreads                  = 8                                         {product} {ergonomic}
   size_t G1HeapRegionSize                         = 1048576                                   {product} {ergonomic}
    uintx GCDrainStackTargetSize                   = 64                                        {product} {ergonomic}
   size_t InitialHeapSize                          = 132120576                                 {product} {ergonomic}
     bool ManagementServer                         = true                                      {product} {command line}
   size_t MarkStackSize                            = 4194304                                   {product} {ergonomic}
   size_t MaxHeapSize                              = 2099249152                                {product} {ergonomic}
   size_t MinHeapDeltaBytes                        = 1048576                                   {product} {ergonomic}
   size_t MinHeapSize                              = 8388608                                   {product} {ergonomic}
    uintx NonNMethodCodeHeapSize                   = 4096                                   {pd product} {ergonomic}
    uintx NonProfiledCodeHeapSize                  = 0                                      {pd product} {ergonomic}
     bool ProfileInterpreter                       = false                                  {pd product} {command line}
    uintx ProfiledCodeHeapSize                     = 0                                      {pd product} {ergonomic}
   size_t SoftMaxHeapSize                          = 2099249152                             {manageable} {ergonomic}
     intx TieredStopAtLevel                        = 1                                         {product} {command line}
     bool UseCompressedOops                        = true                           {product lp64_product} {ergonomic}
     bool UseG1GC                                  = true                                      {product} {ergonomic}
     bool UseLargePagesIndividualAllocation        = false                                  {pd product} {ergonomic}

Logging:
Log output configuration:
 #0: stdout all=warning uptime,level,tags foldmultilines=false
 #1: stderr all=off uptime,level,tags foldmultilines=false

Environment Variables:
PATH=C:\Python312\Scripts\;C:\Python312\;C:\Windows\system32;C:\Windows;C:\Windows\System32\Wbem;C:\Windows\System32\WindowsPowerShell\v1.0\;C:\Windows\System32\OpenSSH\;C:\Program Files\nodejs\;C:\ProgramData\chocolatey\bin;C:\Program Files\Git\cmd;C:\Program Files\dotnet\;C:\Program Files\Microsoft SQL Server\Client SDK\ODBC\170\Tools\Binn\;C:\Program Files (x86)\Microsoft SQL Server\150\Tools\Binn\;C:\Program Files\Microsoft SQL Server\150\Tools\Binn\;C:\Program Files\Microsoft SQL Server\150\DTS\Binn\;C:\Program Files\MySQL\MySQL Shell 8.0\bin\;C:\Users\Plamen Kamenov\AppData\Local\Microsoft\WindowsApps;C:\Users\Plamen Kamenov\AppData\Roaming\npm;C:\Users\Plamen Kamenov\AppData\Local\Programs\Microsoft VS Code\bin
USERNAME=Plamen Kamenov
OS=Windows_NT
PROCESSOR_IDENTIFIER=Intel64 Family 6 Model 142 Stepping 12, GenuineIntel
TMP=C:\Users\PLAMEN~1\AppData\Local\Temp
TEMP=C:\Users\PLAMEN~1\AppData\Local\Temp




Periodic native trim disabled

---------------  S Y S T E M  ---------------

OS:
 Windows 10 , 64 bit Build 19041 (10.0.19041.3636)
OS uptime: 5 days 1:37 hours
Hyper-V role detected

CPU: total 8 (initial active 8) (4 cores per cpu, 2 threads per core) family 6 model 142 stepping 12 microcode 0xf8, cx8, cmov, fxsr, ht, mmx, 3dnowpref, sse, sse2, sse3, ssse3, sse4.1, sse4.2, popcnt, lzcnt, tsc, tscinvbit, avx, avx2, aes, erms, clmul, bmi1, bmi2, adx, fma, vzeroupper, clflush, clflushopt, hv, rdtscp, f16c
Processor Information for all 8 processors :
  Max Mhz: 2112, Current Mhz: 1910, Mhz Limit: 1900

Memory: 4k page, system-wide physical 8006M (1403M free)
TotalPageFile size 30505M (AvailPageFile size 49M)
current process WorkingSet (physical memory assigned to process): 10M, peak: 10M
current process commit charge ("private bytes"): 55M, peak: 181M

vm_info: OpenJDK 64-Bit Server VM (21.0.2+13-58) for windows-amd64 JRE (21.0.2+13-58), built on 2024-01-05T18:32:24Z by "mach5one" with MS VC++ 17.1 (VS2022)

END.
