#
# There is insufficient memory for the Java Runtime Environment to continue.
# Native memory allocation (malloc) failed to allocate 2146096 bytes for Chunk::new
# Possible reasons:
#   The system is out of physical RAM or swap space
#   The process is running with CompressedOops enabled, and the Java Heap may be blocking the growth of the native heap
# Possible solutions:
#   Reduce memory load on the system
#   Increase physical memory or swap space
#   Check if swap backing store is full
#   Decrease Java heap size (-Xmx/-Xms)
#   Decrease number of Java threads
#   Decrease Java thread stack sizes (-Xss)
#   Set larger code cache with -XX:ReservedCodeCacheSize=
#   JVM is running with Unscaled Compressed Oops mode in which the Java heap is
#     placed in the first 4GB address space. The Java Heap base address is the
#     maximum limit for the native heap growth. Please use -XX:HeapBaseMinAddress
#     to set the Java Heap base and to place the Java Heap above 4GB virtual address.
# This output file may be truncated or incomplete.
#
#  Out of Memory Error (./src/hotspot/share/memory/arena.cpp:195), pid=12216, tid=7320
#
# JRE version: OpenJDK Runtime Environment Zulu15.46+17-CA (15.0.10+5) (build 15.0.10+5-MTS)
# Java VM: OpenJDK 64-Bit Server VM Zulu15.46+17-CA (15.0.10+5-MTS, mixed mode, sharing, tiered, compressed oops, g1 gc, windows-amd64)
# No core dump will be written. Minidumps are not enabled by default on client versions of Windows
#

---------------  S U M M A R Y ------------

Command Line: --add-opens=java.base/java.util=ALL-UNNAMED --add-opens=java.base/java.lang=ALL-UNNAMED --add-opens=java.base/java.lang.invoke=ALL-UNNAMED --add-opens=java.prefs/java.util.prefs=ALL-UNNAMED -XX:MaxMetaspaceSize=256m -XX:+HeapDumpOnOutOfMemoryError -Xms256m -Xmx512m -Dfile.encoding=windows-1251 -Duser.country=US -Duser.language=en -Duser.variant org.gradle.launcher.daemon.bootstrap.GradleDaemon 6.8.2

Host: Intel(R) Core(TM) i7-8665U CPU @ 1.90GHz, 8 cores, 7G,  Windows 10 , 64 bit Build 19041 (10.0.19041.3636)
Time: Mon May 20 14:39:15 2024 GTB Daylight Time elapsed time: 15762.122121 seconds (0d 4h 22m 42s)

---------------  T H R E A D  ---------------

Current thread (0x00000273cc42ffa0):  JavaThread "C2 CompilerThread0" daemon [_thread_in_native, id=7320, stack(0x000000c5c5300000,0x000000c5c5400000)]


Current CompileTask:
C2:15762122 15436       4       org.gradle.api.internal.artifacts.ivyservice.modulecache.ModuleMetadataSerializer::read (35 bytes)

Stack: [0x000000c5c5300000,0x000000c5c5400000]
Native frames: (J=compiled Java code, j=interpreted, Vv=VM code, C=native code)
V  [jvm.dll+0x6037ba]
V  [jvm.dll+0x7a3729]
V  [jvm.dll+0x7a4e83]
V  [jvm.dll+0x7a54d3]
V  [jvm.dll+0x1fccf8]
V  [jvm.dll+0x9984a]
V  [jvm.dll+0x99f3c]
V  [jvm.dll+0x311ee8]
V  [jvm.dll+0x2db2b8]
V  [jvm.dll+0x2da61a]
V  [jvm.dll+0x1d27e9]
V  [jvm.dll+0x1d1c28]
V  [jvm.dll+0x1649b7]
V  [jvm.dll+0x1e0aa4]
V  [jvm.dll+0x1debeb]
V  [jvm.dll+0x76824d]
V  [jvm.dll+0x76114a]
V  [jvm.dll+0x602566]
C  [ucrtbase.dll+0x21bb2]
C  [KERNEL32.DLL+0x17344]
C  [ntdll.dll+0x526b1]


---------------  P R O C E S S  ---------------

Threads class SMR info:
_java_thread_list=0x00000273d06e8e30, length=65, elements={
0x00000273aef36210, 0x00000273cc40ad80, 0x00000273cc40d870, 0x00000273cc42a110,
0x00000273cc42c9e0, 0x00000273cc42f2b0, 0x00000273cc42ffa0, 0x00000273cc436a80,
0x00000273ccde0040, 0x00000273cce97e70, 0x00000273ccec4ed0, 0x00000273cd7d3730,
0x00000273ce9480d0, 0x00000273ce0fa560, 0x00000273ce3693d0, 0x00000273ce36b0b0,
0x00000273ce3698a0, 0x00000273ce36a710, 0x00000273ceb02250, 0x00000273d1261d90,
0x00000273ce36b580, 0x00000273ce368090, 0x00000273ce368560, 0x00000273ce368f00,
0x00000273d125e8a0, 0x00000273d125c6f0, 0x00000273d1260580, 0x00000273d125da30,
0x00000273d12613f0, 0x00000273d1260a50, 0x00000273d125ed70, 0x00000273d125d560,
0x00000273d1262730, 0x00000273d125fbe0, 0x00000273d125df00, 0x00000273d125e3d0,
0x00000273d125f240, 0x00000273d1262c00, 0x00000273d1260f20, 0x00000273d12618c0,
0x00000273d12630d0, 0x00000273d125c220, 0x00000273d125b880, 0x00000273d125bd50,
0x00000273d125cbc0, 0x00000273ceafc6e0, 0x00000273ceb000a0, 0x00000273ceafc210,
0x00000273ceafcbb0, 0x00000273ceafb870, 0x00000273ceb01d80, 0x00000273ceaff700,
0x00000273ceafbd40, 0x00000273ceaff230, 0x00000273ceafda20, 0x00000273ceafdef0,
0x00000273ceafb3a0, 0x00000273ceafe3c0, 0x00000273ceb018b0, 0x00000273ceb00570,
0x00000273ceafe890, 0x00000273ceb00a40, 0x00000273ceb00f10, 0x00000273ceb013e0,
0x00000273ceb02720
}

Java Threads: ( => current thread )
  0x00000273aef36210 JavaThread "main" [_thread_blocked, id=28872, stack(0x000000c5c4700000,0x000000c5c4800000)]
  0x00000273cc40ad80 JavaThread "Reference Handler" daemon [_thread_blocked, id=28760, stack(0x000000c5c4e00000,0x000000c5c4f00000)]
  0x00000273cc40d870 JavaThread "Finalizer" daemon [_thread_blocked, id=2636, stack(0x000000c5c4f00000,0x000000c5c5000000)]
  0x00000273cc42a110 JavaThread "Signal Dispatcher" daemon [_thread_blocked, id=28264, stack(0x000000c5c5000000,0x000000c5c5100000)]
  0x00000273cc42c9e0 JavaThread "Attach Listener" daemon [_thread_blocked, id=12016, stack(0x000000c5c5100000,0x000000c5c5200000)]
  0x00000273cc42f2b0 JavaThread "Service Thread" daemon [_thread_blocked, id=24060, stack(0x000000c5c5200000,0x000000c5c5300000)]
=>0x00000273cc42ffa0 JavaThread "C2 CompilerThread0" daemon [_thread_in_native, id=7320, stack(0x000000c5c5300000,0x000000c5c5400000)]
  0x00000273cc436a80 JavaThread "C1 CompilerThread0" daemon [_thread_blocked, id=2256, stack(0x000000c5c5400000,0x000000c5c5500000)]
  0x00000273ccde0040 JavaThread "Sweeper thread" daemon [_thread_blocked, id=20584, stack(0x000000c5c5500000,0x000000c5c5600000)]
  0x00000273cce97e70 JavaThread "Common-Cleaner" daemon [_thread_blocked, id=23392, stack(0x000000c5c5600000,0x000000c5c5700000)]
  0x00000273ccec4ed0 JavaThread "Notification Thread" daemon [_thread_blocked, id=628, stack(0x000000c5c5700000,0x000000c5c5800000)]
  0x00000273cd7d3730 JavaThread "Daemon health stats" [_thread_blocked, id=17608, stack(0x000000c5c5f00000,0x000000c5c6000000)]
  0x00000273ce9480d0 JavaThread "Incoming local TCP Connector on port 57164" [_thread_in_native, id=836, stack(0x000000c5c6200000,0x000000c5c6300000)]
  0x00000273ce0fa560 JavaThread "Daemon periodic checks" [_thread_in_native, id=23316, stack(0x000000c5c6400000,0x000000c5c6500000)]
  0x00000273ce3693d0 JavaThread "Cache worker for file hash cache (C:\Users\Plamen Kamenov\.gradle\caches\6.8.2\fileHashes)" [_thread_blocked, id=10552, stack(0x000000c5c6b00000,0x000000c5c6c00000)]
  0x00000273ce36b0b0 JavaThread "File lock request listener" [_thread_in_native, id=28704, stack(0x000000c5c6c00000,0x000000c5c6d00000)]
  0x00000273ce3698a0 JavaThread "Cache worker for journal cache (C:\Users\Plamen Kamenov\.gradle\caches\journal-1)" [_thread_blocked, id=27408, stack(0x000000c5c6d00000,0x000000c5c6e00000)]
  0x00000273ce36a710 JavaThread "Cache worker for execution history cache (C:\Users\Plamen Kamenov\.gradle\caches\6.8.2\executionHistory)" [_thread_blocked, id=26264, stack(0x000000c5c7300000,0x000000c5c7400000)]
  0x00000273ceb02250 JavaThread "Cache worker for file content cache (C:\Users\Plamen Kamenov\.gradle\caches\6.8.2\fileContent)" [_thread_blocked, id=14852, stack(0x000000c5c7800000,0x000000c5c7900000)]
  0x00000273d1261d90 JavaThread "Memory manager" [_thread_blocked, id=9364, stack(0x000000c5c4500000,0x000000c5c4600000)]
  0x00000273ce36b580 JavaThread "Daemon Thread 24" [_thread_blocked, id=11684, stack(0x000000c5c4600000,0x000000c5c4700000)]
  0x00000273ce368090 JavaThread "Handler for socket connection from /127.0.0.1:57164 to /127.0.0.1:51993" [_thread_in_native, id=5804, stack(0x000000c5c5900000,0x000000c5c5a00000)]
  0x00000273ce368560 JavaThread "Cancel handler" [_thread_blocked, id=20972, stack(0x000000c5c6000000,0x000000c5c6100000)]
  0x00000273ce368f00 JavaThread "Daemon worker Thread 23" [_thread_in_native, id=2064, stack(0x000000c5c6100000,0x000000c5c6200000)]
  0x00000273d125e8a0 JavaThread "Asynchronous log dispatcher for DefaultDaemonConnection: socket connection from /127.0.0.1:57164 to /127.0.0.1:51993" [_thread_in_native, id=28572, stack(0x000000c5c6300000,0x000000c5c6400000)]
  0x00000273d125c6f0 JavaThread "Stdin handler" [_thread_blocked, id=10252, stack(0x000000c5c6500000,0x000000c5c6600000)]
  0x00000273d1260580 JavaThread "Daemon client event forwarder" [_thread_blocked, id=15908, stack(0x000000c5c6600000,0x000000c5c6700000)]
  0x00000273d125da30 JavaThread "Cache worker for file hash cache (C:\Users\Plamen Kamenov\Desktop\MyPrograming\exercises\SpringAdvanced\MusicSpringApp\softuni-music-db-master\.gradle\6.8.2\fileHashes)" [_thread_blocked, id=23360, stack(0x000000c5c6700000,0x000000c5c6800000)]
  0x00000273d12613f0 JavaThread "Cache worker for checksums cache (C:\Users\Plamen Kamenov\Desktop\MyPrograming\exercises\SpringAdvanced\MusicSpringApp\softuni-music-db-master\.gradle\checksums)" [_thread_blocked, id=1660, stack(0x000000c5c6800000,0x000000c5c6900000)]
  0x00000273d1260a50 JavaThread "Cache worker for cache directory md-supplier (C:\Users\Plamen Kamenov\.gradle\caches\6.8.2\md-supplier)" [_thread_blocked, id=17720, stack(0x000000c5c6900000,0x000000c5c6a00000)]
  0x00000273d125ed70 JavaThread "Cache worker for cache directory md-rule (C:\Users\Plamen Kamenov\.gradle\caches\6.8.2\md-rule)" [_thread_blocked, id=15116, stack(0x000000c5c6a00000,0x000000c5c6b00000)]
  0x00000273d125d560 JavaThread "Cache worker for Build Output Cleanup Cache (C:\Users\Plamen Kamenov\Desktop\MyPrograming\exercises\SpringAdvanced\MusicSpringApp\softuni-music-db-master\.gradle\buildOutputCleanup)" [_thread_blocked, id=25808, stack(0x000000c5c6e00000,0x000000c5c6f00000)]
  0x00000273d1262730 JavaThread "Build operations" [_thread_blocked, id=11544, stack(0x000000c5c6f00000,0x000000c5c7000000)]
  0x00000273d125fbe0 JavaThread "Build operations Thread 2" [_thread_blocked, id=3364, stack(0x000000c5c7000000,0x000000c5c7100000)]
  0x00000273d125df00 JavaThread "Build operations Thread 3" [_thread_blocked, id=27336, stack(0x000000c5c7100000,0x000000c5c7200000)]
  0x00000273d125e3d0 JavaThread "Build operations Thread 4" [_thread_blocked, id=11328, stack(0x000000c5c7200000,0x000000c5c7300000)]
  0x00000273d125f240 JavaThread "Build operations Thread 5" [_thread_blocked, id=24656, stack(0x000000c5c7700000,0x000000c5c7800000)]
  0x00000273d1262c00 JavaThread "Build operations Thread 6" [_thread_blocked, id=12500, stack(0x000000c5c7900000,0x000000c5c7a00000)]
  0x00000273d1260f20 JavaThread "Build operations Thread 7" [_thread_blocked, id=18744, stack(0x000000c5c7a00000,0x000000c5c7b00000)]
  0x00000273d12618c0 JavaThread "Build operations Thread 8" [_thread_blocked, id=1768, stack(0x000000c5c7b00000,0x000000c5c7c00000)]
  0x00000273d12630d0 JavaThread "jar transforms Thread 409" [_thread_blocked, id=26704, stack(0x000000c5c7c00000,0x000000c5c7d00000)]
  0x00000273d125c220 JavaThread "jar transforms Thread 410" [_thread_blocked, id=10360, stack(0x000000c5c7d00000,0x000000c5c7e00000)]
  0x00000273d125b880 JavaThread "jar transforms Thread 411" [_thread_blocked, id=21016, stack(0x000000c5c7e00000,0x000000c5c7f00000)]
  0x00000273d125bd50 JavaThread "jar transforms Thread 412" [_thread_blocked, id=19200, stack(0x000000c5c7f00000,0x000000c5c8000000)]
  0x00000273d125cbc0 JavaThread "jar transforms Thread 413" [_thread_blocked, id=26160, stack(0x000000c5c8000000,0x000000c5c8100000)]
  0x00000273ceafc6e0 JavaThread "jar transforms Thread 414" [_thread_blocked, id=21248, stack(0x000000c5c8100000,0x000000c5c8200000)]
  0x00000273ceb000a0 JavaThread "jar transforms Thread 415" [_thread_blocked, id=6568, stack(0x000000c5c8200000,0x000000c5c8300000)]
  0x00000273ceafc210 JavaThread "jar transforms Thread 416" [_thread_blocked, id=19104, stack(0x000000c5c8300000,0x000000c5c8400000)]
  0x00000273ceafcbb0 JavaThread "jar transforms Thread 417" [_thread_blocked, id=23736, stack(0x000000c5c8400000,0x000000c5c8500000)]
  0x00000273ceafb870 JavaThread "jar transforms Thread 418" [_thread_blocked, id=2972, stack(0x000000c5c8500000,0x000000c5c8600000)]
  0x00000273ceb01d80 JavaThread "jar transforms Thread 419" [_thread_blocked, id=11220, stack(0x000000c5c8600000,0x000000c5c8700000)]
  0x00000273ceaff700 JavaThread "jar transforms Thread 420" [_thread_blocked, id=19020, stack(0x000000c5c8700000,0x000000c5c8800000)]
  0x00000273ceafbd40 JavaThread "jar transforms Thread 421" [_thread_blocked, id=13980, stack(0x000000c5c8800000,0x000000c5c8900000)]
  0x00000273ceaff230 JavaThread "jar transforms Thread 422" [_thread_blocked, id=22172, stack(0x000000c5c8900000,0x000000c5c8a00000)]
  0x00000273ceafda20 JavaThread "jar transforms Thread 423" [_thread_blocked, id=28536, stack(0x000000c5c8a00000,0x000000c5c8b00000)]
  0x00000273ceafdef0 JavaThread "jar transforms Thread 424" [_thread_blocked, id=29004, stack(0x000000c5c8b00000,0x000000c5c8c00000)]
  0x00000273ceafb3a0 JavaThread "jar transforms Thread 425" [_thread_blocked, id=22024, stack(0x000000c5c8c00000,0x000000c5c8d00000)]
  0x00000273ceafe3c0 JavaThread "Execution worker for ':'" [_thread_blocked, id=22484, stack(0x000000c5c8d00000,0x000000c5c8e00000)]
  0x00000273ceb018b0 JavaThread "Execution worker for ':' Thread 2" [_thread_blocked, id=2948, stack(0x000000c5c8e00000,0x000000c5c8f00000)]
  0x00000273ceb00570 JavaThread "Execution worker for ':' Thread 3" [_thread_blocked, id=3836, stack(0x000000c5c8f00000,0x000000c5c9000000)]
  0x00000273ceafe890 JavaThread "Execution worker for ':' Thread 4" [_thread_blocked, id=25236, stack(0x000000c5c9000000,0x000000c5c9100000)]
  0x00000273ceb00a40 JavaThread "Execution worker for ':' Thread 5" [_thread_blocked, id=19144, stack(0x000000c5c9100000,0x000000c5c9200000)]
  0x00000273ceb00f10 JavaThread "Execution worker for ':' Thread 6" [_thread_blocked, id=24868, stack(0x000000c5c9200000,0x000000c5c9300000)]
  0x00000273ceb013e0 JavaThread "Execution worker for ':' Thread 7" [_thread_blocked, id=13976, stack(0x000000c5c9300000,0x000000c5c9400000)]
  0x00000273ceb02720 JavaThread "Cache worker for execution history cache (C:\Users\Plamen Kamenov\Desktop\MyPrograming\exercises\SpringAdvanced\MusicSpringApp\softuni-music-db-master\.gradle\6.8.2\executionHistory)" [_thread_blocked, id=29592, stack(0x000000c5c9400000,0x000000c5c9500000)]

Other Threads:
  0x00000273cc407f10 VMThread "VM Thread" [stack: 0x000000c5c4d00000,0x000000c5c4e00000] [id=25132]
  0x00000273ccec5c70 WatcherThread [stack: 0x000000c5c5800000,0x000000c5c5900000] [id=27852]
  0x00000273aef62eb0 GCTaskThread "GC Thread#0" [stack: 0x000000c5c4800000,0x000000c5c4900000] [id=15956]
  0x00000273cd657120 GCTaskThread "GC Thread#1" [stack: 0x000000c5c5a00000,0x000000c5c5b00000] [id=23432]
  0x00000273cd657450 GCTaskThread "GC Thread#2" [stack: 0x000000c5c5b00000,0x000000c5c5c00000] [id=14936]
  0x00000273cd657de0 GCTaskThread "GC Thread#3" [stack: 0x000000c5c5c00000,0x000000c5c5d00000] [id=25140]
  0x00000273cd658110 GCTaskThread "GC Thread#4" [stack: 0x000000c5c5d00000,0x000000c5c5e00000] [id=728]
  0x00000273cd658440 GCTaskThread "GC Thread#5" [stack: 0x000000c5c5e00000,0x000000c5c5f00000] [id=18364]
  0x00000273cd656460 GCTaskThread "GC Thread#6" [stack: 0x000000c5c7400000,0x000000c5c7500000] [id=11124]
  0x00000273cd656790 GCTaskThread "GC Thread#7" [stack: 0x000000c5c7500000,0x000000c5c7600000] [id=26372]
  0x00000273aef67f10 ConcurrentGCThread "G1 Main Marker" [stack: 0x000000c5c4900000,0x000000c5c4a00000] [id=7552]
  0x00000273aef68a10 ConcurrentGCThread "G1 Conc#0" [stack: 0x000000c5c4a00000,0x000000c5c4b00000] [id=21332]
  0x00000273cd656ac0 ConcurrentGCThread "G1 Conc#1" [stack: 0x000000c5c7600000,0x000000c5c7700000] [id=12520]
  0x00000273af00c150 ConcurrentGCThread "G1 Refine#0" [stack: 0x000000c5c4b00000,0x000000c5c4c00000] [id=19480]
  0x00000273af00cc60 ConcurrentGCThread "G1 Young RemSet Sampling" [stack: 0x000000c5c4c00000,0x000000c5c4d00000] [id=29120]

Threads with active compile tasks:
C2 CompilerThread0  15762181 15436       4       org.gradle.api.internal.artifacts.ivyservice.modulecache.ModuleMetadataSerializer::read (35 bytes)

VM state: not at safepoint (normal execution)

VM Mutex/Monitor currently owned by a thread: None

Heap address: 0x00000000e0000000, size: 512 MB, Compressed Oops mode: 32-bit
CDS archive(s) mapped at: [0x0000000800000000-0x0000000800b50000-0x0000000800b50000), size 11862016, SharedBaseAddress: 0x0000000800000000, ArchiveRelocationMode: 0.
Compressed class space mapped at: 0x0000000800b50000-0x0000000810350000, size: 260046848
Narrow klass base: 0x0000000800000000, Narrow klass shift: 3, Narrow klass range: 0x100000000

GC Precious Log:
 CPUs: 8 total, 8 available
 Memory: 8006M
 Large Page Support: Disabled
 NUMA Support: Disabled
 Compressed Oops: Enabled (32-bit)
 Heap Region Size: 1M
 Heap Min Capacity: 256M
 Heap Initial Capacity: 256M
 Heap Max Capacity: 512M
 Pre-touch: Disabled
 Parallel Workers: 8
 Concurrent Workers: 2
 Concurrent Refinement Workers: 8
 Periodic GC: Disabled

Heap:
 garbage-first heap   total 262144K, used 137216K [0x00000000e0000000, 0x0000000100000000)
  region size 1024K, 97 young (99328K), 7 survivors (7168K)
 Metaspace       used 53613K, capacity 55251K, committed 55472K, reserved 303104K
  class space    used 6611K, capacity 7126K, committed 7168K, reserved 253952K

Heap Regions: E=young(eden), S=young(survivor), O=old, HS=humongous(starts), HC=humongous(continues), CS=collection set, F=free, OA=open archive, CA=closed archive, TAMS=top-at-mark-start (previous, next)
|   0|0x00000000e0000000, 0x00000000e0100000, 0x00000000e0100000|100%| O|  |TAMS 0x00000000e0100000, 0x00000000e0000000| Untracked 
|   1|0x00000000e0100000, 0x00000000e0200000, 0x00000000e0200000|100%| O|  |TAMS 0x00000000e0200000, 0x00000000e0100000| Untracked 
|   2|0x00000000e0200000, 0x00000000e0300000, 0x00000000e0300000|100%| O|  |TAMS 0x00000000e02e1e00, 0x00000000e0200000| Untracked 
|   3|0x00000000e0300000, 0x00000000e0400000, 0x00000000e0400000|100%|HS|  |TAMS 0x00000000e0400000, 0x00000000e0300000| Complete 
|   4|0x00000000e0400000, 0x00000000e0500000, 0x00000000e0500000|100%|HC|  |TAMS 0x00000000e0500000, 0x00000000e0400000| Complete 
|   5|0x00000000e0500000, 0x00000000e0600000, 0x00000000e0600000|100%|HC|  |TAMS 0x00000000e0600000, 0x00000000e0500000| Complete 
|   6|0x00000000e0600000, 0x00000000e0700000, 0x00000000e0700000|100%| O|  |TAMS 0x00000000e0700000, 0x00000000e0600000| Untracked 
|   7|0x00000000e0700000, 0x00000000e0800000, 0x00000000e0800000|100%| O|  |TAMS 0x00000000e0800000, 0x00000000e0700000| Untracked 
|   8|0x00000000e0800000, 0x00000000e0900000, 0x00000000e0900000|100%| O|  |TAMS 0x00000000e0900000, 0x00000000e0800000| Untracked 
|   9|0x00000000e0900000, 0x00000000e0a00000, 0x00000000e0a00000|100%| O|  |TAMS 0x00000000e0900000, 0x00000000e0900000| Untracked 
|  10|0x00000000e0a00000, 0x00000000e0b00000, 0x00000000e0b00000|100%| O|  |TAMS 0x00000000e0a00000, 0x00000000e0a00000| Untracked 
|  11|0x00000000e0b00000, 0x00000000e0c00000, 0x00000000e0c00000|100%| O|  |TAMS 0x00000000e0b00000, 0x00000000e0b00000| Untracked 
|  12|0x00000000e0c00000, 0x00000000e0d00000, 0x00000000e0d00000|100%| O|  |TAMS 0x00000000e0c00000, 0x00000000e0c00000| Untracked 
|  13|0x00000000e0d00000, 0x00000000e0e00000, 0x00000000e0e00000|100%| O|  |TAMS 0x00000000e0d00000, 0x00000000e0d00000| Untracked 
|  14|0x00000000e0e00000, 0x00000000e0f00000, 0x00000000e0f00000|100%| O|  |TAMS 0x00000000e0e00000, 0x00000000e0e00000| Untracked 
|  15|0x00000000e0f00000, 0x00000000e1000000, 0x00000000e1000000|100%| O|  |TAMS 0x00000000e0f00000, 0x00000000e0f00000| Untracked 
|  16|0x00000000e1000000, 0x00000000e1100000, 0x00000000e1100000|100%| O|  |TAMS 0x00000000e1000000, 0x00000000e1000000| Untracked 
|  17|0x00000000e1100000, 0x00000000e1200000, 0x00000000e1200000|100%| O|  |TAMS 0x00000000e1100000, 0x00000000e1100000| Untracked 
|  18|0x00000000e1200000, 0x00000000e1300000, 0x00000000e1300000|100%| O|  |TAMS 0x00000000e1200000, 0x00000000e1200000| Untracked 
|  19|0x00000000e1300000, 0x00000000e1400000, 0x00000000e1400000|100%| O|  |TAMS 0x00000000e1300000, 0x00000000e1300000| Untracked 
|  20|0x00000000e1400000, 0x00000000e1500000, 0x00000000e1500000|100%| O|  |TAMS 0x00000000e1400000, 0x00000000e1400000| Untracked 
|  21|0x00000000e1500000, 0x00000000e1600000, 0x00000000e1600000|100%| O|  |TAMS 0x00000000e1500000, 0x00000000e1500000| Untracked 
|  22|0x00000000e1600000, 0x00000000e1700000, 0x00000000e1700000|100%| O|  |TAMS 0x00000000e1600000, 0x00000000e1600000| Untracked 
|  23|0x00000000e1700000, 0x00000000e1800000, 0x00000000e1800000|100%| O|  |TAMS 0x00000000e1700000, 0x00000000e1700000| Untracked 
|  24|0x00000000e1800000, 0x00000000e1900000, 0x00000000e1900000|100%| O|  |TAMS 0x00000000e1800000, 0x00000000e1800000| Untracked 
|  25|0x00000000e1900000, 0x00000000e1a00000, 0x00000000e1a00000|100%| O|  |TAMS 0x00000000e1900000, 0x00000000e1900000| Untracked 
|  26|0x00000000e1a00000, 0x00000000e1b00000, 0x00000000e1b00000|100%| O|  |TAMS 0x00000000e1a00000, 0x00000000e1a00000| Untracked 
|  27|0x00000000e1b00000, 0x00000000e1c00000, 0x00000000e1c00000|100%| O|  |TAMS 0x00000000e1b00000, 0x00000000e1b00000| Untracked 
|  28|0x00000000e1c00000, 0x00000000e1d00000, 0x00000000e1d00000|100%| O|  |TAMS 0x00000000e1c00000, 0x00000000e1c00000| Untracked 
|  29|0x00000000e1d00000, 0x00000000e1e00000, 0x00000000e1e00000|100%| O|  |TAMS 0x00000000e1d00000, 0x00000000e1d00000| Untracked 
|  30|0x00000000e1e00000, 0x00000000e1f00000, 0x00000000e1f00000|100%| O|  |TAMS 0x00000000e1e00000, 0x00000000e1e00000| Untracked 
|  31|0x00000000e1f00000, 0x00000000e2000000, 0x00000000e2000000|100%| O|  |TAMS 0x00000000e1f00000, 0x00000000e1f00000| Untracked 
|  32|0x00000000e2000000, 0x00000000e2100000, 0x00000000e2100000|100%| O|  |TAMS 0x00000000e2000000, 0x00000000e2000000| Untracked 
|  33|0x00000000e2100000, 0x00000000e2200000, 0x00000000e2200000|100%| O|  |TAMS 0x00000000e2100000, 0x00000000e2100000| Untracked 
|  34|0x00000000e2200000, 0x00000000e2300000, 0x00000000e2300000|100%| O|  |TAMS 0x00000000e2200000, 0x00000000e2200000| Untracked 
|  35|0x00000000e2300000, 0x00000000e2400000, 0x00000000e2400000|100%| O|  |TAMS 0x00000000e2300000, 0x00000000e2300000| Untracked 
|  36|0x00000000e2400000, 0x00000000e2500000, 0x00000000e2500000|100%| O|  |TAMS 0x00000000e2400000, 0x00000000e2400000| Untracked 
|  37|0x00000000e2500000, 0x00000000e2600000, 0x00000000e2600000|100%| O|  |TAMS 0x00000000e2500000, 0x00000000e2500000| Untracked 
|  38|0x00000000e2600000, 0x00000000e2700000, 0x00000000e2700000|100%| O|  |TAMS 0x00000000e2600000, 0x00000000e2600000| Untracked 
|  39|0x00000000e2700000, 0x00000000e27b0200, 0x00000000e2800000| 68%| O|  |TAMS 0x00000000e2700000, 0x00000000e2700000| Untracked 
|  40|0x00000000e2800000, 0x00000000e2800000, 0x00000000e2900000|  0%| F|  |TAMS 0x00000000e2800000, 0x00000000e2800000| Untracked 
|  41|0x00000000e2900000, 0x00000000e2900000, 0x00000000e2a00000|  0%| F|  |TAMS 0x00000000e2900000, 0x00000000e2900000| Untracked 
|  42|0x00000000e2a00000, 0x00000000e2a00000, 0x00000000e2b00000|  0%| F|  |TAMS 0x00000000e2a00000, 0x00000000e2a00000| Untracked 
|  43|0x00000000e2b00000, 0x00000000e2b00000, 0x00000000e2c00000|  0%| F|  |TAMS 0x00000000e2b00000, 0x00000000e2b00000| Untracked 
|  44|0x00000000e2c00000, 0x00000000e2c00000, 0x00000000e2d00000|  0%| F|  |TAMS 0x00000000e2c00000, 0x00000000e2c00000| Untracked 
|  45|0x00000000e2d00000, 0x00000000e2d00000, 0x00000000e2e00000|  0%| F|  |TAMS 0x00000000e2d00000, 0x00000000e2d00000| Untracked 
|  46|0x00000000e2e00000, 0x00000000e2e00000, 0x00000000e2f00000|  0%| F|  |TAMS 0x00000000e2e00000, 0x00000000e2e00000| Untracked 
|  47|0x00000000e2f00000, 0x00000000e2f00000, 0x00000000e3000000|  0%| F|  |TAMS 0x00000000e2f00000, 0x00000000e2f00000| Untracked 
|  48|0x00000000e3000000, 0x00000000e3000000, 0x00000000e3100000|  0%| F|  |TAMS 0x00000000e3000000, 0x00000000e3000000| Untracked 
|  49|0x00000000e3100000, 0x00000000e3100000, 0x00000000e3200000|  0%| F|  |TAMS 0x00000000e3100000, 0x00000000e3100000| Untracked 
|  50|0x00000000e3200000, 0x00000000e3200000, 0x00000000e3300000|  0%| F|  |TAMS 0x00000000e3200000, 0x00000000e3200000| Untracked 
|  51|0x00000000e3300000, 0x00000000e3300000, 0x00000000e3400000|  0%| F|  |TAMS 0x00000000e3300000, 0x00000000e3300000| Untracked 
|  52|0x00000000e3400000, 0x00000000e3400000, 0x00000000e3500000|  0%| F|  |TAMS 0x00000000e3400000, 0x00000000e3400000| Untracked 
|  53|0x00000000e3500000, 0x00000000e3500000, 0x00000000e3600000|  0%| F|  |TAMS 0x00000000e3500000, 0x00000000e3500000| Untracked 
|  54|0x00000000e3600000, 0x00000000e3600000, 0x00000000e3700000|  0%| F|  |TAMS 0x00000000e3600000, 0x00000000e3600000| Untracked 
|  55|0x00000000e3700000, 0x00000000e3700000, 0x00000000e3800000|  0%| F|  |TAMS 0x00000000e3700000, 0x00000000e3700000| Untracked 
|  56|0x00000000e3800000, 0x00000000e3800000, 0x00000000e3900000|  0%| F|  |TAMS 0x00000000e3800000, 0x00000000e3800000| Untracked 
|  57|0x00000000e3900000, 0x00000000e3900000, 0x00000000e3a00000|  0%| F|  |TAMS 0x00000000e3900000, 0x00000000e3900000| Untracked 
|  58|0x00000000e3a00000, 0x00000000e3a00000, 0x00000000e3b00000|  0%| F|  |TAMS 0x00000000e3a00000, 0x00000000e3a00000| Untracked 
|  59|0x00000000e3b00000, 0x00000000e3b00000, 0x00000000e3c00000|  0%| F|  |TAMS 0x00000000e3b00000, 0x00000000e3b00000| Untracked 
|  60|0x00000000e3c00000, 0x00000000e3c00000, 0x00000000e3d00000|  0%| F|  |TAMS 0x00000000e3c00000, 0x00000000e3c00000| Untracked 
|  61|0x00000000e3d00000, 0x00000000e3d00000, 0x00000000e3e00000|  0%| F|  |TAMS 0x00000000e3d00000, 0x00000000e3d00000| Untracked 
|  62|0x00000000e3e00000, 0x00000000e3e00000, 0x00000000e3f00000|  0%| F|  |TAMS 0x00000000e3e00000, 0x00000000e3e00000| Untracked 
|  63|0x00000000e3f00000, 0x00000000e3f00000, 0x00000000e4000000|  0%| F|  |TAMS 0x00000000e3f00000, 0x00000000e3f00000| Untracked 
|  64|0x00000000e4000000, 0x00000000e4000000, 0x00000000e4100000|  0%| F|  |TAMS 0x00000000e4000000, 0x00000000e4000000| Untracked 
|  65|0x00000000e4100000, 0x00000000e4100000, 0x00000000e4200000|  0%| F|  |TAMS 0x00000000e4100000, 0x00000000e4100000| Untracked 
|  66|0x00000000e4200000, 0x00000000e4200000, 0x00000000e4300000|  0%| F|  |TAMS 0x00000000e4200000, 0x00000000e4200000| Untracked 
|  67|0x00000000e4300000, 0x00000000e4300000, 0x00000000e4400000|  0%| F|  |TAMS 0x00000000e4300000, 0x00000000e4300000| Untracked 
|  68|0x00000000e4400000, 0x00000000e4400000, 0x00000000e4500000|  0%| F|  |TAMS 0x00000000e4400000, 0x00000000e4400000| Untracked 
|  69|0x00000000e4500000, 0x00000000e4500000, 0x00000000e4600000|  0%| F|  |TAMS 0x00000000e4500000, 0x00000000e4500000| Untracked 
|  70|0x00000000e4600000, 0x00000000e4600000, 0x00000000e4700000|  0%| F|  |TAMS 0x00000000e4600000, 0x00000000e4600000| Untracked 
|  71|0x00000000e4700000, 0x00000000e4700000, 0x00000000e4800000|  0%| F|  |TAMS 0x00000000e4700000, 0x00000000e4700000| Untracked 
|  72|0x00000000e4800000, 0x00000000e4800000, 0x00000000e4900000|  0%| F|  |TAMS 0x00000000e4800000, 0x00000000e4800000| Untracked 
|  73|0x00000000e4900000, 0x00000000e4900000, 0x00000000e4a00000|  0%| F|  |TAMS 0x00000000e4900000, 0x00000000e4900000| Untracked 
|  74|0x00000000e4a00000, 0x00000000e4a00000, 0x00000000e4b00000|  0%| F|  |TAMS 0x00000000e4a00000, 0x00000000e4a00000| Untracked 
|  75|0x00000000e4b00000, 0x00000000e4b00000, 0x00000000e4c00000|  0%| F|  |TAMS 0x00000000e4b00000, 0x00000000e4b00000| Untracked 
|  76|0x00000000e4c00000, 0x00000000e4c00000, 0x00000000e4d00000|  0%| F|  |TAMS 0x00000000e4c00000, 0x00000000e4c00000| Untracked 
|  77|0x00000000e4d00000, 0x00000000e4d00000, 0x00000000e4e00000|  0%| F|  |TAMS 0x00000000e4d00000, 0x00000000e4d00000| Untracked 
|  78|0x00000000e4e00000, 0x00000000e4e00000, 0x00000000e4f00000|  0%| F|  |TAMS 0x00000000e4e00000, 0x00000000e4e00000| Untracked 
|  79|0x00000000e4f00000, 0x00000000e4f00000, 0x00000000e5000000|  0%| F|  |TAMS 0x00000000e4f00000, 0x00000000e4f00000| Untracked 
|  80|0x00000000e5000000, 0x00000000e5000000, 0x00000000e5100000|  0%| F|  |TAMS 0x00000000e5000000, 0x00000000e5000000| Untracked 
|  81|0x00000000e5100000, 0x00000000e5100000, 0x00000000e5200000|  0%| F|  |TAMS 0x00000000e5100000, 0x00000000e5100000| Untracked 
|  82|0x00000000e5200000, 0x00000000e5200000, 0x00000000e5300000|  0%| F|  |TAMS 0x00000000e5200000, 0x00000000e5200000| Untracked 
|  83|0x00000000e5300000, 0x00000000e5300000, 0x00000000e5400000|  0%| F|  |TAMS 0x00000000e5300000, 0x00000000e5300000| Untracked 
|  84|0x00000000e5400000, 0x00000000e5400000, 0x00000000e5500000|  0%| F|  |TAMS 0x00000000e5400000, 0x00000000e5400000| Untracked 
|  85|0x00000000e5500000, 0x00000000e5500000, 0x00000000e5600000|  0%| F|  |TAMS 0x00000000e5500000, 0x00000000e5500000| Untracked 
|  86|0x00000000e5600000, 0x00000000e5600000, 0x00000000e5700000|  0%| F|  |TAMS 0x00000000e5600000, 0x00000000e5600000| Untracked 
|  87|0x00000000e5700000, 0x00000000e5700000, 0x00000000e5800000|  0%| F|  |TAMS 0x00000000e5700000, 0x00000000e5700000| Untracked 
|  88|0x00000000e5800000, 0x00000000e5800000, 0x00000000e5900000|  0%| F|  |TAMS 0x00000000e5800000, 0x00000000e5800000| Untracked 
|  89|0x00000000e5900000, 0x00000000e5900000, 0x00000000e5a00000|  0%| F|  |TAMS 0x00000000e5900000, 0x00000000e5900000| Untracked 
|  90|0x00000000e5a00000, 0x00000000e5a00000, 0x00000000e5b00000|  0%| F|  |TAMS 0x00000000e5a00000, 0x00000000e5a00000| Untracked 
|  91|0x00000000e5b00000, 0x00000000e5b00000, 0x00000000e5c00000|  0%| F|  |TAMS 0x00000000e5b00000, 0x00000000e5b00000| Untracked 
|  92|0x00000000e5c00000, 0x00000000e5c00000, 0x00000000e5d00000|  0%| F|  |TAMS 0x00000000e5c00000, 0x00000000e5c00000| Untracked 
|  93|0x00000000e5d00000, 0x00000000e5d00000, 0x00000000e5e00000|  0%| F|  |TAMS 0x00000000e5d00000, 0x00000000e5d00000| Untracked 
|  94|0x00000000e5e00000, 0x00000000e5e00000, 0x00000000e5f00000|  0%| F|  |TAMS 0x00000000e5e00000, 0x00000000e5e00000| Untracked 
|  95|0x00000000e5f00000, 0x00000000e5f00000, 0x00000000e6000000|  0%| F|  |TAMS 0x00000000e5f00000, 0x00000000e5f00000| Untracked 
|  96|0x00000000e6000000, 0x00000000e604fe90, 0x00000000e6100000| 31%| S|CS|TAMS 0x00000000e6000000, 0x00000000e6000000| Complete 
|  97|0x00000000e6100000, 0x00000000e6200000, 0x00000000e6200000|100%| S|CS|TAMS 0x00000000e6100000, 0x00000000e6100000| Complete 
|  98|0x00000000e6200000, 0x00000000e6200000, 0x00000000e6300000|  0%| F|  |TAMS 0x00000000e6200000, 0x00000000e6200000| Untracked 
|  99|0x00000000e6300000, 0x00000000e6300000, 0x00000000e6400000|  0%| F|  |TAMS 0x00000000e6300000, 0x00000000e6300000| Untracked 
| 100|0x00000000e6400000, 0x00000000e6400000, 0x00000000e6500000|  0%| F|  |TAMS 0x00000000e6400000, 0x00000000e6400000| Untracked 
| 101|0x00000000e6500000, 0x00000000e6500000, 0x00000000e6600000|  0%| F|  |TAMS 0x00000000e6500000, 0x00000000e6500000| Untracked 
| 102|0x00000000e6600000, 0x00000000e6600000, 0x00000000e6700000|  0%| F|  |TAMS 0x00000000e6600000, 0x00000000e6600000| Untracked 
| 103|0x00000000e6700000, 0x00000000e6800000, 0x00000000e6800000|100%| S|CS|TAMS 0x00000000e6700000, 0x00000000e6700000| Complete 
| 104|0x00000000e6800000, 0x00000000e6900000, 0x00000000e6900000|100%| S|CS|TAMS 0x00000000e6800000, 0x00000000e6800000| Complete 
| 105|0x00000000e6900000, 0x00000000e6a00000, 0x00000000e6a00000|100%| S|CS|TAMS 0x00000000e6900000, 0x00000000e6900000| Complete 
| 106|0x00000000e6a00000, 0x00000000e6b00000, 0x00000000e6b00000|100%| S|CS|TAMS 0x00000000e6a00000, 0x00000000e6a00000| Complete 
| 107|0x00000000e6b00000, 0x00000000e6c00000, 0x00000000e6c00000|100%| S|CS|TAMS 0x00000000e6b00000, 0x00000000e6b00000| Complete 
| 108|0x00000000e6c00000, 0x00000000e6c00000, 0x00000000e6d00000|  0%| F|  |TAMS 0x00000000e6c00000, 0x00000000e6c00000| Untracked 
| 109|0x00000000e6d00000, 0x00000000e6d00000, 0x00000000e6e00000|  0%| F|  |TAMS 0x00000000e6d00000, 0x00000000e6d00000| Untracked 
| 110|0x00000000e6e00000, 0x00000000e6e00000, 0x00000000e6f00000|  0%| F|  |TAMS 0x00000000e6e00000, 0x00000000e6e00000| Untracked 
| 111|0x00000000e6f00000, 0x00000000e6f00000, 0x00000000e7000000|  0%| F|  |TAMS 0x00000000e6f00000, 0x00000000e6f00000| Untracked 
| 112|0x00000000e7000000, 0x00000000e7000000, 0x00000000e7100000|  0%| F|  |TAMS 0x00000000e7000000, 0x00000000e7000000| Untracked 
| 113|0x00000000e7100000, 0x00000000e7100000, 0x00000000e7200000|  0%| F|  |TAMS 0x00000000e7100000, 0x00000000e7100000| Untracked 
| 114|0x00000000e7200000, 0x00000000e7200000, 0x00000000e7300000|  0%| F|  |TAMS 0x00000000e7200000, 0x00000000e7200000| Untracked 
| 115|0x00000000e7300000, 0x00000000e7300000, 0x00000000e7400000|  0%| F|  |TAMS 0x00000000e7300000, 0x00000000e7300000| Untracked 
| 116|0x00000000e7400000, 0x00000000e7400000, 0x00000000e7500000|  0%| F|  |TAMS 0x00000000e7400000, 0x00000000e7400000| Untracked 
| 117|0x00000000e7500000, 0x00000000e7500000, 0x00000000e7600000|  0%| F|  |TAMS 0x00000000e7500000, 0x00000000e7500000| Untracked 
| 118|0x00000000e7600000, 0x00000000e7600000, 0x00000000e7700000|  0%| F|  |TAMS 0x00000000e7600000, 0x00000000e7600000| Untracked 
| 119|0x00000000e7700000, 0x00000000e7700000, 0x00000000e7800000|  0%| F|  |TAMS 0x00000000e7700000, 0x00000000e7700000| Untracked 
| 120|0x00000000e7800000, 0x00000000e7800000, 0x00000000e7900000|  0%| F|  |TAMS 0x00000000e7800000, 0x00000000e7800000| Untracked 
| 121|0x00000000e7900000, 0x00000000e7900000, 0x00000000e7a00000|  0%| F|  |TAMS 0x00000000e7900000, 0x00000000e7900000| Untracked 
| 122|0x00000000e7a00000, 0x00000000e7a00000, 0x00000000e7b00000|  0%| F|  |TAMS 0x00000000e7a00000, 0x00000000e7a00000| Untracked 
| 123|0x00000000e7b00000, 0x00000000e7b00000, 0x00000000e7c00000|  0%| F|  |TAMS 0x00000000e7b00000, 0x00000000e7b00000| Untracked 
| 124|0x00000000e7c00000, 0x00000000e7c00000, 0x00000000e7d00000|  0%| F|  |TAMS 0x00000000e7c00000, 0x00000000e7c00000| Untracked 
| 125|0x00000000e7d00000, 0x00000000e7d00000, 0x00000000e7e00000|  0%| F|  |TAMS 0x00000000e7d00000, 0x00000000e7d00000| Untracked 
| 126|0x00000000e7e00000, 0x00000000e7e00000, 0x00000000e7f00000|  0%| F|  |TAMS 0x00000000e7e00000, 0x00000000e7e00000| Untracked 
| 127|0x00000000e7f00000, 0x00000000e7f00000, 0x00000000e8000000|  0%| F|  |TAMS 0x00000000e7f00000, 0x00000000e7f00000| Untracked 
| 128|0x00000000e8000000, 0x00000000e8000000, 0x00000000e8100000|  0%| F|  |TAMS 0x00000000e8000000, 0x00000000e8000000| Untracked 
| 129|0x00000000e8100000, 0x00000000e8100000, 0x00000000e8200000|  0%| F|  |TAMS 0x00000000e8100000, 0x00000000e8100000| Untracked 
| 130|0x00000000e8200000, 0x00000000e8200000, 0x00000000e8300000|  0%| F|  |TAMS 0x00000000e8200000, 0x00000000e8200000| Untracked 
| 131|0x00000000e8300000, 0x00000000e8300000, 0x00000000e8400000|  0%| F|  |TAMS 0x00000000e8300000, 0x00000000e8300000| Untracked 
| 132|0x00000000e8400000, 0x00000000e8400000, 0x00000000e8500000|  0%| F|  |TAMS 0x00000000e8400000, 0x00000000e8400000| Untracked 
| 133|0x00000000e8500000, 0x00000000e8500000, 0x00000000e8600000|  0%| F|  |TAMS 0x00000000e8500000, 0x00000000e8500000| Untracked 
| 134|0x00000000e8600000, 0x00000000e8600000, 0x00000000e8700000|  0%| F|  |TAMS 0x00000000e8600000, 0x00000000e8600000| Untracked 
| 135|0x00000000e8700000, 0x00000000e8700000, 0x00000000e8800000|  0%| F|  |TAMS 0x00000000e8700000, 0x00000000e8700000| Untracked 
| 136|0x00000000e8800000, 0x00000000e8800000, 0x00000000e8900000|  0%| F|  |TAMS 0x00000000e8800000, 0x00000000e8800000| Untracked 
| 137|0x00000000e8900000, 0x00000000e8900000, 0x00000000e8a00000|  0%| F|  |TAMS 0x00000000e8900000, 0x00000000e8900000| Untracked 
| 138|0x00000000e8a00000, 0x00000000e8a00000, 0x00000000e8b00000|  0%| F|  |TAMS 0x00000000e8a00000, 0x00000000e8a00000| Untracked 
| 139|0x00000000e8b00000, 0x00000000e8b00000, 0x00000000e8c00000|  0%| F|  |TAMS 0x00000000e8b00000, 0x00000000e8b00000| Untracked 
| 140|0x00000000e8c00000, 0x00000000e8c00000, 0x00000000e8d00000|  0%| F|  |TAMS 0x00000000e8c00000, 0x00000000e8c00000| Untracked 
| 141|0x00000000e8d00000, 0x00000000e8d00000, 0x00000000e8e00000|  0%| F|  |TAMS 0x00000000e8d00000, 0x00000000e8d00000| Untracked 
| 142|0x00000000e8e00000, 0x00000000e8e00000, 0x00000000e8f00000|  0%| F|  |TAMS 0x00000000e8e00000, 0x00000000e8e00000| Untracked 
| 143|0x00000000e8f00000, 0x00000000e8f00000, 0x00000000e9000000|  0%| F|  |TAMS 0x00000000e8f00000, 0x00000000e8f00000| Untracked 
| 144|0x00000000e9000000, 0x00000000e9000000, 0x00000000e9100000|  0%| F|  |TAMS 0x00000000e9000000, 0x00000000e9000000| Untracked 
| 145|0x00000000e9100000, 0x00000000e9100000, 0x00000000e9200000|  0%| F|  |TAMS 0x00000000e9100000, 0x00000000e9100000| Untracked 
| 146|0x00000000e9200000, 0x00000000e9200000, 0x00000000e9300000|  0%| F|  |TAMS 0x00000000e9200000, 0x00000000e9200000| Untracked 
| 147|0x00000000e9300000, 0x00000000e9300000, 0x00000000e9400000|  0%| F|  |TAMS 0x00000000e9300000, 0x00000000e9300000| Untracked 
| 148|0x00000000e9400000, 0x00000000e9400000, 0x00000000e9500000|  0%| F|  |TAMS 0x00000000e9400000, 0x00000000e9400000| Untracked 
| 149|0x00000000e9500000, 0x00000000e9500000, 0x00000000e9600000|  0%| F|  |TAMS 0x00000000e9500000, 0x00000000e9500000| Untracked 
| 150|0x00000000e9600000, 0x00000000e9600000, 0x00000000e9700000|  0%| F|  |TAMS 0x00000000e9600000, 0x00000000e9600000| Untracked 
| 151|0x00000000e9700000, 0x00000000e9700000, 0x00000000e9800000|  0%| F|  |TAMS 0x00000000e9700000, 0x00000000e9700000| Untracked 
| 152|0x00000000e9800000, 0x00000000e9800000, 0x00000000e9900000|  0%| F|  |TAMS 0x00000000e9800000, 0x00000000e9800000| Untracked 
| 153|0x00000000e9900000, 0x00000000e9900000, 0x00000000e9a00000|  0%| F|  |TAMS 0x00000000e9900000, 0x00000000e9900000| Untracked 
| 154|0x00000000e9a00000, 0x00000000e9a00000, 0x00000000e9b00000|  0%| F|  |TAMS 0x00000000e9a00000, 0x00000000e9a00000| Untracked 
| 155|0x00000000e9b00000, 0x00000000e9b00000, 0x00000000e9c00000|  0%| F|  |TAMS 0x00000000e9b00000, 0x00000000e9b00000| Untracked 
| 156|0x00000000e9c00000, 0x00000000e9c00000, 0x00000000e9d00000|  0%| F|  |TAMS 0x00000000e9c00000, 0x00000000e9c00000| Untracked 
| 157|0x00000000e9d00000, 0x00000000e9d00000, 0x00000000e9e00000|  0%| F|  |TAMS 0x00000000e9d00000, 0x00000000e9d00000| Untracked 
| 158|0x00000000e9e00000, 0x00000000e9e00000, 0x00000000e9f00000|  0%| F|  |TAMS 0x00000000e9e00000, 0x00000000e9e00000| Untracked 
| 159|0x00000000e9f00000, 0x00000000e9f00000, 0x00000000ea000000|  0%| F|  |TAMS 0x00000000e9f00000, 0x00000000e9f00000| Untracked 
| 160|0x00000000ea000000, 0x00000000ea000000, 0x00000000ea100000|  0%| F|  |TAMS 0x00000000ea000000, 0x00000000ea000000| Untracked 
| 161|0x00000000ea100000, 0x00000000ea100000, 0x00000000ea200000|  0%| F|  |TAMS 0x00000000ea100000, 0x00000000ea100000| Untracked 
| 162|0x00000000ea200000, 0x00000000ea200000, 0x00000000ea300000|  0%| F|  |TAMS 0x00000000ea200000, 0x00000000ea200000| Untracked 
| 163|0x00000000ea300000, 0x00000000ea300000, 0x00000000ea400000|  0%| F|  |TAMS 0x00000000ea300000, 0x00000000ea300000| Untracked 
| 164|0x00000000ea400000, 0x00000000ea400000, 0x00000000ea500000|  0%| F|  |TAMS 0x00000000ea400000, 0x00000000ea400000| Untracked 
| 165|0x00000000ea500000, 0x00000000ea53bae8, 0x00000000ea600000| 23%| E|  |TAMS 0x00000000ea500000, 0x00000000ea500000| Complete 
| 166|0x00000000ea600000, 0x00000000ea700000, 0x00000000ea700000|100%| E|CS|TAMS 0x00000000ea600000, 0x00000000ea600000| Complete 
| 167|0x00000000ea700000, 0x00000000ea800000, 0x00000000ea800000|100%| E|CS|TAMS 0x00000000ea700000, 0x00000000ea700000| Complete 
| 168|0x00000000ea800000, 0x00000000ea900000, 0x00000000ea900000|100%| E|CS|TAMS 0x00000000ea800000, 0x00000000ea800000| Complete 
| 169|0x00000000ea900000, 0x00000000eaa00000, 0x00000000eaa00000|100%| E|CS|TAMS 0x00000000ea900000, 0x00000000ea900000| Complete 
| 170|0x00000000eaa00000, 0x00000000eab00000, 0x00000000eab00000|100%| E|  |TAMS 0x00000000eaa00000, 0x00000000eaa00000| Complete 
| 171|0x00000000eab00000, 0x00000000eac00000, 0x00000000eac00000|100%| E|CS|TAMS 0x00000000eab00000, 0x00000000eab00000| Complete 
| 172|0x00000000eac00000, 0x00000000ead00000, 0x00000000ead00000|100%| E|CS|TAMS 0x00000000eac00000, 0x00000000eac00000| Complete 
| 173|0x00000000ead00000, 0x00000000eae00000, 0x00000000eae00000|100%| E|CS|TAMS 0x00000000ead00000, 0x00000000ead00000| Complete 
| 174|0x00000000eae00000, 0x00000000eaf00000, 0x00000000eaf00000|100%| E|CS|TAMS 0x00000000eae00000, 0x00000000eae00000| Complete 
| 175|0x00000000eaf00000, 0x00000000eb000000, 0x00000000eb000000|100%| E|CS|TAMS 0x00000000eaf00000, 0x00000000eaf00000| Complete 
| 176|0x00000000eb000000, 0x00000000eb100000, 0x00000000eb100000|100%| E|CS|TAMS 0x00000000eb000000, 0x00000000eb000000| Complete 
| 177|0x00000000eb100000, 0x00000000eb200000, 0x00000000eb200000|100%| E|CS|TAMS 0x00000000eb100000, 0x00000000eb100000| Complete 
| 178|0x00000000eb200000, 0x00000000eb300000, 0x00000000eb300000|100%| E|CS|TAMS 0x00000000eb200000, 0x00000000eb200000| Complete 
| 179|0x00000000eb300000, 0x00000000eb400000, 0x00000000eb400000|100%| E|CS|TAMS 0x00000000eb300000, 0x00000000eb300000| Complete 
| 180|0x00000000eb400000, 0x00000000eb500000, 0x00000000eb500000|100%| E|CS|TAMS 0x00000000eb400000, 0x00000000eb400000| Complete 
| 181|0x00000000eb500000, 0x00000000eb600000, 0x00000000eb600000|100%| E|CS|TAMS 0x00000000eb500000, 0x00000000eb500000| Complete 
| 182|0x00000000eb600000, 0x00000000eb700000, 0x00000000eb700000|100%| E|CS|TAMS 0x00000000eb600000, 0x00000000eb600000| Complete 
| 183|0x00000000eb700000, 0x00000000eb800000, 0x00000000eb800000|100%| E|CS|TAMS 0x00000000eb700000, 0x00000000eb700000| Complete 
| 184|0x00000000eb800000, 0x00000000eb900000, 0x00000000eb900000|100%| E|CS|TAMS 0x00000000eb800000, 0x00000000eb800000| Complete 
| 185|0x00000000eb900000, 0x00000000eba00000, 0x00000000eba00000|100%| E|CS|TAMS 0x00000000eb900000, 0x00000000eb900000| Complete 
| 186|0x00000000eba00000, 0x00000000ebb00000, 0x00000000ebb00000|100%| E|CS|TAMS 0x00000000eba00000, 0x00000000eba00000| Complete 
| 187|0x00000000ebb00000, 0x00000000ebc00000, 0x00000000ebc00000|100%| E|CS|TAMS 0x00000000ebb00000, 0x00000000ebb00000| Complete 
| 188|0x00000000ebc00000, 0x00000000ebd00000, 0x00000000ebd00000|100%| E|CS|TAMS 0x00000000ebc00000, 0x00000000ebc00000| Complete 
| 189|0x00000000ebd00000, 0x00000000ebe00000, 0x00000000ebe00000|100%| E|CS|TAMS 0x00000000ebd00000, 0x00000000ebd00000| Complete 
| 190|0x00000000ebe00000, 0x00000000ebf00000, 0x00000000ebf00000|100%| E|CS|TAMS 0x00000000ebe00000, 0x00000000ebe00000| Complete 
| 191|0x00000000ebf00000, 0x00000000ec000000, 0x00000000ec000000|100%| E|CS|TAMS 0x00000000ebf00000, 0x00000000ebf00000| Complete 
| 192|0x00000000ec000000, 0x00000000ec100000, 0x00000000ec100000|100%| E|CS|TAMS 0x00000000ec000000, 0x00000000ec000000| Complete 
| 193|0x00000000ec100000, 0x00000000ec200000, 0x00000000ec200000|100%| E|CS|TAMS 0x00000000ec100000, 0x00000000ec100000| Complete 
| 194|0x00000000ec200000, 0x00000000ec300000, 0x00000000ec300000|100%| E|CS|TAMS 0x00000000ec200000, 0x00000000ec200000| Complete 
| 195|0x00000000ec300000, 0x00000000ec400000, 0x00000000ec400000|100%| E|CS|TAMS 0x00000000ec300000, 0x00000000ec300000| Complete 
| 196|0x00000000ec400000, 0x00000000ec500000, 0x00000000ec500000|100%| E|CS|TAMS 0x00000000ec400000, 0x00000000ec400000| Complete 
| 197|0x00000000ec500000, 0x00000000ec600000, 0x00000000ec600000|100%| E|CS|TAMS 0x00000000ec500000, 0x00000000ec500000| Complete 
| 198|0x00000000ec600000, 0x00000000ec700000, 0x00000000ec700000|100%| E|CS|TAMS 0x00000000ec600000, 0x00000000ec600000| Complete 
| 199|0x00000000ec700000, 0x00000000ec800000, 0x00000000ec800000|100%| E|CS|TAMS 0x00000000ec700000, 0x00000000ec700000| Complete 
| 200|0x00000000ec800000, 0x00000000ec900000, 0x00000000ec900000|100%| E|CS|TAMS 0x00000000ec800000, 0x00000000ec800000| Complete 
| 201|0x00000000ec900000, 0x00000000eca00000, 0x00000000eca00000|100%| E|CS|TAMS 0x00000000ec900000, 0x00000000ec900000| Complete 
| 202|0x00000000eca00000, 0x00000000ecb00000, 0x00000000ecb00000|100%| E|CS|TAMS 0x00000000eca00000, 0x00000000eca00000| Complete 
| 203|0x00000000ecb00000, 0x00000000ecc00000, 0x00000000ecc00000|100%| E|CS|TAMS 0x00000000ecb00000, 0x00000000ecb00000| Complete 
| 204|0x00000000ecc00000, 0x00000000ecd00000, 0x00000000ecd00000|100%| E|CS|TAMS 0x00000000ecc00000, 0x00000000ecc00000| Complete 
| 205|0x00000000ecd00000, 0x00000000ece00000, 0x00000000ece00000|100%| E|CS|TAMS 0x00000000ecd00000, 0x00000000ecd00000| Complete 
| 206|0x00000000ece00000, 0x00000000ecf00000, 0x00000000ecf00000|100%| E|CS|TAMS 0x00000000ece00000, 0x00000000ece00000| Complete 
| 207|0x00000000ecf00000, 0x00000000ed000000, 0x00000000ed000000|100%| E|CS|TAMS 0x00000000ecf00000, 0x00000000ecf00000| Complete 
| 208|0x00000000ed000000, 0x00000000ed100000, 0x00000000ed100000|100%| E|CS|TAMS 0x00000000ed000000, 0x00000000ed000000| Complete 
| 209|0x00000000ed100000, 0x00000000ed200000, 0x00000000ed200000|100%| E|CS|TAMS 0x00000000ed100000, 0x00000000ed100000| Complete 
| 210|0x00000000ed200000, 0x00000000ed300000, 0x00000000ed300000|100%| E|CS|TAMS 0x00000000ed200000, 0x00000000ed200000| Complete 
| 211|0x00000000ed300000, 0x00000000ed400000, 0x00000000ed400000|100%| E|CS|TAMS 0x00000000ed300000, 0x00000000ed300000| Complete 
| 212|0x00000000ed400000, 0x00000000ed500000, 0x00000000ed500000|100%| E|CS|TAMS 0x00000000ed400000, 0x00000000ed400000| Complete 
| 213|0x00000000ed500000, 0x00000000ed600000, 0x00000000ed600000|100%| E|CS|TAMS 0x00000000ed500000, 0x00000000ed500000| Complete 
| 214|0x00000000ed600000, 0x00000000ed700000, 0x00000000ed700000|100%| E|CS|TAMS 0x00000000ed600000, 0x00000000ed600000| Complete 
| 215|0x00000000ed700000, 0x00000000ed800000, 0x00000000ed800000|100%| E|CS|TAMS 0x00000000ed700000, 0x00000000ed700000| Complete 
| 216|0x00000000ed800000, 0x00000000ed900000, 0x00000000ed900000|100%| E|CS|TAMS 0x00000000ed800000, 0x00000000ed800000| Complete 
| 217|0x00000000ed900000, 0x00000000eda00000, 0x00000000eda00000|100%| E|CS|TAMS 0x00000000ed900000, 0x00000000ed900000| Complete 
| 218|0x00000000eda00000, 0x00000000edb00000, 0x00000000edb00000|100%| E|CS|TAMS 0x00000000eda00000, 0x00000000eda00000| Complete 
| 219|0x00000000edb00000, 0x00000000edc00000, 0x00000000edc00000|100%| E|CS|TAMS 0x00000000edb00000, 0x00000000edb00000| Complete 
| 220|0x00000000edc00000, 0x00000000edd00000, 0x00000000edd00000|100%| E|CS|TAMS 0x00000000edc00000, 0x00000000edc00000| Complete 
| 221|0x00000000edd00000, 0x00000000ede00000, 0x00000000ede00000|100%| E|CS|TAMS 0x00000000edd00000, 0x00000000edd00000| Complete 
| 222|0x00000000ede00000, 0x00000000edf00000, 0x00000000edf00000|100%| E|CS|TAMS 0x00000000ede00000, 0x00000000ede00000| Complete 
| 223|0x00000000edf00000, 0x00000000ee000000, 0x00000000ee000000|100%| E|CS|TAMS 0x00000000edf00000, 0x00000000edf00000| Complete 
| 224|0x00000000ee000000, 0x00000000ee100000, 0x00000000ee100000|100%| E|CS|TAMS 0x00000000ee000000, 0x00000000ee000000| Complete 
| 225|0x00000000ee100000, 0x00000000ee200000, 0x00000000ee200000|100%| E|CS|TAMS 0x00000000ee100000, 0x00000000ee100000| Complete 
| 226|0x00000000ee200000, 0x00000000ee300000, 0x00000000ee300000|100%| E|CS|TAMS 0x00000000ee200000, 0x00000000ee200000| Complete 
| 227|0x00000000ee300000, 0x00000000ee400000, 0x00000000ee400000|100%| E|CS|TAMS 0x00000000ee300000, 0x00000000ee300000| Complete 
| 228|0x00000000ee400000, 0x00000000ee500000, 0x00000000ee500000|100%| E|CS|TAMS 0x00000000ee400000, 0x00000000ee400000| Complete 
| 229|0x00000000ee500000, 0x00000000ee600000, 0x00000000ee600000|100%| E|CS|TAMS 0x00000000ee500000, 0x00000000ee500000| Complete 
| 230|0x00000000ee600000, 0x00000000ee700000, 0x00000000ee700000|100%| E|CS|TAMS 0x00000000ee600000, 0x00000000ee600000| Complete 
| 231|0x00000000ee700000, 0x00000000ee800000, 0x00000000ee800000|100%| E|CS|TAMS 0x00000000ee700000, 0x00000000ee700000| Complete 
| 232|0x00000000ee800000, 0x00000000ee900000, 0x00000000ee900000|100%| E|CS|TAMS 0x00000000ee800000, 0x00000000ee800000| Complete 
| 233|0x00000000ee900000, 0x00000000eea00000, 0x00000000eea00000|100%| E|CS|TAMS 0x00000000ee900000, 0x00000000ee900000| Complete 
| 234|0x00000000eea00000, 0x00000000eeb00000, 0x00000000eeb00000|100%| E|CS|TAMS 0x00000000eea00000, 0x00000000eea00000| Complete 
| 235|0x00000000eeb00000, 0x00000000eec00000, 0x00000000eec00000|100%| E|CS|TAMS 0x00000000eeb00000, 0x00000000eeb00000| Complete 
| 236|0x00000000eec00000, 0x00000000eed00000, 0x00000000eed00000|100%| E|CS|TAMS 0x00000000eec00000, 0x00000000eec00000| Complete 
| 237|0x00000000eed00000, 0x00000000eee00000, 0x00000000eee00000|100%| E|CS|TAMS 0x00000000eed00000, 0x00000000eed00000| Complete 
| 238|0x00000000eee00000, 0x00000000eef00000, 0x00000000eef00000|100%| E|CS|TAMS 0x00000000eee00000, 0x00000000eee00000| Complete 
| 239|0x00000000eef00000, 0x00000000ef000000, 0x00000000ef000000|100%| E|CS|TAMS 0x00000000eef00000, 0x00000000eef00000| Complete 
| 240|0x00000000ef000000, 0x00000000ef100000, 0x00000000ef100000|100%| E|CS|TAMS 0x00000000ef000000, 0x00000000ef000000| Complete 
| 241|0x00000000ef100000, 0x00000000ef200000, 0x00000000ef200000|100%| E|CS|TAMS 0x00000000ef100000, 0x00000000ef100000| Complete 
| 242|0x00000000ef200000, 0x00000000ef300000, 0x00000000ef300000|100%| E|CS|TAMS 0x00000000ef200000, 0x00000000ef200000| Complete 
| 243|0x00000000ef300000, 0x00000000ef400000, 0x00000000ef400000|100%| E|CS|TAMS 0x00000000ef300000, 0x00000000ef300000| Complete 
| 244|0x00000000ef400000, 0x00000000ef500000, 0x00000000ef500000|100%| E|CS|TAMS 0x00000000ef400000, 0x00000000ef400000| Complete 
| 245|0x00000000ef500000, 0x00000000ef600000, 0x00000000ef600000|100%| E|CS|TAMS 0x00000000ef500000, 0x00000000ef500000| Complete 
| 246|0x00000000ef600000, 0x00000000ef700000, 0x00000000ef700000|100%| E|CS|TAMS 0x00000000ef600000, 0x00000000ef600000| Complete 
| 247|0x00000000ef700000, 0x00000000ef800000, 0x00000000ef800000|100%| E|CS|TAMS 0x00000000ef700000, 0x00000000ef700000| Complete 
| 248|0x00000000ef800000, 0x00000000ef900000, 0x00000000ef900000|100%| E|CS|TAMS 0x00000000ef800000, 0x00000000ef800000| Complete 
| 249|0x00000000ef900000, 0x00000000efa00000, 0x00000000efa00000|100%| E|CS|TAMS 0x00000000ef900000, 0x00000000ef900000| Complete 
| 250|0x00000000efa00000, 0x00000000efb00000, 0x00000000efb00000|100%| E|CS|TAMS 0x00000000efa00000, 0x00000000efa00000| Complete 
| 251|0x00000000efb00000, 0x00000000efc00000, 0x00000000efc00000|100%| E|CS|TAMS 0x00000000efb00000, 0x00000000efb00000| Complete 
| 252|0x00000000efc00000, 0x00000000efd00000, 0x00000000efd00000|100%| E|CS|TAMS 0x00000000efc00000, 0x00000000efc00000| Complete 
| 253|0x00000000efd00000, 0x00000000efe00000, 0x00000000efe00000|100%| E|CS|TAMS 0x00000000efd00000, 0x00000000efd00000| Complete 
| 254|0x00000000efe00000, 0x00000000eff00000, 0x00000000eff00000|100%| E|CS|TAMS 0x00000000efe00000, 0x00000000efe00000| Complete 
| 255|0x00000000eff00000, 0x00000000f0000000, 0x00000000f0000000|100%| E|CS|TAMS 0x00000000eff00000, 0x00000000eff00000| Complete 

Card table byte_map: [0x00000273c8800000,0x00000273c8900000] _byte_map_base: 0x00000273c8100000

Marking Bits (Prev, Next): (CMBitMap*) 0x00000273aef635b0, (CMBitMap*) 0x00000273aef635f0
 Prev Bits: [0x00000273c8a00000, 0x00000273c9200000)
 Next Bits: [0x00000273c9200000, 0x00000273c9a00000)

Polling page: 0x00000273af010000

Metaspace:

Usage:
  Non-class:     47.00 MB capacity,    45.90 MB ( 98%) used,   975.54 KB (  2%) free+waste,   147.31 KB ( <1%) overhead. 
      Class:      6.96 MB capacity,     6.46 MB ( 93%) used,   450.75 KB (  6%) free+waste,    64.25 KB ( <1%) overhead. 
       Both:     53.96 MB capacity,    52.36 MB ( 97%) used,     1.39 MB (  3%) free+waste,   211.56 KB ( <1%) overhead. 

Virtual space:
  Non-class space:       48.00 MB reserved,      47.17 MB ( 98%) committed 
      Class space:      248.00 MB reserved,       7.00 MB (  3%) committed 
             Both:      296.00 MB reserved,      54.17 MB ( 18%) committed 

Chunk freelists:
   Non-Class:  51.00 KB
       Class:  0 bytes
        Both:  51.00 KB

MaxMetaspaceSize: 256.00 MB
CompressedClassSpaceSize: 248.00 MB

CodeHeap 'non-profiled nmethods': size=120000Kb used=12851Kb max_used=12851Kb free=107148Kb
 bounds [0x00000273c0770000, 0x00000273c1400000, 0x00000273c7ca0000]
CodeHeap 'profiled nmethods': size=120000Kb used=23709Kb max_used=25074Kb free=96290Kb
 bounds [0x00000273b9240000, 0x00000273baad0000, 0x00000273c0770000]
CodeHeap 'non-nmethods': size=5760Kb used=2332Kb max_used=2450Kb free=3427Kb
 bounds [0x00000273b8ca0000, 0x00000273b8f20000, 0x00000273b9240000]
 total_blobs=13671 nmethods=12858 adapters=724
 compilation: enabled
              stopped_count=0, restarted_count=0
 full_count=0

Compilation events (20 events):
Event: 15759.078 Thread 0x00000273cc42ffa0 nmethod 15426 0x00000273c13edc10 code [0x00000273c13edd80, 0x00000273c13eddd8]
Event: 15760.330 Thread 0x00000273cc42ffa0 15427       4       sun.nio.fs.NativeBuffers::releaseNativeBuffer (97 bytes)
Event: 15760.502 Thread 0x00000273cc42ffa0 nmethod 15427 0x00000273c13edf10 code [0x00000273c13ee120, 0x00000273c13eee10]
Event: 15760.503 Thread 0x00000273cc42ffa0 15428       4       sun.reflect.generics.parser.SignatureParser::parsePackageNameAndSimpleClassTypeSignature (119 bytes)
Event: 15760.545 Thread 0x00000273cc436a80 15429   !   3       jdk.internal.reflect.GeneratedConstructorAccessor32::newInstance (61 bytes)
Event: 15760.592 Thread 0x00000273cc436a80 nmethod 15429 0x00000273b9899290 code [0x00000273b9899520, 0x00000273b989a378]
Event: 15760.632 Thread 0x00000273cc436a80 15430       1       org.gradle.internal.metaobject.BeanDynamicObject::access$600 (5 bytes)
Event: 15760.634 Thread 0x00000273cc436a80 nmethod 15430 0x00000273c13ef510 code [0x00000273c13ef6a0, 0x00000273c13ef738]
Event: 15760.674 Thread 0x00000273cc436a80 15431       3       org.gradle.util.GUtil::toCamelCase (169 bytes)
Event: 15760.687 Thread 0x00000273cc436a80 nmethod 15431 0x00000273b9d9eb90 code [0x00000273b9d9eee0, 0x00000273b9da0038]
Event: 15760.810 Thread 0x00000273cc436a80 15432       3       org.gradle.cache.internal.DefaultCacheScopeMapping::getRootDirectory (122 bytes)
Event: 15760.835 Thread 0x00000273cc436a80 nmethod 15432 0x00000273b9617190 code [0x00000273b9617540, 0x00000273b9619868]
Event: 15761.143 Thread 0x00000273cc436a80 15434       3       io.spring.gradle.dependencymanagement.org.apache.maven.model.io.xpp3.MavenXpp3Reader::parseExtension (218 bytes)
Event: 15761.154 Thread 0x00000273cc436a80 nmethod 15434 0x00000273b9e2c710 code [0x00000273b9e2cae0, 0x00000273b9e2e1d8]
Event: 15761.406 Thread 0x00000273cc42ffa0 nmethod 15428 0x00000273c13ef810 code [0x00000273c13f00e0, 0x00000273c13f7320]
Event: 15761.407 Thread 0x00000273cc42ffa0 15433       4       java.lang.Enum::equals (11 bytes)
Event: 15761.408 Thread 0x00000273cc42ffa0 nmethod 15433 0x00000273c13fb590 code [0x00000273c13fb700, 0x00000273c13fb778]
Event: 15761.487 Thread 0x00000273cc42ffa0 15435       4       com.google.common.collect.Iterables::isEmpty (37 bytes)
Event: 15761.541 Thread 0x00000273cc42ffa0 nmethod 15435 0x00000273c13fb890 code [0x00000273c13fbaa0, 0x00000273c13fc6c8]
Event: 15761.648 Thread 0x00000273cc42ffa0 15436       4       org.gradle.api.internal.artifacts.ivyservice.modulecache.ModuleMetadataSerializer::read (35 bytes)

GC Heap History (20 events):
Event: 10786.442 GC heap before
{Heap before GC invocations=25 (full 0):
 garbage-first heap   total 262144K, used 195504K [0x00000000e0000000, 0x0000000100000000)
  region size 1024K, 153 young (156672K), 6 survivors (6144K)
 Metaspace       used 53226K, capacity 54845K, committed 54960K, reserved 303104K
  class space    used 6606K, capacity 7123K, committed 7168K, reserved 253952K
}
Event: 10786.471 GC heap after
{Heap after GC invocations=26 (full 0):
 garbage-first heap   total 262144K, used 47937K [0x00000000e0000000, 0x0000000100000000)
  region size 1024K, 8 young (8192K), 8 survivors (8192K)
 Metaspace       used 53226K, capacity 54845K, committed 54960K, reserved 303104K
  class space    used 6606K, capacity 7123K, committed 7168K, reserved 253952K
}
Event: 12179.685 GC heap before
{Heap before GC invocations=26 (full 0):
 garbage-first heap   total 262144K, used 195393K [0x00000000e0000000, 0x0000000100000000)
  region size 1024K, 153 young (156672K), 8 survivors (8192K)
 Metaspace       used 53267K, capacity 54909K, committed 54960K, reserved 303104K
  class space    used 6606K, capacity 7123K, committed 7168K, reserved 253952K
}
Event: 12179.722 GC heap after
{Heap after GC invocations=27 (full 0):
 garbage-first heap   total 262144K, used 48114K [0x00000000e0000000, 0x0000000100000000)
  region size 1024K, 8 young (8192K), 8 survivors (8192K)
 Metaspace       used 53267K, capacity 54909K, committed 54960K, reserved 303104K
  class space    used 6606K, capacity 7123K, committed 7168K, reserved 253952K
}
Event: 13098.195 GC heap before
{Heap before GC invocations=27 (full 0):
 garbage-first heap   total 262144K, used 195570K [0x00000000e0000000, 0x0000000100000000)
  region size 1024K, 153 young (156672K), 8 survivors (8192K)
 Metaspace       used 53319K, capacity 54973K, committed 55216K, reserved 303104K
  class space    used 6606K, capacity 7123K, committed 7168K, reserved 253952K
}
Event: 13098.240 GC heap after
{Heap after GC invocations=28 (full 0):
 garbage-first heap   total 262144K, used 48134K [0x00000000e0000000, 0x0000000100000000)
  region size 1024K, 8 young (8192K), 8 survivors (8192K)
 Metaspace       used 53319K, capacity 54973K, committed 55216K, reserved 303104K
  class space    used 6606K, capacity 7123K, committed 7168K, reserved 253952K
}
Event: 14398.321 GC heap before
{Heap before GC invocations=28 (full 0):
 garbage-first heap   total 262144K, used 195590K [0x00000000e0000000, 0x0000000100000000)
  region size 1024K, 153 young (156672K), 8 survivors (8192K)
 Metaspace       used 53349K, capacity 54973K, committed 55216K, reserved 303104K
  class space    used 6606K, capacity 7123K, committed 7168K, reserved 253952K
}
Event: 14398.360 GC heap after
{Heap after GC invocations=29 (full 0):
 garbage-first heap   total 262144K, used 42245K [0x00000000e0000000, 0x0000000100000000)
  region size 1024K, 3 young (3072K), 3 survivors (3072K)
 Metaspace       used 53349K, capacity 54973K, committed 55216K, reserved 303104K
  class space    used 6606K, capacity 7123K, committed 7168K, reserved 253952K
}
Event: 14637.220 GC heap before
{Heap before GC invocations=29 (full 0):
 garbage-first heap   total 262144K, used 194821K [0x00000000e0000000, 0x0000000100000000)
  region size 1024K, 153 young (156672K), 3 survivors (3072K)
 Metaspace       used 53421K, capacity 55055K, committed 55216K, reserved 303104K
  class space    used 6608K, capacity 7126K, committed 7168K, reserved 253952K
}
Event: 14637.260 GC heap after
{Heap after GC invocations=30 (full 0):
 garbage-first heap   total 262144K, used 45170K [0x00000000e0000000, 0x0000000100000000)
  region size 1024K, 5 young (5120K), 5 survivors (5120K)
 Metaspace       used 53421K, capacity 55055K, committed 55216K, reserved 303104K
  class space    used 6608K, capacity 7126K, committed 7168K, reserved 253952K
}
Event: 15203.756 GC heap before
{Heap before GC invocations=30 (full 0):
 garbage-first heap   total 262144K, used 195698K [0x00000000e0000000, 0x0000000100000000)
  region size 1024K, 153 young (156672K), 5 survivors (5120K)
 Metaspace       used 53437K, capacity 55056K, committed 55216K, reserved 303104K
  class space    used 6608K, capacity 7126K, committed 7168K, reserved 253952K
}
Event: 15203.787 GC heap after
{Heap after GC invocations=31 (full 0):
 garbage-first heap   total 262144K, used 46326K [0x00000000e0000000, 0x0000000100000000)
  region size 1024K, 7 young (7168K), 7 survivors (7168K)
 Metaspace       used 53437K, capacity 55056K, committed 55216K, reserved 303104K
  class space    used 6608K, capacity 7126K, committed 7168K, reserved 253952K
}
Event: 15259.566 GC heap before
{Heap before GC invocations=31 (full 0):
 garbage-first heap   total 262144K, used 195830K [0x00000000e0000000, 0x0000000100000000)
  region size 1024K, 153 young (156672K), 7 survivors (7168K)
 Metaspace       used 53486K, capacity 55121K, committed 55216K, reserved 303104K
  class space    used 6609K, capacity 7126K, committed 7168K, reserved 253952K
}
Event: 15259.598 GC heap after
{Heap after GC invocations=32 (full 0):
 garbage-first heap   total 262144K, used 47403K [0x00000000e0000000, 0x0000000100000000)
  region size 1024K, 8 young (8192K), 8 survivors (8192K)
 Metaspace       used 53486K, capacity 55121K, committed 55216K, reserved 303104K
  class space    used 6609K, capacity 7126K, committed 7168K, reserved 253952K
}
Event: 15341.700 GC heap before
{Heap before GC invocations=32 (full 0):
 garbage-first heap   total 262144K, used 194859K [0x00000000e0000000, 0x0000000100000000)
  region size 1024K, 153 young (156672K), 8 survivors (8192K)
 Metaspace       used 53526K, capacity 55185K, committed 55472K, reserved 303104K
  class space    used 6610K, capacity 7126K, committed 7168K, reserved 253952K
}
Event: 15341.730 GC heap after
{Heap after GC invocations=33 (full 0):
 garbage-first heap   total 262144K, used 42165K [0x00000000e0000000, 0x0000000100000000)
  region size 1024K, 2 young (2048K), 2 survivors (2048K)
 Metaspace       used 53526K, capacity 55185K, committed 55472K, reserved 303104K
  class space    used 6610K, capacity 7126K, committed 7168K, reserved 253952K
}
Event: 15617.180 GC heap before
{Heap before GC invocations=33 (full 0):
 garbage-first heap   total 262144K, used 195765K [0x00000000e0000000, 0x0000000100000000)
  region size 1024K, 153 young (156672K), 2 survivors (2048K)
 Metaspace       used 53568K, capacity 55187K, committed 55472K, reserved 303104K
  class space    used 6611K, capacity 7126K, committed 7168K, reserved 253952K
}
Event: 15617.213 GC heap after
{Heap after GC invocations=34 (full 0):
 garbage-first heap   total 262144K, used 45254K [0x00000000e0000000, 0x0000000100000000)
  region size 1024K, 5 young (5120K), 5 survivors (5120K)
 Metaspace       used 53568K, capacity 55187K, committed 55472K, reserved 303104K
  class space    used 6611K, capacity 7126K, committed 7168K, reserved 253952K
}
Event: 15684.967 GC heap before
{Heap before GC invocations=34 (full 0):
 garbage-first heap   total 262144K, used 195782K [0x00000000e0000000, 0x0000000100000000)
  region size 1024K, 153 young (156672K), 5 survivors (5120K)
 Metaspace       used 53600K, capacity 55251K, committed 55472K, reserved 303104K
  class space    used 6611K, capacity 7126K, committed 7168K, reserved 253952K
}
Event: 15684.991 GC heap after
{Heap after GC invocations=35 (full 0):
 garbage-first heap   total 262144K, used 47104K [0x00000000e0000000, 0x0000000100000000)
  region size 1024K, 7 young (7168K), 7 survivors (7168K)
 Metaspace       used 53600K, capacity 55251K, committed 55472K, reserved 303104K
  class space    used 6611K, capacity 7126K, committed 7168K, reserved 253952K
}

Deoptimization events (20 events):
Event: 14634.054 Thread 0x00000273ce368090 DEOPT PACKING pc=0x00000273c0d65140 sp=0x000000c5c59fe470
Event: 14634.055 Thread 0x00000273ce368090 DEOPT UNPACKING pc=0x00000273b8cee42f sp=0x000000c5c59fe3d8 mode 2
Event: 14634.060 Thread 0x00000273ce368090 Uncommon trap: trap_request=0xffffff45 fr.pc=0x00000273c0fcebbc relative=0x000000000000075c
Event: 14634.060 Thread 0x00000273ce368090 Uncommon trap: reason=unstable_if action=reinterpret pc=0x00000273c0fcebbc method=java.lang.ref.SoftReference.get()Ljava/lang/Object; @ 6 c2
Event: 14634.060 Thread 0x00000273ce368090 DEOPT PACKING pc=0x00000273c0fcebbc sp=0x000000c5c59fe180
Event: 14634.061 Thread 0x00000273ce368090 DEOPT UNPACKING pc=0x00000273b8cee42f sp=0x000000c5c59fe060 mode 2
Event: 14634.074 Thread 0x00000273ce368090 Uncommon trap: trap_request=0xffffff45 fr.pc=0x00000273c08df584 relative=0x0000000000000444
Event: 14634.074 Thread 0x00000273ce368090 Uncommon trap: reason=unstable_if action=reinterpret pc=0x00000273c08df584 method=java.lang.ref.SoftReference.get()Ljava/lang/Object; @ 6 c2
Event: 14634.074 Thread 0x00000273ce368090 DEOPT PACKING pc=0x00000273c08df584 sp=0x000000c5c59fe0d0
Event: 14634.075 Thread 0x00000273ce368090 DEOPT UNPACKING pc=0x00000273b8cee42f sp=0x000000c5c59fe018 mode 2
Event: 14634.185 Thread 0x00000273ce36b580 Uncommon trap: trap_request=0xffffff45 fr.pc=0x00000273c1082d0c relative=0x000000000000046c
Event: 14634.186 Thread 0x00000273ce36b580 Uncommon trap: reason=unstable_if action=reinterpret pc=0x00000273c1082d0c method=java.lang.String.valueOf(Ljava/lang/Object;)Ljava/lang/String; @ 1 c2
Event: 14634.186 Thread 0x00000273ce36b580 DEOPT PACKING pc=0x00000273c1082d0c sp=0x000000c5c46fe950
Event: 14634.186 Thread 0x00000273ce36b580 DEOPT UNPACKING pc=0x00000273b8cee42f sp=0x000000c5c46fe8e8 mode 2
Event: 14635.954 Thread 0x00000273d1260f20 Uncommon trap: trap_request=0xfffffff4 fr.pc=0x00000273c12a74a0 relative=0x0000000000000100
Event: 14635.954 Thread 0x00000273d1260f20 Uncommon trap: reason=null_check action=make_not_entrant pc=0x00000273c12a74a0 method=org.gradle.api.internal.collections.CollectionFilter.filter(Ljava/lang/Object;)Ljava/lang/Object; @ 5 c2
Event: 14635.954 Thread 0x00000273d1260f20 DEOPT PACKING pc=0x00000273c12a74a0 sp=0x000000c5c59fb4b0
Event: 14635.954 Thread 0x00000273d1260f20 DEOPT UNPACKING pc=0x00000273b8cee42f sp=0x000000c5c59fb450 mode 2
Event: 15196.855 Thread 0x00000273ce368f00 DEOPT PACKING pc=0x00000273b9573456 sp=0x000000c5c61fa7e0
Event: 15196.870 Thread 0x00000273ce368f00 DEOPT UNPACKING pc=0x00000273b8cee23f sp=0x000000c5c61f9ca8 mode 0

Classes unloaded (0 events):
No events

Classes redefined (0 events):
No events

Internal exceptions (20 events):
Event: 5597.992 Thread 0x00000273d1262730 Exception <a 'java/lang/NoClassDefFoundError'{0x00000000ee583d00}: org/jetbrains/kotlin/gradle/plugin/KotlinPluginWrapper> (0x00000000ee583d00) 
thrown [./src/hotspot/share/oops/constantPool.cpp, line 804]
Event: 10654.584 Thread 0x00000273ce368f00 Exception <a 'java/lang/NoClassDefFoundError'{0x00000000ea7c7250}: org/jetbrains/kotlin/gradle/plugin/KotlinPluginWrapper> (0x00000000ea7c7250) 
thrown [./src/hotspot/share/oops/constantPool.cpp, line 804]
Event: 10783.481 Thread 0x00000273d125c6f0 Exception <a 'java/lang/NoClassDefFoundError'{0x00000000ec25f910}: org/jetbrains/kotlin/gradle/plugin/KotlinPluginWrapper> (0x00000000ec25f910) 
thrown [./src/hotspot/share/oops/constantPool.cpp, line 804]
Event: 12173.260 Thread 0x00000273ce368560 Exception <a 'java/lang/NoClassDefFoundError'{0x00000000ec9733b8}: org/jetbrains/kotlin/gradle/plugin/KotlinPluginWrapper> (0x00000000ec9733b8) 
thrown [./src/hotspot/share/oops/constantPool.cpp, line 804]
Event: 13094.282 Thread 0x00000273ceafe3c0 Exception <a 'java/lang/NoClassDefFoundError'{0x00000000ed602358}: org/jetbrains/kotlin/gradle/plugin/KotlinPluginWrapper> (0x00000000ed602358) 
thrown [./src/hotspot/share/oops/constantPool.cpp, line 804]
Event: 13638.236 Thread 0x00000273ce368560 Exception <a 'java/lang/NoClassDefFoundError'{0x00000000eea07bc8}: org/jetbrains/kotlin/gradle/plugin/KotlinPluginWrapper> (0x00000000eea07bc8) 
thrown [./src/hotspot/share/oops/constantPool.cpp, line 804]
Event: 14401.488 Thread 0x00000273ceafbd40 Exception <a 'java/lang/NoClassDefFoundError'{0x00000000efc7a078}: org/jetbrains/kotlin/gradle/plugin/KotlinPluginWrapper> (0x00000000efc7a078) 
thrown [./src/hotspot/share/oops/constantPool.cpp, line 804]
Event: 14634.059 Thread 0x00000273ce368090 Implicit null exception at 0x00000273c0fce640 to 0x00000273c0fceba8
Event: 14634.074 Thread 0x00000273ce368090 Implicit null exception at 0x00000273c08df32b to 0x00000273c08df56c
Event: 14634.134 Thread 0x00000273ce368090 Exception <a 'java/lang/NoSuchMethodError'{0x00000000e8d2f320}: static Lorg/gradle/launcher/daemon/protocol/Command;.<clinit>()V> (0x00000000e8d2f320) 
thrown [./src/hotspot/share/prims/jni.cpp, line 1204]
Event: 14634.153 Thread 0x00000273ce368090 Exception <a 'java/lang/NoSuchMethodError'{0x00000000e8d36ee0}: static Lorg/gradle/launcher/daemon/protocol/InvalidateVirtualFileSystem;.<clinit>()V> (0x00000000e8d36ee0) 
thrown [./src/hotspot/share/prims/jni.cpp, line 1204]
Event: 14635.769 Thread 0x00000273d1260f20 Exception <a 'java/lang/NoClassDefFoundError'{0x00000000e87777e0}: org/jetbrains/kotlin/gradle/plugin/KotlinPluginWrapper> (0x00000000e87777e0) 
thrown [./src/hotspot/share/oops/constantPool.cpp, line 804]
Event: 14635.954 Thread 0x00000273d1260f20 Implicit null exception at 0x00000273c12a73e0 to 0x00000273c12a748c
Event: 15198.831 Thread 0x00000273ce368f00 Exception <a 'java/lang/NoClassDefFoundError'{0x00000000ea0c96c8}: org/jetbrains/kotlin/gradle/plugin/KotlinPluginWrapper> (0x00000000ea0c96c8) 
thrown [./src/hotspot/share/oops/constantPool.cpp, line 804]
Event: 15250.225 Thread 0x00000273ce368f00 Exception <a 'java/lang/NoClassDefFoundError'{0x00000000ec266408}: org/jetbrains/kotlin/gradle/plugin/KotlinPluginWrapper> (0x00000000ec266408) 
thrown [./src/hotspot/share/oops/constantPool.cpp, line 804]
Event: 15277.436 Thread 0x00000273ce368f00 Exception <a 'java/lang/NoClassDefFoundError'{0x00000000ee27aae0}: org/jetbrains/kotlin/gradle/plugin/KotlinPluginWrapper> (0x00000000ee27aae0) 
thrown [./src/hotspot/share/oops/constantPool.cpp, line 804]
Event: 15341.866 Thread 0x00000273ce368f00 Exception <a 'java/lang/NoClassDefFoundError'{0x00000000eff63210}: org/jetbrains/kotlin/gradle/plugin/KotlinPluginWrapper> (0x00000000eff63210) 
thrown [./src/hotspot/share/oops/constantPool.cpp, line 804]
Event: 15614.261 Thread 0x00000273ce368560 Exception <a 'java/lang/NoClassDefFoundError'{0x00000000e8584288}: org/jetbrains/kotlin/gradle/plugin/KotlinPluginWrapper> (0x00000000e8584288) 
thrown [./src/hotspot/share/oops/constantPool.cpp, line 804]
Event: 15682.581 Thread 0x00000273ceb000a0 Exception <a 'java/lang/NoClassDefFoundError'{0x00000000eaa6ed00}: org/jetbrains/kotlin/gradle/plugin/KotlinPluginWrapper> (0x00000000eaa6ed00) 
thrown [./src/hotspot/share/oops/constantPool.cpp, line 804]
Event: 15760.296 Thread 0x00000273ce368f00 Exception <a 'java/lang/NoClassDefFoundError'{0x00000000ecc57a08}: org/jetbrains/kotlin/gradle/plugin/KotlinPluginWrapper> (0x00000000ecc57a08) 
thrown [./src/hotspot/share/oops/constantPool.cpp, line 804]

Events (20 events):
Event: 15760.260 Thread 0x00000273ceafc210 Thread added: 0x00000273ceafc210
Event: 15760.261 Thread 0x00000273ceafcbb0 Thread added: 0x00000273ceafcbb0
Event: 15760.262 Thread 0x00000273ceafb870 Thread added: 0x00000273ceafb870
Event: 15760.262 Thread 0x00000273ceb01d80 Thread added: 0x00000273ceb01d80
Event: 15760.263 Thread 0x00000273ceaff700 Thread added: 0x00000273ceaff700
Event: 15760.263 Thread 0x00000273ceafbd40 Thread added: 0x00000273ceafbd40
Event: 15760.264 Thread 0x00000273ceaff230 Thread added: 0x00000273ceaff230
Event: 15760.264 Thread 0x00000273ceafda20 Thread added: 0x00000273ceafda20
Event: 15760.267 Thread 0x00000273ceafdef0 Thread added: 0x00000273ceafdef0
Event: 15760.268 Thread 0x00000273ceafb3a0 Thread added: 0x00000273ceafb3a0
Event: 15760.656 Executing VM operation: HandshakeAllThreads
Event: 15760.656 Executing VM operation: HandshakeAllThreads done
Event: 15760.796 Thread 0x00000273ceafe3c0 Thread added: 0x00000273ceafe3c0
Event: 15760.796 Thread 0x00000273ceb018b0 Thread added: 0x00000273ceb018b0
Event: 15760.796 Thread 0x00000273ceb00570 Thread added: 0x00000273ceb00570
Event: 15760.797 Thread 0x00000273ceafe890 Thread added: 0x00000273ceafe890
Event: 15760.797 Thread 0x00000273ceb00a40 Thread added: 0x00000273ceb00a40
Event: 15760.797 Thread 0x00000273ceb00f10 Thread added: 0x00000273ceb00f10
Event: 15760.801 Thread 0x00000273ceb013e0 Thread added: 0x00000273ceb013e0
Event: 15760.814 Thread 0x00000273ceb02720 Thread added: 0x00000273ceb02720


Dynamic libraries:
0x00007ff723ec0000 - 0x00007ff723ecd000 	C:\Users\Plamen Kamenov\.jdks\azul-15.0.10\bin\java.exe
0x00007ffe041b0000 - 0x00007ffe043a8000 	C:\Windows\SYSTEM32\ntdll.dll
0x00007ffe021e0000 - 0x00007ffe0229d000 	C:\Windows\System32\KERNEL32.DLL
0x00007ffe01eb0000 - 0x00007ffe021a6000 	C:\Windows\System32\KERNELBASE.dll
0x00007ffe01d80000 - 0x00007ffe01e80000 	C:\Windows\System32\ucrtbase.dll
0x00007ffdcf020000 - 0x00007ffdcf035000 	C:\Users\Plamen Kamenov\.jdks\azul-15.0.10\bin\VCRUNTIME140.dll
0x00007ffdf0900000 - 0x00007ffdf0918000 	C:\Users\Plamen Kamenov\.jdks\azul-15.0.10\bin\jli.dll
0x00007ffe03880000 - 0x00007ffe03a1f000 	C:\Windows\System32\USER32.dll
0x00007ffe021b0000 - 0x00007ffe021d2000 	C:\Windows\System32\win32u.dll
0x00007ffe02350000 - 0x00007ffe0237b000 	C:\Windows\System32\GDI32.dll
0x00007ffe01980000 - 0x00007ffe01a97000 	C:\Windows\System32\gdi32full.dll
0x00007ffe01aa0000 - 0x00007ffe01b3d000 	C:\Windows\System32\msvcp_win.dll
0x00007ffdeb810000 - 0x00007ffdebaaa000 	C:\Windows\WinSxS\amd64_microsoft.windows.common-controls_6595b64144ccf1df_6.0.19041.4355_none_60b8b9eb71f62e16\COMCTL32.dll
0x00007ffe03130000 - 0x00007ffe031ce000 	C:\Windows\System32\msvcrt.dll
0x00007ffe03070000 - 0x00007ffe030a2000 	C:\Windows\System32\IMM32.DLL
0x00007ffdbee60000 - 0x00007ffdbeefb000 	C:\Users\Plamen Kamenov\.jdks\azul-15.0.10\bin\msvcp140.dll
0x00007ffd5c510000 - 0x00007ffd5d0ac000 	C:\Users\Plamen Kamenov\.jdks\azul-15.0.10\bin\server\jvm.dll
0x00007ffe022a0000 - 0x00007ffe02350000 	C:\Windows\System32\ADVAPI32.dll
0x00007ffe03a20000 - 0x00007ffe03ac0000 	C:\Windows\System32\sechost.dll
0x00007ffe03e20000 - 0x00007ffe03f43000 	C:\Windows\System32\RPCRT4.dll
0x00007ffe01e80000 - 0x00007ffe01ea7000 	C:\Windows\System32\bcrypt.dll
0x00007ffe040e0000 - 0x00007ffe040e8000 	C:\Windows\System32\PSAPI.DLL
0x00007ffdebbd0000 - 0x00007ffdebbd9000 	C:\Windows\SYSTEM32\WSOCK32.dll
0x00007ffe02890000 - 0x00007ffe028fb000 	C:\Windows\System32\WS2_32.dll
0x00007ffde5200000 - 0x00007ffde5227000 	C:\Windows\SYSTEM32\WINMM.dll
0x00007ffdf9310000 - 0x00007ffdf931a000 	C:\Windows\SYSTEM32\VERSION.dll
0x00007ffdff680000 - 0x00007ffdff692000 	C:\Windows\SYSTEM32\kernel.appcore.dll
0x00007ffdf1280000 - 0x00007ffdf128a000 	C:\Users\Plamen Kamenov\.jdks\azul-15.0.10\bin\jimage.dll
0x00007ffdf95a0000 - 0x00007ffdf9784000 	C:\Windows\SYSTEM32\DBGHELP.DLL
0x00007ffdf9270000 - 0x00007ffdf92a4000 	C:\Windows\SYSTEM32\dbgcore.DLL
0x00007ffe01cf0000 - 0x00007ffe01d72000 	C:\Windows\System32\bcryptPrimitives.dll
0x00007ffdceff0000 - 0x00007ffdcf015000 	C:\Users\Plamen Kamenov\.jdks\azul-15.0.10\bin\java.dll
0x00007ffe02900000 - 0x00007ffe0306b000 	C:\Windows\System32\SHELL32.dll
0x00007ffdff8a0000 - 0x00007ffe0003d000 	C:\Windows\SYSTEM32\windows.storage.dll
0x00007ffe03ac0000 - 0x00007ffe03e13000 	C:\Windows\System32\combase.dll
0x00007ffe010d0000 - 0x00007ffe010fe000 	C:\Windows\SYSTEM32\Wldp.dll
0x00007ffe02380000 - 0x00007ffe0244d000 	C:\Windows\System32\OLEAUT32.dll
0x00007ffe037d0000 - 0x00007ffe0387d000 	C:\Windows\System32\SHCORE.dll
0x00007ffe03f50000 - 0x00007ffe03fa5000 	C:\Windows\System32\shlwapi.dll
0x00007ffe01790000 - 0x00007ffe017b4000 	C:\Windows\SYSTEM32\profapi.dll
0x00007ffdcefd0000 - 0x00007ffdcefe9000 	C:\Users\Plamen Kamenov\.jdks\azul-15.0.10\bin\net.dll
0x00007ffdfe170000 - 0x00007ffdfe27a000 	C:\Windows\SYSTEM32\WINHTTP.dll
0x00007ffe00eb0000 - 0x00007ffe00f1a000 	C:\Windows\system32\mswsock.dll
0x00007ffdcefb0000 - 0x00007ffdcefc2000 	C:\Users\Plamen Kamenov\.jdks\azul-15.0.10\bin\nio.dll
0x00007ffdcef30000 - 0x00007ffdcef48000 	C:\Users\Plamen Kamenov\.jdks\azul-15.0.10\bin\zip.dll
0x00007ffdcef20000 - 0x00007ffdcef30000 	C:\Users\Plamen Kamenov\.jdks\azul-15.0.10\bin\verify.dll
0x00007ffdc1070000 - 0x00007ffdc1097000 	C:\Users\Plamen Kamenov\.gradle\native\fdc75f09e3144964f2cf3f50f0aa648679c211496f362492102eb8c894070792\windows-amd64\native-platform.dll
0x00007ffda4c30000 - 0x00007ffda4dc6000 	C:\Users\Plamen Kamenov\.gradle\native\12488b8bf47d2d4c9fbf2f6322a914ad602e24e48041cd04a747c6da556b65c4\windows-amd64\native-platform-file-events.dll
0x00007ffdcda90000 - 0x00007ffdcda99000 	C:\Users\Plamen Kamenov\.jdks\azul-15.0.10\bin\management.dll
0x00007ffdc5470000 - 0x00007ffdc547b000 	C:\Users\Plamen Kamenov\.jdks\azul-15.0.10\bin\management_ext.dll
0x00007ffe01110000 - 0x00007ffe01128000 	C:\Windows\SYSTEM32\CRYPTSP.dll
0x00007ffe007f0000 - 0x00007ffe00824000 	C:\Windows\system32\rsaenh.dll
0x00007ffe01700000 - 0x00007ffe0172e000 	C:\Windows\SYSTEM32\USERENV.dll
0x00007ffe01040000 - 0x00007ffe0104c000 	C:\Windows\SYSTEM32\CRYPTBASE.dll
0x00007ffe00bb0000 - 0x00007ffe00beb000 	C:\Windows\SYSTEM32\IPHLPAPI.DLL
0x00007ffe02450000 - 0x00007ffe02458000 	C:\Windows\System32\NSI.dll
0x00007ffdfb6a0000 - 0x00007ffdfb6b7000 	C:\Windows\SYSTEM32\dhcpcsvc6.DLL
0x00007ffdfb680000 - 0x00007ffdfb69d000 	C:\Windows\SYSTEM32\dhcpcsvc.DLL
0x00007ffe00bf0000 - 0x00007ffe00cbb000 	C:\Windows\SYSTEM32\DNSAPI.dll
0x00007ffdfe360000 - 0x00007ffdfe36b000 	C:\Windows\SYSTEM32\WINNSI.DLL

dbghelp: loaded successfully - version: 4.0.5 - missing functions: none
symbol engine: initialized successfully - sym options: 0x614 - pdb path: .;C:\Users\Plamen Kamenov\.jdks\azul-15.0.10\bin;C:\Windows\SYSTEM32;C:\Windows\WinSxS\amd64_microsoft.windows.common-controls_6595b64144ccf1df_6.0.19041.4355_none_60b8b9eb71f62e16;C:\Users\Plamen Kamenov\.jdks\azul-15.0.10\bin\server;C:\Users\Plamen Kamenov\.gradle\native\fdc75f09e3144964f2cf3f50f0aa648679c211496f362492102eb8c894070792\windows-amd64;C:\Users\Plamen Kamenov\.gradle\native\12488b8bf47d2d4c9fbf2f6322a914ad602e24e48041cd04a747c6da556b65c4\windows-amd64

VM Arguments:
jvm_args: --add-opens=java.base/java.util=ALL-UNNAMED --add-opens=java.base/java.lang=ALL-UNNAMED --add-opens=java.base/java.lang.invoke=ALL-UNNAMED --add-opens=java.prefs/java.util.prefs=ALL-UNNAMED -XX:MaxMetaspaceSize=256m -XX:+HeapDumpOnOutOfMemoryError -Xms256m -Xmx512m -Dfile.encoding=windows-1251 -Duser.country=US -Duser.language=en -Duser.variant 
java_command: org.gradle.launcher.daemon.bootstrap.GradleDaemon 6.8.2
java_class_path (initial): C:\Users\Plamen Kamenov\.gradle\wrapper\dists\gradle-6.8.2-bin\5nlkemqlnno2amj7d1mfn69bt\gradle-6.8.2\lib\gradle-launcher-6.8.2.jar
Launcher Type: SUN_STANDARD

[Global flags]
     intx CICompilerCount                          = 4                                         {product} {ergonomic}
   size_t CompressedClassSpaceSize                 = 260046848                                 {product} {ergonomic}
     uint ConcGCThreads                            = 2                                         {product} {ergonomic}
     uint G1ConcRefinementThreads                  = 8                                         {product} {ergonomic}
   size_t G1HeapRegionSize                         = 1048576                                   {product} {ergonomic}
    uintx GCDrainStackTargetSize                   = 64                                        {product} {ergonomic}
     bool HeapDumpOnOutOfMemoryError               = true                                   {manageable} {command line}
   size_t InitialHeapSize                          = 268435456                                 {product} {command line}
   size_t MarkStackSize                            = 4194304                                   {product} {ergonomic}
   size_t MaxHeapSize                              = 536870912                                 {product} {command line}
   size_t MaxMetaspaceSize                         = 268435456                                 {product} {command line}
   size_t MaxNewSize                               = 321912832                                 {product} {ergonomic}
   size_t MinHeapDeltaBytes                        = 1048576                                   {product} {ergonomic}
   size_t MinHeapSize                              = 268435456                                 {product} {command line}
    uintx NonNMethodCodeHeapSize                   = 5839372                                {pd product} {ergonomic}
    uintx NonProfiledCodeHeapSize                  = 122909434                              {pd product} {ergonomic}
    uintx ProfiledCodeHeapSize                     = 122909434                              {pd product} {ergonomic}
    uintx ReservedCodeCacheSize                    = 251658240                              {pd product} {ergonomic}
     bool SegmentedCodeCache                       = true                                      {product} {ergonomic}
   size_t SoftMaxHeapSize                          = 536870912                              {manageable} {ergonomic}
     bool UseCompressedClassPointers               = true                                 {lp64_product} {ergonomic}
     bool UseCompressedOops                        = true                                 {lp64_product} {ergonomic}
     bool UseG1GC                                  = true                                      {product} {ergonomic}
     bool UseLargePagesIndividualAllocation        = false                                  {pd product} {ergonomic}

Logging:
Log output configuration:
 #0: stdout all=warning uptime,level,tags
 #1: stderr all=off uptime,level,tags

Environment Variables:
PATH=C:\Python312\Scripts\;C:\Python312\;C:\Windows\system32;C:\Windows;C:\Windows\System32\Wbem;C:\Windows\System32\WindowsPowerShell\v1.0\;C:\Windows\System32\OpenSSH\;C:\Program Files\nodejs\;C:\ProgramData\chocolatey\bin;C:\Program Files\Git\cmd;C:\Program Files\dotnet\;C:\Program Files\Microsoft SQL Server\Client SDK\ODBC\170\Tools\Binn\;C:\Program Files (x86)\Microsoft SQL Server\150\Tools\Binn\;C:\Program Files\Microsoft SQL Server\150\Tools\Binn\;C:\Program Files\Microsoft SQL Server\150\DTS\Binn\;C:\Program Files\MySQL\MySQL Shell 8.0\bin\;C:\Users\Plamen Kamenov\AppData\Local\Microsoft\WindowsApps;C:\Users\Plamen Kamenov\AppData\Roaming\npm;C:\Users\Plamen Kamenov\AppData\Local\Programs\Microsoft VS Code\bin
USERNAME=Plamen Kamenov
OS=Windows_NT
PROCESSOR_IDENTIFIER=Intel64 Family 6 Model 142 Stepping 12, GenuineIntel



---------------  S Y S T E M  ---------------

OS:
 Windows 10 , 64 bit Build 19041 (10.0.19041.3636)
OS uptime: 5 days 4:40 hours
HyperV virtualization detected

CPU: total 8 (initial active 8) (4 cores per cpu, 2 threads per core) family 6 model 142 stepping 12 microcode 0xf8, cmov, cx8, fxsr, mmx, sse, sse2, sse3, ssse3, sse4.1, sse4.2, popcnt, vzeroupper, avx, avx2, aes, clmul, erms, 3dnowpref, lzcnt, ht, tsc, tscinvbit, bmi1, bmi2, adx, fma, clflush, clflushopt

Memory: 4k page, system-wide physical 8006M (266M free)
TotalPageFile size 30505M (AvailPageFile size 1M)
current process WorkingSet (physical memory assigned to process): 174M, peak: 319M
current process commit charge ("private bytes"): 505M, peak: 523M

vm_info: OpenJDK 64-Bit Server VM (15.0.10+5-MTS) for windows-amd64 JRE (15.0.10+5-MTS) (Zulu15.46+17-CA), built on Jan  7 2023 17:34:05 by "zulu_re" with MS VC++ 15.9 (VS2017)

END.
