#
# There is insufficient memory for the Java Runtime Environment to continue.
# Native memory allocation (malloc) failed to allocate 216496 bytes for Chunk::new
# Possible reasons:
#   The system is out of physical RAM or swap space
#   The process is running with CompressedOops enabled, and the Java Heap may be blocking the growth of the native heap
# Possible solutions:
#   Reduce memory load on the system
#   Increase physical memory or swap space
#   Check if swap backing store is full
#   Decrease Java heap size (-Xmx/-Xms)
#   Decrease number of Java threads
#   Decrease Java thread stack sizes (-Xss)
#   Set larger code cache with -XX:ReservedCodeCacheSize=
#   JVM is running with Unscaled Compressed Oops mode in which the Java heap is
#     placed in the first 4GB address space. The Java Heap base address is the
#     maximum limit for the native heap growth. Please use -XX:HeapBaseMinAddress
#     to set the Java Heap base and to place the Java Heap above 4GB virtual address.
# This output file may be truncated or incomplete.
#
#  Out of Memory Error (arena.cpp:168), pid=11764, tid=2848
#
# JRE version: OpenJDK Runtime Environment (21.0.2+13) (build 21.0.2+13-58)
# Java VM: OpenJDK 64-Bit Server VM (21.0.2+13-58, mixed mode, sharing, tiered, compressed oops, compressed class ptrs, g1 gc, windows-amd64)
# No core dump will be written. Minidumps are not enabled by default on client versions of Windows
#

---------------  S U M M A R Y ------------

Command Line: --add-opens=java.base/java.util=ALL-UNNAMED --add-opens=java.base/java.lang=ALL-UNNAMED --add-opens=java.base/java.lang.invoke=ALL-UNNAMED --add-opens=java.prefs/java.util.prefs=ALL-UNNAMED --add-opens=java.base/java.nio.charset=ALL-UNNAMED --add-opens=java.base/java.net=ALL-UNNAMED --add-opens=java.base/java.util.concurrent.atomic=ALL-UNNAMED -XX:MaxMetaspaceSize=384m -XX:+HeapDumpOnOutOfMemoryError -Xms256m -Xmx512m -Dfile.encoding=windows-1251 -Duser.country=US -Duser.language=en -Duser.variant -javaagent:C:\Users\Plamen Kamenov\.gradle\wrapper\dists\gradle-8.7-bin\bhs2wmbdwecv87pi65oeuq5iu\gradle-8.7\lib\agents\gradle-instrumentation-agent-8.7.jar org.gradle.launcher.daemon.bootstrap.GradleDaemon 8.7

Host: Intel(R) Core(TM) i7-8665U CPU @ 1.90GHz, 8 cores, 7G,  Windows 10 , 64 bit Build 19041 (10.0.19041.3636)
Time: Mon May 20 14:31:02 2024 GTB Daylight Time elapsed time: 20.504703 seconds (0d 0h 0m 20s)

---------------  T H R E A D  ---------------

Current thread (0x0000018abe235760):  JavaThread "C2 CompilerThread0" daemon [_thread_in_native, id=2848, stack(0x0000003b0ab00000,0x0000003b0ac00000) (1024K)]


Current CompileTask:
C2:  20504 3858       4       java.lang.ClassLoader::postDefineClass (39 bytes)

Stack: [0x0000003b0ab00000,0x0000003b0ac00000]
Native frames: (J=compiled Java code, j=interpreted, Vv=VM code, C=native code)
V  [jvm.dll+0x6cade9]
V  [jvm.dll+0x8569c1]
V  [jvm.dll+0x858d2e]
V  [jvm.dll+0x859413]
V  [jvm.dll+0x280e56]
V  [jvm.dll+0xc3f3d]
V  [jvm.dll+0xc4473]
V  [jvm.dll+0x3b5c2c]
V  [jvm.dll+0x1e2013]
V  [jvm.dll+0x249d22]
V  [jvm.dll+0x2491b1]
V  [jvm.dll+0x1c9634]
V  [jvm.dll+0x258859]
V  [jvm.dll+0x256e3a]
V  [jvm.dll+0x3ef6c6]
V  [jvm.dll+0x7ff568]
V  [jvm.dll+0x6c953d]
C  [ucrtbase.dll+0x21bb2]
C  [KERNEL32.DLL+0x17344]
C  [ntdll.dll+0x526b1]


---------------  P R O C E S S  ---------------

Threads class SMR info:
_java_thread_list=0x0000018adb8b8e80, length=33, elements={
0x0000018aa15300d0, 0x0000018abe229fa0, 0x0000018abe22edd0, 0x0000018abe232ab0,
0x0000018abe233510, 0x0000018abe233f70, 0x0000018abe2349d0, 0x0000018abe235760,
0x0000018abe236200, 0x0000018abe45c840, 0x0000018abe57c580, 0x0000018ad87db5c0,
0x0000018ad958dd70, 0x0000018ad8e233a0, 0x0000018ad93d6af0, 0x0000018ad93d7160,
0x0000018ad8b64f70, 0x0000018ad8b655e0, 0x0000018ad9631610, 0x0000018ad9633d70,
0x0000018ad96308f0, 0x0000018ad9632330, 0x0000018ad9630f80, 0x0000018ad96336e0,
0x0000018ad96329c0, 0x0000018ad9633050, 0x0000018adac7a220, 0x0000018adac76da0,
0x0000018adac7a8b0, 0x0000018adac75360, 0x0000018adac7af40, 0x0000018adac77ac0,
0x0000018adac759f0
}

Java Threads: ( => current thread )
  0x0000018aa15300d0 JavaThread "main"                              [_thread_blocked, id=12444, stack(0x0000003b09c00000,0x0000003b09d00000) (1024K)]
  0x0000018abe229fa0 JavaThread "Reference Handler"          daemon [_thread_blocked, id=2008, stack(0x0000003b0a500000,0x0000003b0a600000) (1024K)]
  0x0000018abe22edd0 JavaThread "Finalizer"                  daemon [_thread_blocked, id=11020, stack(0x0000003b0a600000,0x0000003b0a700000) (1024K)]
  0x0000018abe232ab0 JavaThread "Signal Dispatcher"          daemon [_thread_blocked, id=29592, stack(0x0000003b0a700000,0x0000003b0a800000) (1024K)]
  0x0000018abe233510 JavaThread "Attach Listener"            daemon [_thread_blocked, id=26240, stack(0x0000003b0a800000,0x0000003b0a900000) (1024K)]
  0x0000018abe233f70 JavaThread "Service Thread"             daemon [_thread_blocked, id=29600, stack(0x0000003b0a900000,0x0000003b0aa00000) (1024K)]
  0x0000018abe2349d0 JavaThread "Monitor Deflation Thread"   daemon [_thread_blocked, id=19632, stack(0x0000003b0aa00000,0x0000003b0ab00000) (1024K)]
=>0x0000018abe235760 JavaThread "C2 CompilerThread0"         daemon [_thread_in_native, id=2848, stack(0x0000003b0ab00000,0x0000003b0ac00000) (1024K)]
  0x0000018abe236200 JavaThread "C1 CompilerThread0"         daemon [_thread_blocked, id=27244, stack(0x0000003b0ac00000,0x0000003b0ad00000) (1024K)]
  0x0000018abe45c840 JavaThread "Common-Cleaner"             daemon [_thread_blocked, id=18200, stack(0x0000003b0ad00000,0x0000003b0ae00000) (1024K)]
  0x0000018abe57c580 JavaThread "Notification Thread"        daemon [_thread_blocked, id=16680, stack(0x0000003b0ae00000,0x0000003b0af00000) (1024K)]
  0x0000018ad87db5c0 JavaThread "Daemon health stats"               [_thread_blocked, id=9764, stack(0x0000003b0b400000,0x0000003b0b500000) (1024K)]
  0x0000018ad958dd70 JavaThread "Incoming local TCP Connector on port 51509"        [_thread_in_native, id=5604, stack(0x0000003b0b500000,0x0000003b0b600000) (1024K)]
  0x0000018ad8e233a0 JavaThread "Daemon periodic checks"            [_thread_blocked, id=17720, stack(0x0000003b0b600000,0x0000003b0b700000) (1024K)]
  0x0000018ad93d6af0 JavaThread "Daemon"                            [_thread_blocked, id=12524, stack(0x0000003b0b700000,0x0000003b0b800000) (1024K)]
  0x0000018ad93d7160 JavaThread "Handler for socket connection from /127.0.0.1:51509 to /127.0.0.1:51513"        [_thread_in_native, id=10360, stack(0x0000003b0b800000,0x0000003b0b900000) (1024K)]
  0x0000018ad8b64f70 JavaThread "Cancel handler"                    [_thread_blocked, id=20656, stack(0x0000003b0b900000,0x0000003b0ba00000) (1024K)]
  0x0000018ad8b655e0 JavaThread "Daemon worker"                     [_thread_in_vm, id=28928, stack(0x0000003b0ba00000,0x0000003b0bb00000) (1024K)]
  0x0000018ad9631610 JavaThread "Asynchronous log dispatcher for DefaultDaemonConnection: socket connection from /127.0.0.1:51509 to /127.0.0.1:51513"        [_thread_blocked, id=16976, stack(0x0000003b0bb00000,0x0000003b0bc00000) (1024K)]
  0x0000018ad9633d70 JavaThread "Stdin handler"                     [_thread_blocked, id=11828, stack(0x0000003b0bc00000,0x0000003b0bd00000) (1024K)]
  0x0000018ad96308f0 JavaThread "Daemon client event forwarder"        [_thread_blocked, id=10256, stack(0x0000003b0bd00000,0x0000003b0be00000) (1024K)]
  0x0000018ad9632330 JavaThread "Cache worker for journal cache (C:\Users\Plamen Kamenov\.gradle\caches\journal-1)"        [_thread_blocked, id=3104, stack(0x0000003b0be00000,0x0000003b0bf00000) (1024K)]
  0x0000018ad9630f80 JavaThread "File lock request listener"        [_thread_in_native, id=21228, stack(0x0000003b0bf00000,0x0000003b0c000000) (1024K)]
  0x0000018ad96336e0 JavaThread "Cache worker for file hash cache (C:\Users\Plamen Kamenov\.gradle\caches\8.7\fileHashes)"        [_thread_blocked, id=21692, stack(0x0000003b0c000000,0x0000003b0c100000) (1024K)]
  0x0000018ad96329c0 JavaThread "Cache worker for file hash cache (C:\Users\Plamen Kamenov\Desktop\MyPrograming\exercises\SpringAdvanced\Mobilele2024Spring\VehicleMobile2024\.gradle\8.7\fileHashes)"        [_thread_blocked, id=1740, stack(0x0000003b0c100000,0x0000003b0c200000) (1024K)]
  0x0000018ad9633050 JavaThread "File watcher server"        daemon [_thread_in_native, id=21896, stack(0x0000003b0c600000,0x0000003b0c700000) (1024K)]
  0x0000018adac7a220 JavaThread "File watcher consumer"      daemon [_thread_blocked, id=8068, stack(0x0000003b0c700000,0x0000003b0c800000) (1024K)]
  0x0000018adac76da0 JavaThread "Cache worker for checksums cache (C:\Users\Plamen Kamenov\Desktop\MyPrograming\exercises\SpringAdvanced\Mobilele2024Spring\VehicleMobile2024\.gradle\8.7\checksums)"        [_thread_blocked, id=23268, stack(0x0000003b0c500000,0x0000003b0c600000) (1024K)]
  0x0000018adac7a8b0 JavaThread "Cache worker for cache directory md-supplier (C:\Users\Plamen Kamenov\.gradle\caches\8.7\md-supplier)"        [_thread_blocked, id=6540, stack(0x0000003b0c800000,0x0000003b0c900000) (1024K)]
  0x0000018adac75360 JavaThread "Cache worker for cache directory md-rule (C:\Users\Plamen Kamenov\.gradle\caches\8.7\md-rule)"        [_thread_blocked, id=13268, stack(0x0000003b0c900000,0x0000003b0ca00000) (1024K)]
  0x0000018adac7af40 JavaThread "Cache worker for file content cache (C:\Users\Plamen Kamenov\.gradle\caches\8.7\fileContent)"        [_thread_blocked, id=25236, stack(0x0000003b0cb00000,0x0000003b0cc00000) (1024K)]
  0x0000018adac77ac0 JavaThread "jar transforms"                    [_thread_blocked, id=5704, stack(0x0000003b0cc00000,0x0000003b0cd00000) (1024K)]
  0x0000018adac759f0 JavaThread "jar transforms Thread 2"           [_thread_blocked, id=18484, stack(0x0000003b0cd00000,0x0000003b0ce00000) (1024K)]
Total: 33

Other Threads:
  0x0000018abe208760 VMThread "VM Thread"                           [id=2388, stack(0x0000003b0a400000,0x0000003b0a500000) (1024K)]
  0x0000018abe1f0a90 WatcherThread "VM Periodic Task Thread"        [id=27628, stack(0x0000003b0a300000,0x0000003b0a400000) (1024K)]
  0x0000018aa172c220 WorkerThread "GC Thread#0"                     [id=6656, stack(0x0000003b09e00000,0x0000003b09f00000) (1024K)]
  0x0000018abed91d60 WorkerThread "GC Thread#1"                     [id=15908, stack(0x0000003b0af00000,0x0000003b0b000000) (1024K)]
  0x0000018abed92100 WorkerThread "GC Thread#2"                     [id=20844, stack(0x0000003b0b000000,0x0000003b0b100000) (1024K)]
  0x0000018abed924a0 WorkerThread "GC Thread#3"                     [id=22056, stack(0x0000003b0b100000,0x0000003b0b200000) (1024K)]
  0x0000018abed92840 WorkerThread "GC Thread#4"                     [id=2948, stack(0x0000003b0b200000,0x0000003b0b300000) (1024K)]
  0x0000018abebaf420 WorkerThread "GC Thread#5"                     [id=18744, stack(0x0000003b0b300000,0x0000003b0b400000) (1024K)]
  0x0000018ad8cdc9b0 WorkerThread "GC Thread#6"                     [id=27756, stack(0x0000003b0c200000,0x0000003b0c300000) (1024K)]
  0x0000018ad8cdbb30 WorkerThread "GC Thread#7"                     [id=14844, stack(0x0000003b0c300000,0x0000003b0c400000) (1024K)]
  0x0000018aa1731110 ConcurrentGCThread "G1 Main Marker"            [id=3364, stack(0x0000003b09f00000,0x0000003b0a000000) (1024K)]
  0x0000018aa1732ce0 WorkerThread "G1 Conc#0"                       [id=3836, stack(0x0000003b0a000000,0x0000003b0a100000) (1024K)]
  0x0000018ad8cdb790 WorkerThread "G1 Conc#1"                       [id=11852, stack(0x0000003b0c400000,0x0000003b0c500000) (1024K)]
  0x0000018aa17cd270 ConcurrentGCThread "G1 Refine#0"               [id=9992, stack(0x0000003b0a100000,0x0000003b0a200000) (1024K)]
  0x0000018aa17cdcf0 ConcurrentGCThread "G1 Service"                [id=28496, stack(0x0000003b0a200000,0x0000003b0a300000) (1024K)]
Total: 15

Threads with active compile tasks:
C2 CompilerThread0    20562 3858       4       java.lang.ClassLoader::postDefineClass (39 bytes)
Total: 1

VM state: not at safepoint (normal execution)

VM Mutex/Monitor currently owned by a thread: None

Heap address: 0x00000000e0000000, size: 512 MB, Compressed Oops mode: 32-bit

CDS archive(s) mapped at: [0x0000018abf000000-0x0000018abfc90000-0x0000018abfc90000), size 13172736, SharedBaseAddress: 0x0000018abf000000, ArchiveRelocationMode: 1.
Compressed class space mapped at: 0x0000018ac0000000-0x0000018ad4000000, reserved size: 335544320
Narrow klass base: 0x0000018abf000000, Narrow klass shift: 0, Narrow klass range: 0x100000000

GC Precious Log:
 CardTable entry size: 512
 Card Set container configuration: InlinePtr #cards 5 size 8 Array Of Cards #cards 12 size 40 Howl #buckets 4 coarsen threshold 1843 Howl Bitmap #cards 512 size 80 coarsen threshold 460 Card regions per heap region 1 cards per card region 2048
 CPUs: 8 total, 8 available
 Memory: 8006M
 Large Page Support: Disabled
 NUMA Support: Disabled
 Compressed Oops: Enabled (32-bit)
 Heap Region Size: 1M
 Heap Min Capacity: 256M
 Heap Initial Capacity: 256M
 Heap Max Capacity: 512M
 Pre-touch: Disabled
 Parallel Workers: 8
 Concurrent Workers: 2
 Concurrent Refinement Workers: 8
 Periodic GC: Disabled

Heap:
 garbage-first heap   total 262144K, used 106750K [0x00000000e0000000, 0x0000000100000000)
  region size 1024K, 96 young (98304K), 12 survivors (12288K)
 Metaspace       used 34538K, committed 35776K, reserved 393216K
  class space    used 5002K, committed 5568K, reserved 327680K

Heap Regions: E=young(eden), S=young(survivor), O=old, HS=humongous(starts), HC=humongous(continues), CS=collection set, F=free, TAMS=top-at-mark-start, PB=parsable bottom
|   0|0x00000000e0000000, 0x00000000e0100000, 0x00000000e0100000|100%|HS|  |TAMS 0x00000000e0000000| PB 0x00000000e0000000| Complete 
|   1|0x00000000e0100000, 0x00000000e0200000, 0x00000000e0200000|100%|HC|  |TAMS 0x00000000e0100000| PB 0x00000000e0100000| Complete 
|   2|0x00000000e0200000, 0x00000000e0300000, 0x00000000e0300000|100%|HC|  |TAMS 0x00000000e0200000| PB 0x00000000e0200000| Complete 
|   3|0x00000000e0300000, 0x00000000e0400000, 0x00000000e0400000|100%|HC|  |TAMS 0x00000000e0300000| PB 0x00000000e0300000| Complete 
|   4|0x00000000e0400000, 0x00000000e0500000, 0x00000000e0500000|100%| O|  |TAMS 0x00000000e0400000| PB 0x00000000e0400000| Untracked 
|   5|0x00000000e0500000, 0x00000000e0600000, 0x00000000e0600000|100%| O|  |TAMS 0x00000000e0500000| PB 0x00000000e0500000| Untracked 
|   6|0x00000000e0600000, 0x00000000e0700000, 0x00000000e0700000|100%| O|  |TAMS 0x00000000e0600000| PB 0x00000000e0600000| Untracked 
|   7|0x00000000e0700000, 0x00000000e0800000, 0x00000000e0800000|100%| O|  |TAMS 0x00000000e0700000| PB 0x00000000e0700000| Untracked 
|   8|0x00000000e0800000, 0x00000000e0900000, 0x00000000e0900000|100%| O|  |TAMS 0x00000000e0800000| PB 0x00000000e0800000| Untracked 
|   9|0x00000000e0900000, 0x00000000e0a00000, 0x00000000e0a00000|100%| O|  |TAMS 0x00000000e0900000| PB 0x00000000e0900000| Untracked 
|  10|0x00000000e0a00000, 0x00000000e0a3f8a8, 0x00000000e0b00000| 24%| O|  |TAMS 0x00000000e0a00000| PB 0x00000000e0a00000| Untracked 
|  11|0x00000000e0b00000, 0x00000000e0b00000, 0x00000000e0c00000|  0%| F|  |TAMS 0x00000000e0b00000| PB 0x00000000e0b00000| Untracked 
|  12|0x00000000e0c00000, 0x00000000e0c00000, 0x00000000e0d00000|  0%| F|  |TAMS 0x00000000e0c00000| PB 0x00000000e0c00000| Untracked 
|  13|0x00000000e0d00000, 0x00000000e0d00000, 0x00000000e0e00000|  0%| F|  |TAMS 0x00000000e0d00000| PB 0x00000000e0d00000| Untracked 
|  14|0x00000000e0e00000, 0x00000000e0e00000, 0x00000000e0f00000|  0%| F|  |TAMS 0x00000000e0e00000| PB 0x00000000e0e00000| Untracked 
|  15|0x00000000e0f00000, 0x00000000e0f00000, 0x00000000e1000000|  0%| F|  |TAMS 0x00000000e0f00000| PB 0x00000000e0f00000| Untracked 
|  16|0x00000000e1000000, 0x00000000e1000000, 0x00000000e1100000|  0%| F|  |TAMS 0x00000000e1000000| PB 0x00000000e1000000| Untracked 
|  17|0x00000000e1100000, 0x00000000e1100000, 0x00000000e1200000|  0%| F|  |TAMS 0x00000000e1100000| PB 0x00000000e1100000| Untracked 
|  18|0x00000000e1200000, 0x00000000e1200000, 0x00000000e1300000|  0%| F|  |TAMS 0x00000000e1200000| PB 0x00000000e1200000| Untracked 
|  19|0x00000000e1300000, 0x00000000e1300000, 0x00000000e1400000|  0%| F|  |TAMS 0x00000000e1300000| PB 0x00000000e1300000| Untracked 
|  20|0x00000000e1400000, 0x00000000e1400000, 0x00000000e1500000|  0%| F|  |TAMS 0x00000000e1400000| PB 0x00000000e1400000| Untracked 
|  21|0x00000000e1500000, 0x00000000e1500000, 0x00000000e1600000|  0%| F|  |TAMS 0x00000000e1500000| PB 0x00000000e1500000| Untracked 
|  22|0x00000000e1600000, 0x00000000e1600000, 0x00000000e1700000|  0%| F|  |TAMS 0x00000000e1600000| PB 0x00000000e1600000| Untracked 
|  23|0x00000000e1700000, 0x00000000e1700000, 0x00000000e1800000|  0%| F|  |TAMS 0x00000000e1700000| PB 0x00000000e1700000| Untracked 
|  24|0x00000000e1800000, 0x00000000e1800000, 0x00000000e1900000|  0%| F|  |TAMS 0x00000000e1800000| PB 0x00000000e1800000| Untracked 
|  25|0x00000000e1900000, 0x00000000e1900000, 0x00000000e1a00000|  0%| F|  |TAMS 0x00000000e1900000| PB 0x00000000e1900000| Untracked 
|  26|0x00000000e1a00000, 0x00000000e1a00000, 0x00000000e1b00000|  0%| F|  |TAMS 0x00000000e1a00000| PB 0x00000000e1a00000| Untracked 
|  27|0x00000000e1b00000, 0x00000000e1b00000, 0x00000000e1c00000|  0%| F|  |TAMS 0x00000000e1b00000| PB 0x00000000e1b00000| Untracked 
|  28|0x00000000e1c00000, 0x00000000e1c00000, 0x00000000e1d00000|  0%| F|  |TAMS 0x00000000e1c00000| PB 0x00000000e1c00000| Untracked 
|  29|0x00000000e1d00000, 0x00000000e1d00000, 0x00000000e1e00000|  0%| F|  |TAMS 0x00000000e1d00000| PB 0x00000000e1d00000| Untracked 
|  30|0x00000000e1e00000, 0x00000000e1e00000, 0x00000000e1f00000|  0%| F|  |TAMS 0x00000000e1e00000| PB 0x00000000e1e00000| Untracked 
|  31|0x00000000e1f00000, 0x00000000e1f00000, 0x00000000e2000000|  0%| F|  |TAMS 0x00000000e1f00000| PB 0x00000000e1f00000| Untracked 
|  32|0x00000000e2000000, 0x00000000e2000000, 0x00000000e2100000|  0%| F|  |TAMS 0x00000000e2000000| PB 0x00000000e2000000| Untracked 
|  33|0x00000000e2100000, 0x00000000e2100000, 0x00000000e2200000|  0%| F|  |TAMS 0x00000000e2100000| PB 0x00000000e2100000| Untracked 
|  34|0x00000000e2200000, 0x00000000e2200000, 0x00000000e2300000|  0%| F|  |TAMS 0x00000000e2200000| PB 0x00000000e2200000| Untracked 
|  35|0x00000000e2300000, 0x00000000e2300000, 0x00000000e2400000|  0%| F|  |TAMS 0x00000000e2300000| PB 0x00000000e2300000| Untracked 
|  36|0x00000000e2400000, 0x00000000e2400000, 0x00000000e2500000|  0%| F|  |TAMS 0x00000000e2400000| PB 0x00000000e2400000| Untracked 
|  37|0x00000000e2500000, 0x00000000e2500000, 0x00000000e2600000|  0%| F|  |TAMS 0x00000000e2500000| PB 0x00000000e2500000| Untracked 
|  38|0x00000000e2600000, 0x00000000e2600000, 0x00000000e2700000|  0%| F|  |TAMS 0x00000000e2600000| PB 0x00000000e2600000| Untracked 
|  39|0x00000000e2700000, 0x00000000e2700000, 0x00000000e2800000|  0%| F|  |TAMS 0x00000000e2700000| PB 0x00000000e2700000| Untracked 
|  40|0x00000000e2800000, 0x00000000e2800000, 0x00000000e2900000|  0%| F|  |TAMS 0x00000000e2800000| PB 0x00000000e2800000| Untracked 
|  41|0x00000000e2900000, 0x00000000e2900000, 0x00000000e2a00000|  0%| F|  |TAMS 0x00000000e2900000| PB 0x00000000e2900000| Untracked 
|  42|0x00000000e2a00000, 0x00000000e2a00000, 0x00000000e2b00000|  0%| F|  |TAMS 0x00000000e2a00000| PB 0x00000000e2a00000| Untracked 
|  43|0x00000000e2b00000, 0x00000000e2b00000, 0x00000000e2c00000|  0%| F|  |TAMS 0x00000000e2b00000| PB 0x00000000e2b00000| Untracked 
|  44|0x00000000e2c00000, 0x00000000e2c00000, 0x00000000e2d00000|  0%| F|  |TAMS 0x00000000e2c00000| PB 0x00000000e2c00000| Untracked 
|  45|0x00000000e2d00000, 0x00000000e2d00000, 0x00000000e2e00000|  0%| F|  |TAMS 0x00000000e2d00000| PB 0x00000000e2d00000| Untracked 
|  46|0x00000000e2e00000, 0x00000000e2e00000, 0x00000000e2f00000|  0%| F|  |TAMS 0x00000000e2e00000| PB 0x00000000e2e00000| Untracked 
|  47|0x00000000e2f00000, 0x00000000e2f00000, 0x00000000e3000000|  0%| F|  |TAMS 0x00000000e2f00000| PB 0x00000000e2f00000| Untracked 
|  48|0x00000000e3000000, 0x00000000e3000000, 0x00000000e3100000|  0%| F|  |TAMS 0x00000000e3000000| PB 0x00000000e3000000| Untracked 
|  49|0x00000000e3100000, 0x00000000e3100000, 0x00000000e3200000|  0%| F|  |TAMS 0x00000000e3100000| PB 0x00000000e3100000| Untracked 
|  50|0x00000000e3200000, 0x00000000e3200000, 0x00000000e3300000|  0%| F|  |TAMS 0x00000000e3200000| PB 0x00000000e3200000| Untracked 
|  51|0x00000000e3300000, 0x00000000e3300000, 0x00000000e3400000|  0%| F|  |TAMS 0x00000000e3300000| PB 0x00000000e3300000| Untracked 
|  52|0x00000000e3400000, 0x00000000e3400000, 0x00000000e3500000|  0%| F|  |TAMS 0x00000000e3400000| PB 0x00000000e3400000| Untracked 
|  53|0x00000000e3500000, 0x00000000e3500000, 0x00000000e3600000|  0%| F|  |TAMS 0x00000000e3500000| PB 0x00000000e3500000| Untracked 
|  54|0x00000000e3600000, 0x00000000e3600000, 0x00000000e3700000|  0%| F|  |TAMS 0x00000000e3600000| PB 0x00000000e3600000| Untracked 
|  55|0x00000000e3700000, 0x00000000e3700000, 0x00000000e3800000|  0%| F|  |TAMS 0x00000000e3700000| PB 0x00000000e3700000| Untracked 
|  56|0x00000000e3800000, 0x00000000e3800000, 0x00000000e3900000|  0%| F|  |TAMS 0x00000000e3800000| PB 0x00000000e3800000| Untracked 
|  57|0x00000000e3900000, 0x00000000e3900000, 0x00000000e3a00000|  0%| F|  |TAMS 0x00000000e3900000| PB 0x00000000e3900000| Untracked 
|  58|0x00000000e3a00000, 0x00000000e3a00000, 0x00000000e3b00000|  0%| F|  |TAMS 0x00000000e3a00000| PB 0x00000000e3a00000| Untracked 
|  59|0x00000000e3b00000, 0x00000000e3b00000, 0x00000000e3c00000|  0%| F|  |TAMS 0x00000000e3b00000| PB 0x00000000e3b00000| Untracked 
|  60|0x00000000e3c00000, 0x00000000e3c00000, 0x00000000e3d00000|  0%| F|  |TAMS 0x00000000e3c00000| PB 0x00000000e3c00000| Untracked 
|  61|0x00000000e3d00000, 0x00000000e3d00000, 0x00000000e3e00000|  0%| F|  |TAMS 0x00000000e3d00000| PB 0x00000000e3d00000| Untracked 
|  62|0x00000000e3e00000, 0x00000000e3e00000, 0x00000000e3f00000|  0%| F|  |TAMS 0x00000000e3e00000| PB 0x00000000e3e00000| Untracked 
|  63|0x00000000e3f00000, 0x00000000e3f00000, 0x00000000e4000000|  0%| F|  |TAMS 0x00000000e3f00000| PB 0x00000000e3f00000| Untracked 
|  64|0x00000000e4000000, 0x00000000e4000000, 0x00000000e4100000|  0%| F|  |TAMS 0x00000000e4000000| PB 0x00000000e4000000| Untracked 
|  65|0x00000000e4100000, 0x00000000e4100000, 0x00000000e4200000|  0%| F|  |TAMS 0x00000000e4100000| PB 0x00000000e4100000| Untracked 
|  66|0x00000000e4200000, 0x00000000e4200000, 0x00000000e4300000|  0%| F|  |TAMS 0x00000000e4200000| PB 0x00000000e4200000| Untracked 
|  67|0x00000000e4300000, 0x00000000e4300000, 0x00000000e4400000|  0%| F|  |TAMS 0x00000000e4300000| PB 0x00000000e4300000| Untracked 
|  68|0x00000000e4400000, 0x00000000e4400000, 0x00000000e4500000|  0%| F|  |TAMS 0x00000000e4400000| PB 0x00000000e4400000| Untracked 
|  69|0x00000000e4500000, 0x00000000e4500000, 0x00000000e4600000|  0%| F|  |TAMS 0x00000000e4500000| PB 0x00000000e4500000| Untracked 
|  70|0x00000000e4600000, 0x00000000e4600000, 0x00000000e4700000|  0%| F|  |TAMS 0x00000000e4600000| PB 0x00000000e4600000| Untracked 
|  71|0x00000000e4700000, 0x00000000e4700000, 0x00000000e4800000|  0%| F|  |TAMS 0x00000000e4700000| PB 0x00000000e4700000| Untracked 
|  72|0x00000000e4800000, 0x00000000e4800000, 0x00000000e4900000|  0%| F|  |TAMS 0x00000000e4800000| PB 0x00000000e4800000| Untracked 
|  73|0x00000000e4900000, 0x00000000e4900000, 0x00000000e4a00000|  0%| F|  |TAMS 0x00000000e4900000| PB 0x00000000e4900000| Untracked 
|  74|0x00000000e4a00000, 0x00000000e4a00000, 0x00000000e4b00000|  0%| F|  |TAMS 0x00000000e4a00000| PB 0x00000000e4a00000| Untracked 
|  75|0x00000000e4b00000, 0x00000000e4b00000, 0x00000000e4c00000|  0%| F|  |TAMS 0x00000000e4b00000| PB 0x00000000e4b00000| Untracked 
|  76|0x00000000e4c00000, 0x00000000e4c00000, 0x00000000e4d00000|  0%| F|  |TAMS 0x00000000e4c00000| PB 0x00000000e4c00000| Untracked 
|  77|0x00000000e4d00000, 0x00000000e4d00000, 0x00000000e4e00000|  0%| F|  |TAMS 0x00000000e4d00000| PB 0x00000000e4d00000| Untracked 
|  78|0x00000000e4e00000, 0x00000000e4e00000, 0x00000000e4f00000|  0%| F|  |TAMS 0x00000000e4e00000| PB 0x00000000e4e00000| Untracked 
|  79|0x00000000e4f00000, 0x00000000e4f00000, 0x00000000e5000000|  0%| F|  |TAMS 0x00000000e4f00000| PB 0x00000000e4f00000| Untracked 
|  80|0x00000000e5000000, 0x00000000e5000000, 0x00000000e5100000|  0%| F|  |TAMS 0x00000000e5000000| PB 0x00000000e5000000| Untracked 
|  81|0x00000000e5100000, 0x00000000e5100000, 0x00000000e5200000|  0%| F|  |TAMS 0x00000000e5100000| PB 0x00000000e5100000| Untracked 
|  82|0x00000000e5200000, 0x00000000e5200000, 0x00000000e5300000|  0%| F|  |TAMS 0x00000000e5200000| PB 0x00000000e5200000| Untracked 
|  83|0x00000000e5300000, 0x00000000e5300000, 0x00000000e5400000|  0%| F|  |TAMS 0x00000000e5300000| PB 0x00000000e5300000| Untracked 
|  84|0x00000000e5400000, 0x00000000e5400000, 0x00000000e5500000|  0%| F|  |TAMS 0x00000000e5400000| PB 0x00000000e5400000| Untracked 
|  85|0x00000000e5500000, 0x00000000e5500000, 0x00000000e5600000|  0%| F|  |TAMS 0x00000000e5500000| PB 0x00000000e5500000| Untracked 
|  86|0x00000000e5600000, 0x00000000e5600000, 0x00000000e5700000|  0%| F|  |TAMS 0x00000000e5600000| PB 0x00000000e5600000| Untracked 
|  87|0x00000000e5700000, 0x00000000e5700000, 0x00000000e5800000|  0%| F|  |TAMS 0x00000000e5700000| PB 0x00000000e5700000| Untracked 
|  88|0x00000000e5800000, 0x00000000e5800000, 0x00000000e5900000|  0%| F|  |TAMS 0x00000000e5800000| PB 0x00000000e5800000| Untracked 
|  89|0x00000000e5900000, 0x00000000e5900000, 0x00000000e5a00000|  0%| F|  |TAMS 0x00000000e5900000| PB 0x00000000e5900000| Untracked 
|  90|0x00000000e5a00000, 0x00000000e5a00000, 0x00000000e5b00000|  0%| F|  |TAMS 0x00000000e5a00000| PB 0x00000000e5a00000| Untracked 
|  91|0x00000000e5b00000, 0x00000000e5b00000, 0x00000000e5c00000|  0%| F|  |TAMS 0x00000000e5b00000| PB 0x00000000e5b00000| Untracked 
|  92|0x00000000e5c00000, 0x00000000e5c00000, 0x00000000e5d00000|  0%| F|  |TAMS 0x00000000e5c00000| PB 0x00000000e5c00000| Untracked 
|  93|0x00000000e5d00000, 0x00000000e5d00000, 0x00000000e5e00000|  0%| F|  |TAMS 0x00000000e5d00000| PB 0x00000000e5d00000| Untracked 
|  94|0x00000000e5e00000, 0x00000000e5e00000, 0x00000000e5f00000|  0%| F|  |TAMS 0x00000000e5e00000| PB 0x00000000e5e00000| Untracked 
|  95|0x00000000e5f00000, 0x00000000e5f00000, 0x00000000e6000000|  0%| F|  |TAMS 0x00000000e5f00000| PB 0x00000000e5f00000| Untracked 
|  96|0x00000000e6000000, 0x00000000e6000000, 0x00000000e6100000|  0%| F|  |TAMS 0x00000000e6000000| PB 0x00000000e6000000| Untracked 
|  97|0x00000000e6100000, 0x00000000e6100000, 0x00000000e6200000|  0%| F|  |TAMS 0x00000000e6100000| PB 0x00000000e6100000| Untracked 
|  98|0x00000000e6200000, 0x00000000e6200000, 0x00000000e6300000|  0%| F|  |TAMS 0x00000000e6200000| PB 0x00000000e6200000| Untracked 
|  99|0x00000000e6300000, 0x00000000e6300000, 0x00000000e6400000|  0%| F|  |TAMS 0x00000000e6300000| PB 0x00000000e6300000| Untracked 
| 100|0x00000000e6400000, 0x00000000e6400000, 0x00000000e6500000|  0%| F|  |TAMS 0x00000000e6400000| PB 0x00000000e6400000| Untracked 
| 101|0x00000000e6500000, 0x00000000e6500000, 0x00000000e6600000|  0%| F|  |TAMS 0x00000000e6500000| PB 0x00000000e6500000| Untracked 
| 102|0x00000000e6600000, 0x00000000e6600000, 0x00000000e6700000|  0%| F|  |TAMS 0x00000000e6600000| PB 0x00000000e6600000| Untracked 
| 103|0x00000000e6700000, 0x00000000e6700000, 0x00000000e6800000|  0%| F|  |TAMS 0x00000000e6700000| PB 0x00000000e6700000| Untracked 
| 104|0x00000000e6800000, 0x00000000e6800000, 0x00000000e6900000|  0%| F|  |TAMS 0x00000000e6800000| PB 0x00000000e6800000| Untracked 
| 105|0x00000000e6900000, 0x00000000e6900000, 0x00000000e6a00000|  0%| F|  |TAMS 0x00000000e6900000| PB 0x00000000e6900000| Untracked 
| 106|0x00000000e6a00000, 0x00000000e6a00000, 0x00000000e6b00000|  0%| F|  |TAMS 0x00000000e6a00000| PB 0x00000000e6a00000| Untracked 
| 107|0x00000000e6b00000, 0x00000000e6b00000, 0x00000000e6c00000|  0%| F|  |TAMS 0x00000000e6b00000| PB 0x00000000e6b00000| Untracked 
| 108|0x00000000e6c00000, 0x00000000e6c00000, 0x00000000e6d00000|  0%| F|  |TAMS 0x00000000e6c00000| PB 0x00000000e6c00000| Untracked 
| 109|0x00000000e6d00000, 0x00000000e6d00000, 0x00000000e6e00000|  0%| F|  |TAMS 0x00000000e6d00000| PB 0x00000000e6d00000| Untracked 
| 110|0x00000000e6e00000, 0x00000000e6e00000, 0x00000000e6f00000|  0%| F|  |TAMS 0x00000000e6e00000| PB 0x00000000e6e00000| Untracked 
| 111|0x00000000e6f00000, 0x00000000e6f00000, 0x00000000e7000000|  0%| F|  |TAMS 0x00000000e6f00000| PB 0x00000000e6f00000| Untracked 
| 112|0x00000000e7000000, 0x00000000e7000000, 0x00000000e7100000|  0%| F|  |TAMS 0x00000000e7000000| PB 0x00000000e7000000| Untracked 
| 113|0x00000000e7100000, 0x00000000e7100000, 0x00000000e7200000|  0%| F|  |TAMS 0x00000000e7100000| PB 0x00000000e7100000| Untracked 
| 114|0x00000000e7200000, 0x00000000e7200000, 0x00000000e7300000|  0%| F|  |TAMS 0x00000000e7200000| PB 0x00000000e7200000| Untracked 
| 115|0x00000000e7300000, 0x00000000e7300000, 0x00000000e7400000|  0%| F|  |TAMS 0x00000000e7300000| PB 0x00000000e7300000| Untracked 
| 116|0x00000000e7400000, 0x00000000e7400000, 0x00000000e7500000|  0%| F|  |TAMS 0x00000000e7400000| PB 0x00000000e7400000| Untracked 
| 117|0x00000000e7500000, 0x00000000e7500000, 0x00000000e7600000|  0%| F|  |TAMS 0x00000000e7500000| PB 0x00000000e7500000| Untracked 
| 118|0x00000000e7600000, 0x00000000e7600000, 0x00000000e7700000|  0%| F|  |TAMS 0x00000000e7600000| PB 0x00000000e7600000| Untracked 
| 119|0x00000000e7700000, 0x00000000e7700000, 0x00000000e7800000|  0%| F|  |TAMS 0x00000000e7700000| PB 0x00000000e7700000| Untracked 
| 120|0x00000000e7800000, 0x00000000e7800000, 0x00000000e7900000|  0%| F|  |TAMS 0x00000000e7800000| PB 0x00000000e7800000| Untracked 
| 121|0x00000000e7900000, 0x00000000e7900000, 0x00000000e7a00000|  0%| F|  |TAMS 0x00000000e7900000| PB 0x00000000e7900000| Untracked 
| 122|0x00000000e7a00000, 0x00000000e7a00000, 0x00000000e7b00000|  0%| F|  |TAMS 0x00000000e7a00000| PB 0x00000000e7a00000| Untracked 
| 123|0x00000000e7b00000, 0x00000000e7b00000, 0x00000000e7c00000|  0%| F|  |TAMS 0x00000000e7b00000| PB 0x00000000e7b00000| Untracked 
| 124|0x00000000e7c00000, 0x00000000e7c00000, 0x00000000e7d00000|  0%| F|  |TAMS 0x00000000e7c00000| PB 0x00000000e7c00000| Untracked 
| 125|0x00000000e7d00000, 0x00000000e7d00000, 0x00000000e7e00000|  0%| F|  |TAMS 0x00000000e7d00000| PB 0x00000000e7d00000| Untracked 
| 126|0x00000000e7e00000, 0x00000000e7e00000, 0x00000000e7f00000|  0%| F|  |TAMS 0x00000000e7e00000| PB 0x00000000e7e00000| Untracked 
| 127|0x00000000e7f00000, 0x00000000e7f00000, 0x00000000e8000000|  0%| F|  |TAMS 0x00000000e7f00000| PB 0x00000000e7f00000| Untracked 
| 128|0x00000000e8000000, 0x00000000e8000000, 0x00000000e8100000|  0%| F|  |TAMS 0x00000000e8000000| PB 0x00000000e8000000| Untracked 
| 129|0x00000000e8100000, 0x00000000e8100000, 0x00000000e8200000|  0%| F|  |TAMS 0x00000000e8100000| PB 0x00000000e8100000| Untracked 
| 130|0x00000000e8200000, 0x00000000e8200000, 0x00000000e8300000|  0%| F|  |TAMS 0x00000000e8200000| PB 0x00000000e8200000| Untracked 
| 131|0x00000000e8300000, 0x00000000e8300000, 0x00000000e8400000|  0%| F|  |TAMS 0x00000000e8300000| PB 0x00000000e8300000| Untracked 
| 132|0x00000000e8400000, 0x00000000e8400000, 0x00000000e8500000|  0%| F|  |TAMS 0x00000000e8400000| PB 0x00000000e8400000| Untracked 
| 133|0x00000000e8500000, 0x00000000e8500000, 0x00000000e8600000|  0%| F|  |TAMS 0x00000000e8500000| PB 0x00000000e8500000| Untracked 
| 134|0x00000000e8600000, 0x00000000e8600000, 0x00000000e8700000|  0%| F|  |TAMS 0x00000000e8600000| PB 0x00000000e8600000| Untracked 
| 135|0x00000000e8700000, 0x00000000e8700000, 0x00000000e8800000|  0%| F|  |TAMS 0x00000000e8700000| PB 0x00000000e8700000| Untracked 
| 136|0x00000000e8800000, 0x00000000e8900000, 0x00000000e8900000|100%| S|CS|TAMS 0x00000000e8800000| PB 0x00000000e8800000| Complete 
| 137|0x00000000e8900000, 0x00000000e8a00000, 0x00000000e8a00000|100%| S|CS|TAMS 0x00000000e8900000| PB 0x00000000e8900000| Complete 
| 138|0x00000000e8a00000, 0x00000000e8b00000, 0x00000000e8b00000|100%| S|CS|TAMS 0x00000000e8a00000| PB 0x00000000e8a00000| Complete 
| 139|0x00000000e8b00000, 0x00000000e8c00000, 0x00000000e8c00000|100%| S|CS|TAMS 0x00000000e8b00000| PB 0x00000000e8b00000| Complete 
| 140|0x00000000e8c00000, 0x00000000e8d00000, 0x00000000e8d00000|100%| S|CS|TAMS 0x00000000e8c00000| PB 0x00000000e8c00000| Complete 
| 141|0x00000000e8d00000, 0x00000000e8e00000, 0x00000000e8e00000|100%| S|CS|TAMS 0x00000000e8d00000| PB 0x00000000e8d00000| Complete 
| 142|0x00000000e8e00000, 0x00000000e8f00000, 0x00000000e8f00000|100%| S|CS|TAMS 0x00000000e8e00000| PB 0x00000000e8e00000| Complete 
| 143|0x00000000e8f00000, 0x00000000e9000000, 0x00000000e9000000|100%| S|CS|TAMS 0x00000000e8f00000| PB 0x00000000e8f00000| Complete 
| 144|0x00000000e9000000, 0x00000000e9100000, 0x00000000e9100000|100%| S|CS|TAMS 0x00000000e9000000| PB 0x00000000e9000000| Complete 
| 145|0x00000000e9100000, 0x00000000e9200000, 0x00000000e9200000|100%| S|CS|TAMS 0x00000000e9100000| PB 0x00000000e9100000| Complete 
| 146|0x00000000e9200000, 0x00000000e9300000, 0x00000000e9300000|100%| S|CS|TAMS 0x00000000e9200000| PB 0x00000000e9200000| Complete 
| 147|0x00000000e9300000, 0x00000000e9400000, 0x00000000e9400000|100%| S|CS|TAMS 0x00000000e9300000| PB 0x00000000e9300000| Complete 
| 148|0x00000000e9400000, 0x00000000e9400000, 0x00000000e9500000|  0%| F|  |TAMS 0x00000000e9400000| PB 0x00000000e9400000| Untracked 
| 149|0x00000000e9500000, 0x00000000e9500000, 0x00000000e9600000|  0%| F|  |TAMS 0x00000000e9500000| PB 0x00000000e9500000| Untracked 
| 150|0x00000000e9600000, 0x00000000e9600000, 0x00000000e9700000|  0%| F|  |TAMS 0x00000000e9600000| PB 0x00000000e9600000| Untracked 
| 151|0x00000000e9700000, 0x00000000e9700000, 0x00000000e9800000|  0%| F|  |TAMS 0x00000000e9700000| PB 0x00000000e9700000| Untracked 
| 152|0x00000000e9800000, 0x00000000e9800000, 0x00000000e9900000|  0%| F|  |TAMS 0x00000000e9800000| PB 0x00000000e9800000| Untracked 
| 153|0x00000000e9900000, 0x00000000e9900000, 0x00000000e9a00000|  0%| F|  |TAMS 0x00000000e9900000| PB 0x00000000e9900000| Untracked 
| 154|0x00000000e9a00000, 0x00000000e9a00000, 0x00000000e9b00000|  0%| F|  |TAMS 0x00000000e9a00000| PB 0x00000000e9a00000| Untracked 
| 155|0x00000000e9b00000, 0x00000000e9b00000, 0x00000000e9c00000|  0%| F|  |TAMS 0x00000000e9b00000| PB 0x00000000e9b00000| Untracked 
| 156|0x00000000e9c00000, 0x00000000e9c00000, 0x00000000e9d00000|  0%| F|  |TAMS 0x00000000e9c00000| PB 0x00000000e9c00000| Untracked 
| 157|0x00000000e9d00000, 0x00000000e9d00000, 0x00000000e9e00000|  0%| F|  |TAMS 0x00000000e9d00000| PB 0x00000000e9d00000| Untracked 
| 158|0x00000000e9e00000, 0x00000000e9e00000, 0x00000000e9f00000|  0%| F|  |TAMS 0x00000000e9e00000| PB 0x00000000e9e00000| Untracked 
| 159|0x00000000e9f00000, 0x00000000e9f00000, 0x00000000ea000000|  0%| F|  |TAMS 0x00000000e9f00000| PB 0x00000000e9f00000| Untracked 
| 160|0x00000000ea000000, 0x00000000ea000000, 0x00000000ea100000|  0%| F|  |TAMS 0x00000000ea000000| PB 0x00000000ea000000| Untracked 
| 161|0x00000000ea100000, 0x00000000ea100000, 0x00000000ea200000|  0%| F|  |TAMS 0x00000000ea100000| PB 0x00000000ea100000| Untracked 
| 162|0x00000000ea200000, 0x00000000ea200000, 0x00000000ea300000|  0%| F|  |TAMS 0x00000000ea200000| PB 0x00000000ea200000| Untracked 
| 163|0x00000000ea300000, 0x00000000ea300000, 0x00000000ea400000|  0%| F|  |TAMS 0x00000000ea300000| PB 0x00000000ea300000| Untracked 
| 164|0x00000000ea400000, 0x00000000ea400000, 0x00000000ea500000|  0%| F|  |TAMS 0x00000000ea400000| PB 0x00000000ea400000| Untracked 
| 165|0x00000000ea500000, 0x00000000ea500000, 0x00000000ea600000|  0%| F|  |TAMS 0x00000000ea500000| PB 0x00000000ea500000| Untracked 
| 166|0x00000000ea600000, 0x00000000ea600000, 0x00000000ea700000|  0%| F|  |TAMS 0x00000000ea600000| PB 0x00000000ea600000| Untracked 
| 167|0x00000000ea700000, 0x00000000ea700000, 0x00000000ea800000|  0%| F|  |TAMS 0x00000000ea700000| PB 0x00000000ea700000| Untracked 
| 168|0x00000000ea800000, 0x00000000ea800000, 0x00000000ea900000|  0%| F|  |TAMS 0x00000000ea800000| PB 0x00000000ea800000| Untracked 
| 169|0x00000000ea900000, 0x00000000ea900000, 0x00000000eaa00000|  0%| F|  |TAMS 0x00000000ea900000| PB 0x00000000ea900000| Untracked 
| 170|0x00000000eaa00000, 0x00000000eaa00000, 0x00000000eab00000|  0%| F|  |TAMS 0x00000000eaa00000| PB 0x00000000eaa00000| Untracked 
| 171|0x00000000eab00000, 0x00000000eab00000, 0x00000000eac00000|  0%| F|  |TAMS 0x00000000eab00000| PB 0x00000000eab00000| Untracked 
| 172|0x00000000eac00000, 0x00000000ead00000, 0x00000000ead00000|100%| E|  |TAMS 0x00000000eac00000| PB 0x00000000eac00000| Complete 
| 173|0x00000000ead00000, 0x00000000eae00000, 0x00000000eae00000|100%| E|  |TAMS 0x00000000ead00000| PB 0x00000000ead00000| Complete 
| 174|0x00000000eae00000, 0x00000000eaf00000, 0x00000000eaf00000|100%| E|CS|TAMS 0x00000000eae00000| PB 0x00000000eae00000| Complete 
| 175|0x00000000eaf00000, 0x00000000eb000000, 0x00000000eb000000|100%| E|CS|TAMS 0x00000000eaf00000| PB 0x00000000eaf00000| Complete 
| 176|0x00000000eb000000, 0x00000000eb100000, 0x00000000eb100000|100%| E|CS|TAMS 0x00000000eb000000| PB 0x00000000eb000000| Complete 
| 177|0x00000000eb100000, 0x00000000eb200000, 0x00000000eb200000|100%| E|CS|TAMS 0x00000000eb100000| PB 0x00000000eb100000| Complete 
| 178|0x00000000eb200000, 0x00000000eb300000, 0x00000000eb300000|100%| E|CS|TAMS 0x00000000eb200000| PB 0x00000000eb200000| Complete 
| 179|0x00000000eb300000, 0x00000000eb400000, 0x00000000eb400000|100%| E|CS|TAMS 0x00000000eb300000| PB 0x00000000eb300000| Complete 
| 180|0x00000000eb400000, 0x00000000eb500000, 0x00000000eb500000|100%| E|CS|TAMS 0x00000000eb400000| PB 0x00000000eb400000| Complete 
| 181|0x00000000eb500000, 0x00000000eb600000, 0x00000000eb600000|100%| E|CS|TAMS 0x00000000eb500000| PB 0x00000000eb500000| Complete 
| 182|0x00000000eb600000, 0x00000000eb700000, 0x00000000eb700000|100%| E|CS|TAMS 0x00000000eb600000| PB 0x00000000eb600000| Complete 
| 183|0x00000000eb700000, 0x00000000eb800000, 0x00000000eb800000|100%| E|CS|TAMS 0x00000000eb700000| PB 0x00000000eb700000| Complete 
| 184|0x00000000eb800000, 0x00000000eb900000, 0x00000000eb900000|100%| E|CS|TAMS 0x00000000eb800000| PB 0x00000000eb800000| Complete 
| 185|0x00000000eb900000, 0x00000000eba00000, 0x00000000eba00000|100%| E|CS|TAMS 0x00000000eb900000| PB 0x00000000eb900000| Complete 
| 186|0x00000000eba00000, 0x00000000ebb00000, 0x00000000ebb00000|100%| E|CS|TAMS 0x00000000eba00000| PB 0x00000000eba00000| Complete 
| 187|0x00000000ebb00000, 0x00000000ebc00000, 0x00000000ebc00000|100%| E|CS|TAMS 0x00000000ebb00000| PB 0x00000000ebb00000| Complete 
| 188|0x00000000ebc00000, 0x00000000ebd00000, 0x00000000ebd00000|100%| E|CS|TAMS 0x00000000ebc00000| PB 0x00000000ebc00000| Complete 
| 189|0x00000000ebd00000, 0x00000000ebe00000, 0x00000000ebe00000|100%| E|CS|TAMS 0x00000000ebd00000| PB 0x00000000ebd00000| Complete 
| 190|0x00000000ebe00000, 0x00000000ebf00000, 0x00000000ebf00000|100%| E|CS|TAMS 0x00000000ebe00000| PB 0x00000000ebe00000| Complete 
| 191|0x00000000ebf00000, 0x00000000ec000000, 0x00000000ec000000|100%| E|CS|TAMS 0x00000000ebf00000| PB 0x00000000ebf00000| Complete 
| 192|0x00000000ec000000, 0x00000000ec100000, 0x00000000ec100000|100%| E|CS|TAMS 0x00000000ec000000| PB 0x00000000ec000000| Complete 
| 193|0x00000000ec100000, 0x00000000ec200000, 0x00000000ec200000|100%| E|CS|TAMS 0x00000000ec100000| PB 0x00000000ec100000| Complete 
| 194|0x00000000ec200000, 0x00000000ec300000, 0x00000000ec300000|100%| E|CS|TAMS 0x00000000ec200000| PB 0x00000000ec200000| Complete 
| 195|0x00000000ec300000, 0x00000000ec400000, 0x00000000ec400000|100%| E|CS|TAMS 0x00000000ec300000| PB 0x00000000ec300000| Complete 
| 196|0x00000000ec400000, 0x00000000ec500000, 0x00000000ec500000|100%| E|CS|TAMS 0x00000000ec400000| PB 0x00000000ec400000| Complete 
| 197|0x00000000ec500000, 0x00000000ec600000, 0x00000000ec600000|100%| E|CS|TAMS 0x00000000ec500000| PB 0x00000000ec500000| Complete 
| 198|0x00000000ec600000, 0x00000000ec700000, 0x00000000ec700000|100%| E|CS|TAMS 0x00000000ec600000| PB 0x00000000ec600000| Complete 
| 199|0x00000000ec700000, 0x00000000ec800000, 0x00000000ec800000|100%| E|CS|TAMS 0x00000000ec700000| PB 0x00000000ec700000| Complete 
| 200|0x00000000ec800000, 0x00000000ec900000, 0x00000000ec900000|100%| E|CS|TAMS 0x00000000ec800000| PB 0x00000000ec800000| Complete 
| 201|0x00000000ec900000, 0x00000000eca00000, 0x00000000eca00000|100%| E|CS|TAMS 0x00000000ec900000| PB 0x00000000ec900000| Complete 
| 202|0x00000000eca00000, 0x00000000ecb00000, 0x00000000ecb00000|100%| E|CS|TAMS 0x00000000eca00000| PB 0x00000000eca00000| Complete 
| 203|0x00000000ecb00000, 0x00000000ecc00000, 0x00000000ecc00000|100%| E|CS|TAMS 0x00000000ecb00000| PB 0x00000000ecb00000| Complete 
| 204|0x00000000ecc00000, 0x00000000ecd00000, 0x00000000ecd00000|100%| E|CS|TAMS 0x00000000ecc00000| PB 0x00000000ecc00000| Complete 
| 205|0x00000000ecd00000, 0x00000000ece00000, 0x00000000ece00000|100%| E|CS|TAMS 0x00000000ecd00000| PB 0x00000000ecd00000| Complete 
| 206|0x00000000ece00000, 0x00000000ecf00000, 0x00000000ecf00000|100%| E|CS|TAMS 0x00000000ece00000| PB 0x00000000ece00000| Complete 
| 207|0x00000000ecf00000, 0x00000000ed000000, 0x00000000ed000000|100%| E|CS|TAMS 0x00000000ecf00000| PB 0x00000000ecf00000| Complete 
| 208|0x00000000ed000000, 0x00000000ed100000, 0x00000000ed100000|100%| E|CS|TAMS 0x00000000ed000000| PB 0x00000000ed000000| Complete 
| 209|0x00000000ed100000, 0x00000000ed200000, 0x00000000ed200000|100%| E|CS|TAMS 0x00000000ed100000| PB 0x00000000ed100000| Complete 
| 210|0x00000000ed200000, 0x00000000ed300000, 0x00000000ed300000|100%| E|CS|TAMS 0x00000000ed200000| PB 0x00000000ed200000| Complete 
| 211|0x00000000ed300000, 0x00000000ed400000, 0x00000000ed400000|100%| E|CS|TAMS 0x00000000ed300000| PB 0x00000000ed300000| Complete 
| 212|0x00000000ed400000, 0x00000000ed500000, 0x00000000ed500000|100%| E|CS|TAMS 0x00000000ed400000| PB 0x00000000ed400000| Complete 
| 213|0x00000000ed500000, 0x00000000ed600000, 0x00000000ed600000|100%| E|CS|TAMS 0x00000000ed500000| PB 0x00000000ed500000| Complete 
| 214|0x00000000ed600000, 0x00000000ed700000, 0x00000000ed700000|100%| E|CS|TAMS 0x00000000ed600000| PB 0x00000000ed600000| Complete 
| 215|0x00000000ed700000, 0x00000000ed800000, 0x00000000ed800000|100%| E|CS|TAMS 0x00000000ed700000| PB 0x00000000ed700000| Complete 
| 216|0x00000000ed800000, 0x00000000ed900000, 0x00000000ed900000|100%| E|CS|TAMS 0x00000000ed800000| PB 0x00000000ed800000| Complete 
| 217|0x00000000ed900000, 0x00000000eda00000, 0x00000000eda00000|100%| E|CS|TAMS 0x00000000ed900000| PB 0x00000000ed900000| Complete 
| 218|0x00000000eda00000, 0x00000000edb00000, 0x00000000edb00000|100%| E|CS|TAMS 0x00000000eda00000| PB 0x00000000eda00000| Complete 
| 219|0x00000000edb00000, 0x00000000edc00000, 0x00000000edc00000|100%| E|CS|TAMS 0x00000000edb00000| PB 0x00000000edb00000| Complete 
| 220|0x00000000edc00000, 0x00000000edd00000, 0x00000000edd00000|100%| E|CS|TAMS 0x00000000edc00000| PB 0x00000000edc00000| Complete 
| 221|0x00000000edd00000, 0x00000000ede00000, 0x00000000ede00000|100%| E|CS|TAMS 0x00000000edd00000| PB 0x00000000edd00000| Complete 
| 222|0x00000000ede00000, 0x00000000edf00000, 0x00000000edf00000|100%| E|CS|TAMS 0x00000000ede00000| PB 0x00000000ede00000| Complete 
| 223|0x00000000edf00000, 0x00000000ee000000, 0x00000000ee000000|100%| E|CS|TAMS 0x00000000edf00000| PB 0x00000000edf00000| Complete 
| 224|0x00000000ee000000, 0x00000000ee100000, 0x00000000ee100000|100%| E|CS|TAMS 0x00000000ee000000| PB 0x00000000ee000000| Complete 
| 225|0x00000000ee100000, 0x00000000ee200000, 0x00000000ee200000|100%| E|CS|TAMS 0x00000000ee100000| PB 0x00000000ee100000| Complete 
| 226|0x00000000ee200000, 0x00000000ee300000, 0x00000000ee300000|100%| E|CS|TAMS 0x00000000ee200000| PB 0x00000000ee200000| Complete 
| 227|0x00000000ee300000, 0x00000000ee400000, 0x00000000ee400000|100%| E|CS|TAMS 0x00000000ee300000| PB 0x00000000ee300000| Complete 
| 228|0x00000000ee400000, 0x00000000ee500000, 0x00000000ee500000|100%| E|CS|TAMS 0x00000000ee400000| PB 0x00000000ee400000| Complete 
| 229|0x00000000ee500000, 0x00000000ee600000, 0x00000000ee600000|100%| E|CS|TAMS 0x00000000ee500000| PB 0x00000000ee500000| Complete 
| 230|0x00000000ee600000, 0x00000000ee700000, 0x00000000ee700000|100%| E|CS|TAMS 0x00000000ee600000| PB 0x00000000ee600000| Complete 
| 231|0x00000000ee700000, 0x00000000ee800000, 0x00000000ee800000|100%| E|CS|TAMS 0x00000000ee700000| PB 0x00000000ee700000| Complete 
| 232|0x00000000ee800000, 0x00000000ee900000, 0x00000000ee900000|100%| E|CS|TAMS 0x00000000ee800000| PB 0x00000000ee800000| Complete 
| 233|0x00000000ee900000, 0x00000000eea00000, 0x00000000eea00000|100%| E|CS|TAMS 0x00000000ee900000| PB 0x00000000ee900000| Complete 
| 234|0x00000000eea00000, 0x00000000eeb00000, 0x00000000eeb00000|100%| E|CS|TAMS 0x00000000eea00000| PB 0x00000000eea00000| Complete 
| 235|0x00000000eeb00000, 0x00000000eec00000, 0x00000000eec00000|100%| E|CS|TAMS 0x00000000eeb00000| PB 0x00000000eeb00000| Complete 
| 236|0x00000000eec00000, 0x00000000eed00000, 0x00000000eed00000|100%| E|CS|TAMS 0x00000000eec00000| PB 0x00000000eec00000| Complete 
| 237|0x00000000eed00000, 0x00000000eee00000, 0x00000000eee00000|100%| E|CS|TAMS 0x00000000eed00000| PB 0x00000000eed00000| Complete 
| 238|0x00000000eee00000, 0x00000000eef00000, 0x00000000eef00000|100%| E|CS|TAMS 0x00000000eee00000| PB 0x00000000eee00000| Complete 
| 239|0x00000000eef00000, 0x00000000ef000000, 0x00000000ef000000|100%| E|CS|TAMS 0x00000000eef00000| PB 0x00000000eef00000| Complete 
| 240|0x00000000ef000000, 0x00000000ef100000, 0x00000000ef100000|100%| E|CS|TAMS 0x00000000ef000000| PB 0x00000000ef000000| Complete 
| 241|0x00000000ef100000, 0x00000000ef200000, 0x00000000ef200000|100%| E|CS|TAMS 0x00000000ef100000| PB 0x00000000ef100000| Complete 
| 242|0x00000000ef200000, 0x00000000ef300000, 0x00000000ef300000|100%| E|CS|TAMS 0x00000000ef200000| PB 0x00000000ef200000| Complete 
| 243|0x00000000ef300000, 0x00000000ef400000, 0x00000000ef400000|100%| E|CS|TAMS 0x00000000ef300000| PB 0x00000000ef300000| Complete 
| 244|0x00000000ef400000, 0x00000000ef500000, 0x00000000ef500000|100%| E|CS|TAMS 0x00000000ef400000| PB 0x00000000ef400000| Complete 
| 245|0x00000000ef500000, 0x00000000ef600000, 0x00000000ef600000|100%| E|CS|TAMS 0x00000000ef500000| PB 0x00000000ef500000| Complete 
| 246|0x00000000ef600000, 0x00000000ef700000, 0x00000000ef700000|100%| E|CS|TAMS 0x00000000ef600000| PB 0x00000000ef600000| Complete 
| 247|0x00000000ef700000, 0x00000000ef800000, 0x00000000ef800000|100%| E|CS|TAMS 0x00000000ef700000| PB 0x00000000ef700000| Complete 
| 248|0x00000000ef800000, 0x00000000ef900000, 0x00000000ef900000|100%| E|CS|TAMS 0x00000000ef800000| PB 0x00000000ef800000| Complete 
| 249|0x00000000ef900000, 0x00000000efa00000, 0x00000000efa00000|100%| E|CS|TAMS 0x00000000ef900000| PB 0x00000000ef900000| Complete 
| 250|0x00000000efa00000, 0x00000000efb00000, 0x00000000efb00000|100%| E|CS|TAMS 0x00000000efa00000| PB 0x00000000efa00000| Complete 
| 251|0x00000000efb00000, 0x00000000efc00000, 0x00000000efc00000|100%| E|CS|TAMS 0x00000000efb00000| PB 0x00000000efb00000| Complete 
| 252|0x00000000efc00000, 0x00000000efd00000, 0x00000000efd00000|100%| E|CS|TAMS 0x00000000efc00000| PB 0x00000000efc00000| Complete 
| 253|0x00000000efd00000, 0x00000000efe00000, 0x00000000efe00000|100%| E|CS|TAMS 0x00000000efd00000| PB 0x00000000efd00000| Complete 
| 254|0x00000000efe00000, 0x00000000eff00000, 0x00000000eff00000|100%| E|CS|TAMS 0x00000000efe00000| PB 0x00000000efe00000| Complete 
| 255|0x00000000eff00000, 0x00000000f0000000, 0x00000000f0000000|100%| E|CS|TAMS 0x00000000eff00000| PB 0x00000000eff00000| Complete 

Card table byte_map: [0x0000018abaeb0000,0x0000018abafb0000] _byte_map_base: 0x0000018aba7b0000

Marking Bits: (CMBitMap*) 0x0000018aa172c830
 Bits: [0x0000018abafb0000, 0x0000018abb7b0000)

Polling page: 0x0000018aa17d0000

Metaspace:

Usage:
  Non-class:     28.91 MB used.
      Class:      4.90 MB used.
       Both:     33.81 MB used.

Virtual space:
  Non-class space:       64.00 MB reserved,      29.50 MB ( 46%) committed,  1 nodes.
      Class space:      320.00 MB reserved,       5.44 MB (  2%) committed,  1 nodes.
             Both:      384.00 MB reserved,      34.94 MB (  9%) committed. 

Chunk freelists:
   Non-Class:  2.00 MB
       Class:  10.50 MB
        Both:  12.50 MB

MaxMetaspaceSize: 384.00 MB
CompressedClassSpaceSize: 320.00 MB
Initial GC threshold: 21.00 MB
Current GC threshold: 35.56 MB
CDS: on
 - commit_granule_bytes: 65536.
 - commit_granule_words: 8192.
 - virtual_space_node_default_size: 8388608.
 - enlarge_chunks_in_place: 1.
 - use_allocation_guard: 0.


Internal statistics:

num_allocs_failed_limit: 3.
num_arena_births: 2060.
num_arena_deaths: 0.
num_vsnodes_births: 2.
num_vsnodes_deaths: 0.
num_space_committed: 559.
num_space_uncommitted: 0.
num_chunks_returned_to_freelist: 3.
num_chunks_taken_from_freelist: 3559.
num_chunk_merges: 3.
num_chunk_splits: 2317.
num_chunks_enlarged: 1448.
num_inconsistent_stats: 0.

CodeHeap 'non-profiled nmethods': size=120000Kb used=2154Kb max_used=2154Kb free=117845Kb
 bounds [0x0000018ab2e10000, 0x0000018ab3080000, 0x0000018aba340000]
CodeHeap 'profiled nmethods': size=120000Kb used=7806Kb max_used=7806Kb free=112193Kb
 bounds [0x0000018aab340000, 0x0000018aabae0000, 0x0000018ab2870000]
CodeHeap 'non-nmethods': size=5760Kb used=1906Kb max_used=1906Kb free=3853Kb
 bounds [0x0000018ab2870000, 0x0000018ab2ae0000, 0x0000018ab2e10000]
 total_blobs=4536 nmethods=3855 adapters=585
 compilation: enabled
              stopped_count=0, restarted_count=0
 full_count=0

Compilation events (20 events):
Event: 20.434 Thread 0x0000018abe236200 nmethod 3848 0x0000018aabad8490 code [0x0000018aabad8660, 0x0000018aabad89a0]
Event: 20.434 Thread 0x0000018abe236200 3849       3       org.codehaus.groovy.reflection.CachedClass::getName (8 bytes)
Event: 20.434 Thread 0x0000018abe236200 nmethod 3849 0x0000018aabad8a90 code [0x0000018aabad8c40, 0x0000018aabad8e50]
Event: 20.435 Thread 0x0000018abe236200 3850       3       java.lang.invoke.MethodHandle::setAsTypeCache (33 bytes)
Event: 20.436 Thread 0x0000018abe236200 nmethod 3850 0x0000018aabad8f90 code [0x0000018aabad91a0, 0x0000018aabad9790]
Event: 20.437 Thread 0x0000018abe236200 3851       1       java.lang.reflect.Field::getDeclaringClass (5 bytes)
Event: 20.438 Thread 0x0000018abe236200 nmethod 3851 0x0000018ab3029b10 code [0x0000018ab3029ca0, 0x0000018ab3029d68]
Event: 20.441 Thread 0x0000018abe236200 3852       3       org.codehaus.groovy.reflection.CachedMethod::getReturnType (8 bytes)
Event: 20.441 Thread 0x0000018abe236200 nmethod 3852 0x0000018aabad9990 code [0x0000018aabad9b20, 0x0000018aabad9c50]
Event: 20.441 Thread 0x0000018abe236200 3853       3       java.beans.MethodRef::get (91 bytes)
Event: 20.442 Thread 0x0000018abe235760 3855       4       sun.invoke.util.VerifyAccess::isTypeVisible (118 bytes)
Event: 20.442 Thread 0x0000018abe236200 nmethod 3853 0x0000018aabad9d10 code [0x0000018aabad9f60, 0x0000018aabadaaf8]
Event: 20.442 Thread 0x0000018abe236200 3854       1       groovy.lang.MetaProperty::getName (5 bytes)
Event: 20.443 Thread 0x0000018abe236200 nmethod 3854 0x0000018ab3029e10 code [0x0000018ab3029fa0, 0x0000018ab302a068]
Event: 20.443 Thread 0x0000018abe236200 3856       3       org.codehaus.groovy.util.ComplexKeyHashMap::hash (31 bytes)
Event: 20.443 Thread 0x0000018abe236200 nmethod 3856 0x0000018aabadae10 code [0x0000018aabadafa0, 0x0000018aabadb0b0]
Event: 20.443 Thread 0x0000018abe236200 3857       3       org.codehaus.groovy.util.SingleKeyHashMap::getOrPut (137 bytes)
Event: 20.444 Thread 0x0000018abe236200 nmethod 3857 0x0000018aabadb190 code [0x0000018aabadb3e0, 0x0000018aabadbf88]
Event: 20.456 Thread 0x0000018abe235760 nmethod 3855 0x0000018ab302a110 code [0x0000018ab302a300, 0x0000018ab302a6c8]
Event: 20.456 Thread 0x0000018abe235760 3858       4       java.lang.ClassLoader::postDefineClass (39 bytes)

GC Heap History (6 events):
Event: 8.896 GC heap before
{Heap before GC invocations=0 (full 0):
 garbage-first heap   total 262144K, used 26624K [0x00000000e0000000, 0x0000000100000000)
  region size 1024K, 23 young (23552K), 0 survivors (0K)
 Metaspace       used 3193K, committed 3328K, reserved 393216K
  class space    used 402K, committed 448K, reserved 327680K
}
Event: 8.931 GC heap after
{Heap after GC invocations=1 (full 0):
 garbage-first heap   total 262144K, used 10240K [0x00000000e0000000, 0x0000000100000000)
  region size 1024K, 3 young (3072K), 3 survivors (3072K)
 Metaspace       used 3193K, committed 3328K, reserved 393216K
  class space    used 402K, committed 448K, reserved 327680K
}
Event: 10.917 GC heap before
{Heap before GC invocations=1 (full 0):
 garbage-first heap   total 262144K, used 38912K [0x00000000e0000000, 0x0000000100000000)
  region size 1024K, 31 young (31744K), 3 survivors (3072K)
 Metaspace       used 4179K, committed 4416K, reserved 393216K
  class space    used 502K, committed 640K, reserved 327680K
}
Event: 10.922 GC heap after
{Heap after GC invocations=2 (full 0):
 garbage-first heap   total 262144K, used 11351K [0x00000000e0000000, 0x0000000100000000)
  region size 1024K, 1 young (1024K), 1 survivors (1024K)
 Metaspace       used 4179K, committed 4416K, reserved 393216K
  class space    used 502K, committed 640K, reserved 327680K
}
Event: 16.611 GC heap before
{Heap before GC invocations=2 (full 0):
 garbage-first heap   total 262144K, used 119895K [0x00000000e0000000, 0x0000000100000000)
  region size 1024K, 108 young (110592K), 1 survivors (1024K)
 Metaspace       used 20861K, committed 21504K, reserved 393216K
  class space    used 3021K, committed 3328K, reserved 327680K
}
Event: 16.679 GC heap after
{Heap after GC invocations=3 (full 0):
 garbage-first heap   total 262144K, used 22782K [0x00000000e0000000, 0x0000000100000000)
  region size 1024K, 12 young (12288K), 12 survivors (12288K)
 Metaspace       used 20861K, committed 21504K, reserved 393216K
  class space    used 3021K, committed 3328K, reserved 327680K
}

Dll operation events (15 events):
Event: 0.223 Loaded shared library C:\Users\Plamen Kamenov\.jdks\openjdk-21.0.2\bin\java.dll
Event: 0.533 Loaded shared library C:\Users\Plamen Kamenov\.jdks\openjdk-21.0.2\bin\jsvml.dll
Event: 1.326 Loaded shared library C:\Users\Plamen Kamenov\.jdks\openjdk-21.0.2\bin\zip.dll
Event: 1.370 Loaded shared library C:\Users\Plamen Kamenov\.jdks\openjdk-21.0.2\bin\instrument.dll
Event: 1.385 Loaded shared library C:\Users\Plamen Kamenov\.jdks\openjdk-21.0.2\bin\net.dll
Event: 1.391 Loaded shared library C:\Users\Plamen Kamenov\.jdks\openjdk-21.0.2\bin\nio.dll
Event: 1.409 Loaded shared library C:\Users\Plamen Kamenov\.jdks\openjdk-21.0.2\bin\zip.dll
Event: 4.381 Loaded shared library C:\Users\Plamen Kamenov\.jdks\openjdk-21.0.2\bin\jimage.dll
Event: 6.610 Loaded shared library C:\Users\Plamen Kamenov\.jdks\openjdk-21.0.2\bin\verify.dll
Event: 8.620 Loaded shared library C:\Users\Plamen Kamenov\.gradle\native\c067742578af261105cb4f569cf0c3c89f3d7b1fecec35dd04571415982c5e48\windows-amd64\native-platform.dll
Event: 8.644 Loaded shared library C:\Users\Plamen Kamenov\.gradle\native\38dada09dfb8b06ba9b0570ebf7e218e3eb74d4ef43ca46872605cf95ebc2f47\windows-amd64\native-platform-file-events.dll
Event: 12.131 Loaded shared library C:\Users\Plamen Kamenov\.jdks\openjdk-21.0.2\bin\management.dll
Event: 12.140 Loaded shared library C:\Users\Plamen Kamenov\.jdks\openjdk-21.0.2\bin\management_ext.dll
Event: 12.626 Loaded shared library C:\Users\Plamen Kamenov\.jdks\openjdk-21.0.2\bin\extnet.dll
Event: 12.948 Loaded shared library C:\Users\Plamen Kamenov\.jdks\openjdk-21.0.2\bin\sunmscapi.dll

Deoptimization events (20 events):
Event: 19.700 Thread 0x0000018ad8b655e0 Uncommon trap: trap_request=0xffffff45 fr.pc=0x0000018ab2f395ac relative=0x000000000000068c
Event: 19.700 Thread 0x0000018ad8b655e0 Uncommon trap: reason=unstable_if action=reinterpret pc=0x0000018ab2f395ac method=jdk.internal.org.objectweb.asm.MethodWriter.visitVarInsn(II)V @ 108 c2
Event: 19.700 Thread 0x0000018ad8b655e0 DEOPT PACKING pc=0x0000018ab2f395ac sp=0x0000003b0baefd90
Event: 19.700 Thread 0x0000018ad8b655e0 DEOPT UNPACKING pc=0x0000018ab28c46a2 sp=0x0000003b0baefd58 mode 2
Event: 19.700 Thread 0x0000018ad8b655e0 Uncommon trap: trap_request=0xffffff45 fr.pc=0x0000018ab2ff5c30 relative=0x00000000000015f0
Event: 19.700 Thread 0x0000018ad8b655e0 Uncommon trap: reason=unstable_if action=reinterpret pc=0x0000018ab2ff5c30 method=jdk.internal.org.objectweb.asm.MethodWriter.visitMethodInsn(ILjava/lang/String;Ljava/lang/String;Ljava/lang/String;Z)V @ 81 c2
Event: 19.700 Thread 0x0000018ad8b655e0 DEOPT PACKING pc=0x0000018ab2ff5c30 sp=0x0000003b0baefd60
Event: 19.700 Thread 0x0000018ad8b655e0 DEOPT UNPACKING pc=0x0000018ab28c46a2 sp=0x0000003b0baefd20 mode 2
Event: 19.700 Thread 0x0000018ad8b655e0 Uncommon trap: trap_request=0xffffff45 fr.pc=0x0000018ab2faf8c8 relative=0x00000000000009a8
Event: 19.700 Thread 0x0000018ad8b655e0 Uncommon trap: reason=unstable_if action=reinterpret pc=0x0000018ab2faf8c8 method=jdk.internal.org.objectweb.asm.MethodWriter.visitInsn(I)V @ 24 c2
Event: 19.700 Thread 0x0000018ad8b655e0 DEOPT PACKING pc=0x0000018ab2faf8c8 sp=0x0000003b0baefd70
Event: 19.700 Thread 0x0000018ad8b655e0 DEOPT UNPACKING pc=0x0000018ab28c46a2 sp=0x0000003b0baefd58 mode 2
Event: 19.705 Thread 0x0000018ad8b655e0 Uncommon trap: trap_request=0xffffff45 fr.pc=0x0000018ab2f68630 relative=0x0000000000000d50
Event: 19.705 Thread 0x0000018ad8b655e0 Uncommon trap: reason=unstable_if action=reinterpret pc=0x0000018ab2f68630 method=java.lang.invoke.LambdaForm.useCount(Ljava/lang/invoke/LambdaForm$Name;)I @ 8 c2
Event: 19.705 Thread 0x0000018ad8b655e0 DEOPT PACKING pc=0x0000018ab2f68630 sp=0x0000003b0baf5750
Event: 19.705 Thread 0x0000018ad8b655e0 DEOPT UNPACKING pc=0x0000018ab28c46a2 sp=0x0000003b0baf5620 mode 2
Event: 20.067 Thread 0x0000018ad8b655e0 Uncommon trap: trap_request=0xffffff45 fr.pc=0x0000018ab2eaaf64 relative=0x0000000000000644
Event: 20.067 Thread 0x0000018ad8b655e0 Uncommon trap: reason=unstable_if action=reinterpret pc=0x0000018ab2eaaf64 method=java.util.Properties$LineReader.readLine()I @ 95 c2
Event: 20.067 Thread 0x0000018ad8b655e0 DEOPT PACKING pc=0x0000018ab2eaaf64 sp=0x0000003b0baf8120
Event: 20.067 Thread 0x0000018ad8b655e0 DEOPT UNPACKING pc=0x0000018ab28c46a2 sp=0x0000003b0baf80d0 mode 2

Classes loaded (20 events):
Event: 20.415 Loading class java/util/Hashtable$EntrySet
Event: 20.416 Loading class java/util/Hashtable$EntrySet done
Event: 20.438 Loading class java/util/concurrent/locks/ReentrantReadWriteLock
Event: 20.438 Loading class java/util/concurrent/locks/ReadWriteLock
Event: 20.438 Loading class java/util/concurrent/locks/ReadWriteLock done
Event: 20.438 Loading class java/util/concurrent/locks/ReentrantReadWriteLock done
Event: 20.446 Loading class java/util/ServiceConfigurationError
Event: 20.446 Loading class java/util/ServiceConfigurationError done
Event: 20.447 Loading class java/util/concurrent/locks/ReentrantReadWriteLock$NonfairSync
Event: 20.447 Loading class java/util/concurrent/locks/ReentrantReadWriteLock$Sync
Event: 20.447 Loading class java/util/concurrent/locks/ReentrantReadWriteLock$Sync done
Event: 20.447 Loading class java/util/concurrent/locks/ReentrantReadWriteLock$NonfairSync done
Event: 20.447 Loading class java/util/concurrent/locks/ReentrantReadWriteLock$Sync$ThreadLocalHoldCounter
Event: 20.447 Loading class java/util/concurrent/locks/ReentrantReadWriteLock$Sync$ThreadLocalHoldCounter done
Event: 20.447 Loading class java/util/concurrent/locks/ReentrantReadWriteLock$ReadLock
Event: 20.447 Loading class java/util/concurrent/locks/ReentrantReadWriteLock$ReadLock done
Event: 20.448 Loading class java/util/concurrent/locks/ReentrantReadWriteLock$WriteLock
Event: 20.448 Loading class java/util/concurrent/locks/ReentrantReadWriteLock$WriteLock done
Event: 20.491 Loading class java/util/concurrent/locks/StampedLock
Event: 20.491 Loading class java/util/concurrent/locks/StampedLock done

Classes unloaded (0 events):
No events

Classes redefined (0 events):
No events

Internal exceptions (20 events):
Event: 19.099 Thread 0x0000018ad8b655e0 Exception <a 'java/lang/NoSuchMethodError'{0x00000000ec592600}: 'java.lang.Object java.lang.invoke.DirectMethodHandle$Holder.newInvokeSpecial(java.lang.Object, java.lang.Object, int, java.lang.Object)'> (0x00000000ec592600) 
thrown [s\open\src\hotspot\share\interpreter\linkResolver.cpp, line 773]
Event: 19.099 Thread 0x0000018ad8b655e0 Exception <a 'java/lang/NoSuchMethodError'{0x00000000ec596c80}: 'java.lang.Object java.lang.invoke.DirectMethodHandle$Holder.invokeSpecial(java.lang.Object, java.lang.Object, java.lang.Object, int, java.lang.Object)'> (0x00000000ec596c80) 
thrown [s\open\src\hotspot\share\interpreter\linkResolver.cpp, line 773]
Event: 19.295 Thread 0x0000018ad8b655e0 Exception <a 'java/lang/NoSuchMethodError'{0x00000000ec380960}: 'void java.lang.invoke.DirectMethodHandle$Holder.invokeInterface(java.lang.Object, java.lang.Object, java.lang.Object, java.lang.Object, java.lang.Object, java.lang.Object, java.lang.Object)'> (0x00000000ec380960) 
thrown [s\open\src\hotspot\share\interpreter\linkResolver.cpp, line 773]
Event: 19.296 Thread 0x0000018ad8b655e0 Exception <a 'java/lang/NoSuchMethodError'{0x00000000ec203898}: 'void java.lang.invoke.DelegatingMethodHandle$Holder.reinvoke_L(java.lang.Object, java.lang.Object, java.lang.Object, java.lang.Object, java.lang.Object, java.lang.Object, java.lang.Object)'> (0x00000000ec203898) 
thrown [s\open\src\hotspot\share\interpreter\linkResolver.cpp, line 773]
Event: 19.421 Thread 0x0000018ad8b655e0 Exception <a 'java/lang/NoSuchMethodError'{0x00000000ec199ff0}: 'java.lang.Object java.lang.invoke.DirectMethodHandle$Holder.invokeSpecial(java.lang.Object, java.lang.Object, java.lang.Object, int, java.lang.Object, java.lang.Object)'> (0x00000000ec199ff0) 
thrown [s\open\src\hotspot\share\interpreter\linkResolver.cpp, line 773]
Event: 19.700 Thread 0x0000018ad8b655e0 Implicit null exception at 0x0000018ab2f39048 to 0x0000018ab2f395a0
Event: 19.700 Thread 0x0000018ad8b655e0 Implicit null exception at 0x0000018ab2ff474c to 0x0000018ab2ff5c20
Event: 19.700 Thread 0x0000018ad8b655e0 Implicit null exception at 0x0000018ab2faefb0 to 0x0000018ab2faf8b8
Event: 19.701 Thread 0x0000018ad8b655e0 Exception <a 'java/lang/NoSuchMethodError'{0x00000000ebc1a7f0}: 'java.lang.reflect.Method[] java.lang.Class.getDeclaredMethods(java.lang.Class)'> (0x00000000ebc1a7f0) 
thrown [s\open\src\hotspot\share\interpreter\linkResolver.cpp, line 773]
Event: 19.867 Thread 0x0000018ad8b655e0 Exception <a 'java/lang/NoSuchMethodError'{0x00000000ebba7b20}: 'void java.lang.invoke.DirectMethodHandle$Holder.invokeStaticInit(java.lang.Object, java.lang.Object, java.lang.Object)'> (0x00000000ebba7b20) 
thrown [s\open\src\hotspot\share\interpreter\linkResolver.cpp, line 773]
Event: 19.868 Thread 0x0000018ad8b655e0 Exception <a 'java/lang/NoSuchMethodError'{0x00000000ebbae898}: 'void java.lang.invoke.DirectMethodHandle$Holder.invokeStaticInit(java.lang.Object, java.lang.Object, java.lang.Object, java.lang.Object)'> (0x00000000ebbae898) 
thrown [s\open\src\hotspot\share\interpreter\linkResolver.cpp, line 773]
Event: 19.874 Thread 0x0000018ad8b655e0 Exception <a 'java/lang/NoSuchMethodError'{0x00000000ebbd0680}: 'void java.lang.invoke.DirectMethodHandle$Holder.invokeStaticInit(java.lang.Object, java.lang.Object, java.lang.Object, java.lang.Object, java.lang.Object)'> (0x00000000ebbd0680) 
thrown [s\open\src\hotspot\share\interpreter\linkResolver.cpp, line 773]
Event: 19.894 Thread 0x0000018ad8b655e0 Exception <a 'java/lang/NoSuchMethodError'{0x00000000eba297a8}: 'int java.lang.invoke.DirectMethodHandle$Holder.invokeStaticInit(java.lang.Object, java.lang.Object, java.lang.Object, java.lang.Object)'> (0x00000000eba297a8) 
thrown [s\open\src\hotspot\share\interpreter\linkResolver.cpp, line 773]
Event: 20.390 Thread 0x0000018ad8b655e0 Exception <a 'java/lang/ClassNotFoundException'{0x00000000eb07c108}: groovy/lang/ExpandoMetaClassBeanInfo> (0x00000000eb07c108) 
thrown [s\open\src\hotspot\share\classfile\systemDictionary.cpp, line 312]
Event: 20.391 Thread 0x0000018ad8b655e0 Exception <a 'java/lang/ClassNotFoundException'{0x00000000eb084250}: groovy/lang/MetaClassImplBeanInfo> (0x00000000eb084250) 
thrown [s\open\src\hotspot\share\classfile\systemDictionary.cpp, line 312]
Event: 20.391 Thread 0x0000018ad8b655e0 Exception <a 'java/lang/ClassNotFoundException'{0x00000000eb0891f8}: java/lang/ObjectBeanInfo> (0x00000000eb0891f8) 
thrown [s\open\src\hotspot\share\classfile\systemDictionary.cpp, line 312]
Event: 20.392 Thread 0x0000018ad8b655e0 Exception <a 'java/lang/ClassNotFoundException'{0x00000000eb08eb88}: java/lang/ObjectCustomizer> (0x00000000eb08eb88) 
thrown [s\open\src\hotspot\share\classfile\systemDictionary.cpp, line 312]
Event: 20.401 Thread 0x0000018ad8b655e0 Exception <a 'java/lang/IncompatibleClassChangeError'{0x00000000eb09eb00}: Found class java.lang.Object, but interface was expected> (0x00000000eb09eb00) 
thrown [s\open\src\hotspot\share\interpreter\linkResolver.cpp, line 840]
Event: 20.413 Thread 0x0000018ad8b655e0 Exception <a 'java/lang/ClassNotFoundException'{0x00000000eb0bac48}: groovy/lang/MetaClassImplCustomizer> (0x00000000eb0bac48) 
thrown [s\open\src\hotspot\share\classfile\systemDictionary.cpp, line 312]
Event: 20.420 Thread 0x0000018ad8b655e0 Exception <a 'java/lang/ClassNotFoundException'{0x00000000eb0e2ac8}: groovy/lang/ExpandoMetaClassCustomizer> (0x00000000eb0e2ac8) 
thrown [s\open\src\hotspot\share\classfile\systemDictionary.cpp, line 312]

ZGC Phase Switch (0 events):
No events

VM Operations (20 events):
Event: 17.995 Executing VM operation: HandshakeAllThreads (Deoptimize)
Event: 17.995 Executing VM operation: HandshakeAllThreads (Deoptimize) done
Event: 17.995 Executing VM operation: Cleanup
Event: 17.995 Executing VM operation: Cleanup done
Event: 18.563 Executing VM operation: HandshakeAllThreads (Deoptimize)
Event: 18.563 Executing VM operation: HandshakeAllThreads (Deoptimize) done
Event: 18.935 Executing VM operation: HandshakeAllThreads (Deoptimize)
Event: 18.935 Executing VM operation: HandshakeAllThreads (Deoptimize) done
Event: 18.976 Executing VM operation: HandshakeAllThreads (Deoptimize)
Event: 18.976 Executing VM operation: HandshakeAllThreads (Deoptimize) done
Event: 18.978 Executing VM operation: HandshakeAllThreads (Deoptimize)
Event: 18.978 Executing VM operation: HandshakeAllThreads (Deoptimize) done
Event: 19.670 Executing VM operation: HandshakeAllThreads (Deoptimize)
Event: 19.670 Executing VM operation: HandshakeAllThreads (Deoptimize) done
Event: 19.670 Executing VM operation: Cleanup
Event: 19.670 Executing VM operation: Cleanup done
Event: 20.186 Executing VM operation: HandshakeAllThreads (Deoptimize)
Event: 20.186 Executing VM operation: HandshakeAllThreads (Deoptimize) done
Event: 20.292 Executing VM operation: HandshakeAllThreads (Deoptimize)
Event: 20.292 Executing VM operation: HandshakeAllThreads (Deoptimize) done

Events (20 events):
Event: 13.114 Thread 0x0000018ad8b655e0 Thread added: 0x0000018ad8b655e0
Event: 13.148 Thread 0x0000018ad9631610 Thread added: 0x0000018ad9631610
Event: 13.160 Thread 0x0000018ad9633d70 Thread added: 0x0000018ad9633d70
Event: 13.167 Thread 0x0000018ad96308f0 Thread added: 0x0000018ad96308f0
Event: 13.873 Thread 0x0000018ad9632330 Thread added: 0x0000018ad9632330
Event: 13.892 Thread 0x0000018ad9630f80 Thread added: 0x0000018ad9630f80
Event: 14.150 Thread 0x0000018ad96336e0 Thread added: 0x0000018ad96336e0
Event: 16.576 Thread 0x0000018ad96329c0 Thread added: 0x0000018ad96329c0
Event: 16.992 Thread 0x0000018adb246ac0 Thread added: 0x0000018adb246ac0
Event: 17.171 Thread 0x0000018ad9633050 Thread added: 0x0000018ad9633050
Event: 17.189 Thread 0x0000018adac7a220 Thread added: 0x0000018adac7a220
Event: 17.253 Thread 0x0000018adb246ac0 Thread exited: 0x0000018adb246ac0
Event: 17.626 Thread 0x0000018adac76da0 Thread added: 0x0000018adac76da0
Event: 17.748 Thread 0x0000018adac7a8b0 Thread added: 0x0000018adac7a8b0
Event: 17.816 Thread 0x0000018adac75360 Thread added: 0x0000018adac75360
Event: 18.022 Thread 0x0000018ad9b12b40 Thread added: 0x0000018ad9b12b40
Event: 18.294 Thread 0x0000018adac7af40 Thread added: 0x0000018adac7af40
Event: 19.104 Thread 0x0000018adac77ac0 Thread added: 0x0000018adac77ac0
Event: 19.268 Thread 0x0000018adac759f0 Thread added: 0x0000018adac759f0
Event: 19.566 Thread 0x0000018ad9b12b40 Thread exited: 0x0000018ad9b12b40


Dynamic libraries:
0x00007ff79a200000 - 0x00007ff79a20e000 	C:\Users\Plamen Kamenov\.jdks\openjdk-21.0.2\bin\java.exe
0x00007ffe041b0000 - 0x00007ffe043a8000 	C:\Windows\SYSTEM32\ntdll.dll
0x00007ffe021e0000 - 0x00007ffe0229d000 	C:\Windows\System32\KERNEL32.DLL
0x00007ffe01eb0000 - 0x00007ffe021a6000 	C:\Windows\System32\KERNELBASE.dll
0x00007ffe01d80000 - 0x00007ffe01e80000 	C:\Windows\System32\ucrtbase.dll
0x00007ffdf1070000 - 0x00007ffdf1088000 	C:\Users\Plamen Kamenov\.jdks\openjdk-21.0.2\bin\jli.dll
0x00007ffe03880000 - 0x00007ffe03a1f000 	C:\Windows\System32\USER32.dll
0x00007ffe021b0000 - 0x00007ffe021d2000 	C:\Windows\System32\win32u.dll
0x00007ffe02350000 - 0x00007ffe0237b000 	C:\Windows\System32\GDI32.dll
0x00007ffe01980000 - 0x00007ffe01a97000 	C:\Windows\System32\gdi32full.dll
0x00007ffe01aa0000 - 0x00007ffe01b3d000 	C:\Windows\System32\msvcp_win.dll
0x00007ffdf09e0000 - 0x00007ffdf09fb000 	C:\Users\Plamen Kamenov\.jdks\openjdk-21.0.2\bin\VCRUNTIME140.dll
0x00007ffdeb810000 - 0x00007ffdebaaa000 	C:\Windows\WinSxS\amd64_microsoft.windows.common-controls_6595b64144ccf1df_6.0.19041.4355_none_60b8b9eb71f62e16\COMCTL32.dll
0x00007ffe03130000 - 0x00007ffe031ce000 	C:\Windows\System32\msvcrt.dll
0x00007ffe03070000 - 0x00007ffe030a2000 	C:\Windows\System32\IMM32.DLL
0x00007ffdf7e80000 - 0x00007ffdf7e8c000 	C:\Users\Plamen Kamenov\.jdks\openjdk-21.0.2\bin\vcruntime140_1.dll
0x00007ffdc4310000 - 0x00007ffdc439e000 	C:\Users\Plamen Kamenov\.jdks\openjdk-21.0.2\bin\msvcp140.dll
0x00007ffda23a0000 - 0x00007ffda30b7000 	C:\Users\Plamen Kamenov\.jdks\openjdk-21.0.2\bin\server\jvm.dll
0x00007ffe022a0000 - 0x00007ffe02350000 	C:\Windows\System32\ADVAPI32.dll
0x00007ffe03a20000 - 0x00007ffe03ac0000 	C:\Windows\System32\sechost.dll
0x00007ffe03e20000 - 0x00007ffe03f43000 	C:\Windows\System32\RPCRT4.dll
0x00007ffe01e80000 - 0x00007ffe01ea7000 	C:\Windows\System32\bcrypt.dll
0x00007ffe02890000 - 0x00007ffe028fb000 	C:\Windows\System32\WS2_32.dll
0x00007ffe01590000 - 0x00007ffe015db000 	C:\Windows\SYSTEM32\POWRPROF.dll
0x00007ffde5200000 - 0x00007ffde5227000 	C:\Windows\SYSTEM32\WINMM.dll
0x00007ffdf9310000 - 0x00007ffdf931a000 	C:\Windows\SYSTEM32\VERSION.dll
0x00007ffe013c0000 - 0x00007ffe013d2000 	C:\Windows\SYSTEM32\UMPDC.dll
0x00007ffdff680000 - 0x00007ffdff692000 	C:\Windows\SYSTEM32\kernel.appcore.dll
0x00007ffdf7470000 - 0x00007ffdf747a000 	C:\Users\Plamen Kamenov\.jdks\openjdk-21.0.2\bin\jimage.dll
0x00007ffdf95a0000 - 0x00007ffdf9784000 	C:\Windows\SYSTEM32\DBGHELP.DLL
0x00007ffdf9270000 - 0x00007ffdf92a4000 	C:\Windows\SYSTEM32\dbgcore.DLL
0x00007ffe01cf0000 - 0x00007ffe01d72000 	C:\Windows\System32\bcryptPrimitives.dll
0x00007ffdd10f0000 - 0x00007ffdd10ff000 	C:\Users\Plamen Kamenov\.jdks\openjdk-21.0.2\bin\instrument.dll
0x00007ffdd92e0000 - 0x00007ffdd92ff000 	C:\Users\Plamen Kamenov\.jdks\openjdk-21.0.2\bin\java.dll
0x00007ffe02900000 - 0x00007ffe0306b000 	C:\Windows\System32\SHELL32.dll
0x00007ffdff8a0000 - 0x00007ffe0003d000 	C:\Windows\SYSTEM32\windows.storage.dll
0x00007ffe03ac0000 - 0x00007ffe03e13000 	C:\Windows\System32\combase.dll
0x00007ffe010d0000 - 0x00007ffe010fe000 	C:\Windows\SYSTEM32\Wldp.dll
0x00007ffe02380000 - 0x00007ffe0244d000 	C:\Windows\System32\OLEAUT32.dll
0x00007ffe037d0000 - 0x00007ffe0387d000 	C:\Windows\System32\SHCORE.dll
0x00007ffe03f50000 - 0x00007ffe03fa5000 	C:\Windows\System32\shlwapi.dll
0x00007ffe01790000 - 0x00007ffe017b4000 	C:\Windows\SYSTEM32\profapi.dll
0x00007ffdb1550000 - 0x00007ffdb1627000 	C:\Users\Plamen Kamenov\.jdks\openjdk-21.0.2\bin\jsvml.dll
0x00007ffdd87c0000 - 0x00007ffdd87d8000 	C:\Users\Plamen Kamenov\.jdks\openjdk-21.0.2\bin\zip.dll
0x00007ffdf7410000 - 0x00007ffdf7420000 	C:\Users\Plamen Kamenov\.jdks\openjdk-21.0.2\bin\net.dll
0x00007ffdfe170000 - 0x00007ffdfe27a000 	C:\Windows\SYSTEM32\WINHTTP.dll
0x00007ffe00eb0000 - 0x00007ffe00f1a000 	C:\Windows\system32\mswsock.dll
0x00007ffdeb7c0000 - 0x00007ffdeb7d6000 	C:\Users\Plamen Kamenov\.jdks\openjdk-21.0.2\bin\nio.dll
0x00007ffdd8570000 - 0x00007ffdd8580000 	C:\Users\Plamen Kamenov\.jdks\openjdk-21.0.2\bin\verify.dll
0x00007ffdcf040000 - 0x00007ffdcf067000 	C:\Users\Plamen Kamenov\.gradle\native\c067742578af261105cb4f569cf0c3c89f3d7b1fecec35dd04571415982c5e48\windows-amd64\native-platform.dll
0x00007ffda8e10000 - 0x00007ffda8f54000 	C:\Users\Plamen Kamenov\.gradle\native\38dada09dfb8b06ba9b0570ebf7e218e3eb74d4ef43ca46872605cf95ebc2f47\windows-amd64\native-platform-file-events.dll
0x00007ffdd0500000 - 0x00007ffdd050a000 	C:\Users\Plamen Kamenov\.jdks\openjdk-21.0.2\bin\management.dll
0x00007ffdd04f0000 - 0x00007ffdd04fb000 	C:\Users\Plamen Kamenov\.jdks\openjdk-21.0.2\bin\management_ext.dll
0x00007ffe040e0000 - 0x00007ffe040e8000 	C:\Windows\System32\PSAPI.DLL
0x00007ffe01110000 - 0x00007ffe01128000 	C:\Windows\SYSTEM32\CRYPTSP.dll
0x00007ffe007f0000 - 0x00007ffe00824000 	C:\Windows\system32\rsaenh.dll
0x00007ffe01700000 - 0x00007ffe0172e000 	C:\Windows\SYSTEM32\USERENV.dll
0x00007ffe01040000 - 0x00007ffe0104c000 	C:\Windows\SYSTEM32\CRYPTBASE.dll
0x00007ffe00bb0000 - 0x00007ffe00beb000 	C:\Windows\SYSTEM32\IPHLPAPI.DLL
0x00007ffe02450000 - 0x00007ffe02458000 	C:\Windows\System32\NSI.dll
0x00007ffdf73c0000 - 0x00007ffdf73c9000 	C:\Users\Plamen Kamenov\.jdks\openjdk-21.0.2\bin\extnet.dll
0x00007ffdcf2b0000 - 0x00007ffdcf2be000 	C:\Users\Plamen Kamenov\.jdks\openjdk-21.0.2\bin\sunmscapi.dll
0x00007ffe01b40000 - 0x00007ffe01c9e000 	C:\Windows\System32\CRYPT32.dll
0x00007ffe01280000 - 0x00007ffe012a9000 	C:\Windows\SYSTEM32\ncrypt.dll
0x00007ffe01240000 - 0x00007ffe0127b000 	C:\Windows\SYSTEM32\NTASN1.dll
0x00007ffd52df0000 - 0x00007ffd52df7000 	C:\Windows\system32\wshunix.dll

dbghelp: loaded successfully - version: 4.0.5 - missing functions: none
symbol engine: initialized successfully - sym options: 0x614 - pdb path: .;C:\Users\Plamen Kamenov\.jdks\openjdk-21.0.2\bin;C:\Windows\SYSTEM32;C:\Windows\WinSxS\amd64_microsoft.windows.common-controls_6595b64144ccf1df_6.0.19041.4355_none_60b8b9eb71f62e16;C:\Users\Plamen Kamenov\.jdks\openjdk-21.0.2\bin\server;C:\Users\Plamen Kamenov\.gradle\native\c067742578af261105cb4f569cf0c3c89f3d7b1fecec35dd04571415982c5e48\windows-amd64;C:\Users\Plamen Kamenov\.gradle\native\38dada09dfb8b06ba9b0570ebf7e218e3eb74d4ef43ca46872605cf95ebc2f47\windows-amd64

VM Arguments:
jvm_args: --add-opens=java.base/java.util=ALL-UNNAMED --add-opens=java.base/java.lang=ALL-UNNAMED --add-opens=java.base/java.lang.invoke=ALL-UNNAMED --add-opens=java.prefs/java.util.prefs=ALL-UNNAMED --add-opens=java.base/java.nio.charset=ALL-UNNAMED --add-opens=java.base/java.net=ALL-UNNAMED --add-opens=java.base/java.util.concurrent.atomic=ALL-UNNAMED -XX:MaxMetaspaceSize=384m -XX:+HeapDumpOnOutOfMemoryError -Xms256m -Xmx512m -Dfile.encoding=windows-1251 -Duser.country=US -Duser.language=en -Duser.variant -javaagent:C:\Users\Plamen Kamenov\.gradle\wrapper\dists\gradle-8.7-bin\bhs2wmbdwecv87pi65oeuq5iu\gradle-8.7\lib\agents\gradle-instrumentation-agent-8.7.jar 
java_command: org.gradle.launcher.daemon.bootstrap.GradleDaemon 8.7
java_class_path (initial): C:\Users\Plamen Kamenov\.gradle\wrapper\dists\gradle-8.7-bin\bhs2wmbdwecv87pi65oeuq5iu\gradle-8.7\lib\gradle-launcher-8.7.jar
Launcher Type: SUN_STANDARD

[Global flags]
     intx CICompilerCount                          = 4                                         {product} {ergonomic}
   size_t CompressedClassSpaceSize                 = 335544320                                 {product} {ergonomic}
     uint ConcGCThreads                            = 2                                         {product} {ergonomic}
     uint G1ConcRefinementThreads                  = 8                                         {product} {ergonomic}
   size_t G1HeapRegionSize                         = 1048576                                   {product} {ergonomic}
    uintx GCDrainStackTargetSize                   = 64                                        {product} {ergonomic}
     bool HeapDumpOnOutOfMemoryError               = true                                   {manageable} {command line}
   size_t InitialHeapSize                          = 268435456                                 {product} {command line}
   size_t MarkStackSize                            = 4194304                                   {product} {ergonomic}
   size_t MaxHeapSize                              = 536870912                                 {product} {command line}
   size_t MaxMetaspaceSize                         = 402653184                                 {product} {command line}
   size_t MaxNewSize                               = 321912832                                 {product} {ergonomic}
   size_t MinHeapDeltaBytes                        = 1048576                                   {product} {ergonomic}
   size_t MinHeapSize                              = 268435456                                 {product} {command line}
    uintx NonNMethodCodeHeapSize                   = 5839372                                {pd product} {ergonomic}
    uintx NonProfiledCodeHeapSize                  = 122909434                              {pd product} {ergonomic}
    uintx ProfiledCodeHeapSize                     = 122909434                              {pd product} {ergonomic}
    uintx ReservedCodeCacheSize                    = 251658240                              {pd product} {ergonomic}
     bool SegmentedCodeCache                       = true                                      {product} {ergonomic}
   size_t SoftMaxHeapSize                          = 536870912                              {manageable} {ergonomic}
     bool UseCompressedOops                        = true                           {product lp64_product} {ergonomic}
     bool UseG1GC                                  = true                                      {product} {ergonomic}
     bool UseLargePagesIndividualAllocation        = false                                  {pd product} {ergonomic}

Logging:
Log output configuration:
 #0: stdout all=warning uptime,level,tags foldmultilines=false
 #1: stderr all=off uptime,level,tags foldmultilines=false

Environment Variables:
PATH=C:\Python312\Scripts\;C:\Python312\;C:\Windows\system32;C:\Windows;C:\Windows\System32\Wbem;C:\Windows\System32\WindowsPowerShell\v1.0\;C:\Windows\System32\OpenSSH\;C:\Program Files\nodejs\;C:\ProgramData\chocolatey\bin;C:\Program Files\Git\cmd;C:\Program Files\dotnet\;C:\Program Files\Microsoft SQL Server\Client SDK\ODBC\170\Tools\Binn\;C:\Program Files (x86)\Microsoft SQL Server\150\Tools\Binn\;C:\Program Files\Microsoft SQL Server\150\Tools\Binn\;C:\Program Files\Microsoft SQL Server\150\DTS\Binn\;C:\Program Files\MySQL\MySQL Shell 8.0\bin\;C:\Users\Plamen Kamenov\AppData\Local\Microsoft\WindowsApps;C:\Users\Plamen Kamenov\AppData\Roaming\npm;C:\Users\Plamen Kamenov\AppData\Local\Programs\Microsoft VS Code\bin
USERNAME=Plamen Kamenov
OS=Windows_NT
PROCESSOR_IDENTIFIER=Intel64 Family 6 Model 142 Stepping 12, GenuineIntel
TMP=C:\Users\PLAMEN~1\AppData\Local\Temp
TEMP=C:\Users\PLAMEN~1\AppData\Local\Temp




Periodic native trim disabled

---------------  S Y S T E M  ---------------

OS:
 Windows 10 , 64 bit Build 19041 (10.0.19041.3636)
OS uptime: 5 days 4:31 hours
Hyper-V role detected

CPU: total 8 (initial active 8) (4 cores per cpu, 2 threads per core) family 6 model 142 stepping 12 microcode 0xf8, cx8, cmov, fxsr, ht, mmx, 3dnowpref, sse, sse2, sse3, ssse3, sse4.1, sse4.2, popcnt, lzcnt, tsc, tscinvbit, avx, avx2, aes, erms, clmul, bmi1, bmi2, adx, fma, vzeroupper, clflush, clflushopt, hv, rdtscp, f16c
Processor Information for all 8 processors :
  Max Mhz: 2112, Current Mhz: 1910, Mhz Limit: 1900

Memory: 4k page, system-wide physical 8006M (306M free)
TotalPageFile size 30505M (AvailPageFile size 62M)
current process WorkingSet (physical memory assigned to process): 263M, peak: 272M
current process commit charge ("private bytes"): 449M, peak: 449M

vm_info: OpenJDK 64-Bit Server VM (21.0.2+13-58) for windows-amd64 JRE (21.0.2+13-58), built on 2024-01-05T18:32:24Z by "mach5one" with MS VC++ 17.1 (VS2022)

END.
